{"C:\\Users\\marti\\bootcamp\\collab\\skylab-bootcamp-201901\\staff\\marti-malek\\web-app\\src\\logic\\index.spec.js":{"path":"C:\\Users\\marti\\bootcamp\\collab\\skylab-bootcamp-201901\\staff\\marti-malek\\web-app\\src\\logic\\index.spec.js","statementMap":{"0":{"start":{"line":1,"column":19},"end":{"line":1,"column":34}},"1":{"start":{"line":2,"column":14},"end":{"line":2,"column":26}},"2":{"start":{"line":5,"column":0},"end":{"line":254,"column":2}},"3":{"start":{"line":6,"column":4},"end":{"line":173,"column":6}},"4":{"start":{"line":7,"column":21},"end":{"line":7,"column":29}},"5":{"start":{"line":8,"column":24},"end":{"line":8,"column":31}},"6":{"start":{"line":9,"column":22},"end":{"line":9,"column":61}},"7":{"start":{"line":10,"column":25},"end":{"line":10,"column":30}},"8":{"start":{"line":11,"column":32},"end":{"line":11,"column":40}},"9":{"start":{"line":13,"column":8},"end":{"line":16,"column":9}},"10":{"start":{"line":14,"column":12},"end":{"line":15,"column":60}},"11":{"start":{"line":15,"column":32},"end":{"line":15,"column":59}},"12":{"start":{"line":18,"column":8},"end":{"line":27,"column":10}},"13":{"start":{"line":19,"column":25},"end":{"line":19,"column":34}},"14":{"start":{"line":20,"column":28},"end":{"line":20,"column":35}},"15":{"start":{"line":21,"column":26},"end":{"line":21,"column":48}},"16":{"start":{"line":22,"column":29},"end":{"line":22,"column":34}},"17":{"start":{"line":24,"column":12},"end":{"line":26,"column":61}},"18":{"start":{"line":25,"column":16},"end":{"line":25,"column":76}},"19":{"start":{"line":29,"column":8},"end":{"line":38,"column":10}},"20":{"start":{"line":30,"column":25},"end":{"line":30,"column":27}},"21":{"start":{"line":31,"column":28},"end":{"line":31,"column":35}},"22":{"start":{"line":32,"column":26},"end":{"line":32,"column":48}},"23":{"start":{"line":33,"column":29},"end":{"line":33,"column":34}},"24":{"start":{"line":35,"column":12},"end":{"line":37,"column":61}},"25":{"start":{"line":36,"column":16},"end":{"line":36,"column":76}},"26":{"start":{"line":41,"column":8},"end":{"line":50,"column":10}},"27":{"start":{"line":42,"column":25},"end":{"line":42,"column":29}},"28":{"start":{"line":43,"column":28},"end":{"line":43,"column":35}},"29":{"start":{"line":44,"column":26},"end":{"line":44,"column":48}},"30":{"start":{"line":45,"column":29},"end":{"line":45,"column":34}},"31":{"start":{"line":47,"column":12},"end":{"line":49,"column":61}},"32":{"start":{"line":48,"column":16},"end":{"line":48,"column":76}},"33":{"start":{"line":52,"column":8},"end":{"line":61,"column":10}},"34":{"start":{"line":53,"column":25},"end":{"line":53,"column":27}},"35":{"start":{"line":54,"column":28},"end":{"line":54,"column":35}},"36":{"start":{"line":55,"column":26},"end":{"line":55,"column":48}},"37":{"start":{"line":56,"column":29},"end":{"line":56,"column":34}},"38":{"start":{"line":58,"column":12},"end":{"line":60,"column":61}},"39":{"start":{"line":59,"column":16},"end":{"line":59,"column":76}},"40":{"start":{"line":63,"column":8},"end":{"line":72,"column":10}},"41":{"start":{"line":64,"column":25},"end":{"line":64,"column":27}},"42":{"start":{"line":65,"column":28},"end":{"line":65,"column":35}},"43":{"start":{"line":66,"column":26},"end":{"line":66,"column":48}},"44":{"start":{"line":67,"column":29},"end":{"line":67,"column":34}},"45":{"start":{"line":69,"column":12},"end":{"line":71,"column":61}},"46":{"start":{"line":70,"column":16},"end":{"line":70,"column":76}},"47":{"start":{"line":74,"column":8},"end":{"line":83,"column":10}},"48":{"start":{"line":75,"column":25},"end":{"line":75,"column":27}},"49":{"start":{"line":76,"column":28},"end":{"line":76,"column":35}},"50":{"start":{"line":77,"column":26},"end":{"line":77,"column":48}},"51":{"start":{"line":78,"column":29},"end":{"line":78,"column":34}},"52":{"start":{"line":80,"column":12},"end":{"line":82,"column":53}},"53":{"start":{"line":81,"column":16},"end":{"line":81,"column":76}},"54":{"start":{"line":85,"column":8},"end":{"line":94,"column":10}},"55":{"start":{"line":86,"column":25},"end":{"line":86,"column":33}},"56":{"start":{"line":87,"column":28},"end":{"line":87,"column":37}},"57":{"start":{"line":88,"column":26},"end":{"line":88,"column":48}},"58":{"start":{"line":89,"column":29},"end":{"line":89,"column":34}},"59":{"start":{"line":91,"column":12},"end":{"line":93,"column":64}},"60":{"start":{"line":92,"column":16},"end":{"line":92,"column":76}},"61":{"start":{"line":96,"column":8},"end":{"line":105,"column":10}},"62":{"start":{"line":97,"column":25},"end":{"line":97,"column":33}},"63":{"start":{"line":98,"column":28},"end":{"line":98,"column":30}},"64":{"start":{"line":99,"column":26},"end":{"line":99,"column":48}},"65":{"start":{"line":100,"column":29},"end":{"line":100,"column":34}},"66":{"start":{"line":102,"column":12},"end":{"line":104,"column":64}},"67":{"start":{"line":103,"column":16},"end":{"line":103,"column":76}},"68":{"start":{"line":108,"column":8},"end":{"line":117,"column":10}},"69":{"start":{"line":109,"column":25},"end":{"line":109,"column":33}},"70":{"start":{"line":110,"column":28},"end":{"line":110,"column":33}},"71":{"start":{"line":111,"column":26},"end":{"line":111,"column":48}},"72":{"start":{"line":112,"column":29},"end":{"line":112,"column":34}},"73":{"start":{"line":114,"column":12},"end":{"line":116,"column":64}},"74":{"start":{"line":115,"column":16},"end":{"line":115,"column":76}},"75":{"start":{"line":119,"column":8},"end":{"line":128,"column":10}},"76":{"start":{"line":120,"column":25},"end":{"line":120,"column":33}},"77":{"start":{"line":121,"column":28},"end":{"line":121,"column":30}},"78":{"start":{"line":122,"column":26},"end":{"line":122,"column":48}},"79":{"start":{"line":123,"column":29},"end":{"line":123,"column":34}},"80":{"start":{"line":125,"column":12},"end":{"line":127,"column":64}},"81":{"start":{"line":126,"column":16},"end":{"line":126,"column":76}},"82":{"start":{"line":130,"column":8},"end":{"line":139,"column":10}},"83":{"start":{"line":131,"column":25},"end":{"line":131,"column":33}},"84":{"start":{"line":132,"column":28},"end":{"line":132,"column":30}},"85":{"start":{"line":133,"column":26},"end":{"line":133,"column":48}},"86":{"start":{"line":134,"column":29},"end":{"line":134,"column":34}},"87":{"start":{"line":136,"column":12},"end":{"line":138,"column":64}},"88":{"start":{"line":137,"column":16},"end":{"line":137,"column":76}},"89":{"start":{"line":141,"column":8},"end":{"line":150,"column":10}},"90":{"start":{"line":142,"column":25},"end":{"line":142,"column":33}},"91":{"start":{"line":143,"column":28},"end":{"line":143,"column":30}},"92":{"start":{"line":144,"column":26},"end":{"line":144,"column":48}},"93":{"start":{"line":145,"column":29},"end":{"line":145,"column":34}},"94":{"start":{"line":147,"column":12},"end":{"line":149,"column":56}},"95":{"start":{"line":148,"column":16},"end":{"line":148,"column":76}},"96":{"start":{"line":151,"column":8},"end":{"line":161,"column":10}},"97":{"start":{"line":152,"column":25},"end":{"line":152,"column":33}},"98":{"start":{"line":153,"column":28},"end":{"line":153,"column":35}},"99":{"start":{"line":154,"column":26},"end":{"line":154,"column":48}},"100":{"start":{"line":155,"column":29},"end":{"line":155,"column":34}},"101":{"start":{"line":156,"column":36},"end":{"line":156,"column":42}},"102":{"start":{"line":158,"column":12},"end":{"line":160,"column":56}},"103":{"start":{"line":159,"column":16},"end":{"line":159,"column":83}},"104":{"start":{"line":162,"column":8},"end":{"line":172,"column":10}},"105":{"start":{"line":163,"column":25},"end":{"line":163,"column":33}},"106":{"start":{"line":164,"column":28},"end":{"line":164,"column":35}},"107":{"start":{"line":165,"column":26},"end":{"line":165,"column":48}},"108":{"start":{"line":166,"column":29},"end":{"line":166,"column":34}},"109":{"start":{"line":167,"column":36},"end":{"line":167,"column":38}},"110":{"start":{"line":169,"column":12},"end":{"line":171,"column":71}},"111":{"start":{"line":170,"column":16},"end":{"line":170,"column":83}},"112":{"start":{"line":175,"column":4},"end":{"line":193,"column":6}},"113":{"start":{"line":176,"column":21},"end":{"line":176,"column":29}},"114":{"start":{"line":177,"column":24},"end":{"line":177,"column":31}},"115":{"start":{"line":178,"column":22},"end":{"line":178,"column":61}},"116":{"start":{"line":179,"column":25},"end":{"line":179,"column":30}},"117":{"start":{"line":180,"column":32},"end":{"line":180,"column":40}},"118":{"start":{"line":182,"column":8},"end":{"line":184,"column":9}},"119":{"start":{"line":183,"column":12},"end":{"line":183,"column":79}},"120":{"start":{"line":186,"column":8},"end":{"line":192,"column":9}},"121":{"start":{"line":187,"column":12},"end":{"line":191,"column":18}},"122":{"start":{"line":189,"column":20},"end":{"line":189,"column":53}},"123":{"start":{"line":190,"column":20},"end":{"line":190,"column":59}},"124":{"start":{"line":195,"column":4},"end":{"line":210,"column":6}},"125":{"start":{"line":196,"column":21},"end":{"line":196,"column":29}},"126":{"start":{"line":197,"column":24},"end":{"line":197,"column":31}},"127":{"start":{"line":198,"column":22},"end":{"line":198,"column":61}},"128":{"start":{"line":199,"column":25},"end":{"line":199,"column":30}},"129":{"start":{"line":200,"column":32},"end":{"line":200,"column":40}},"130":{"start":{"line":202,"column":8},"end":{"line":204,"column":9}},"131":{"start":{"line":203,"column":12},"end":{"line":203,"column":79}},"132":{"start":{"line":206,"column":8},"end":{"line":209,"column":9}},"133":{"start":{"line":207,"column":12},"end":{"line":208,"column":68}},"134":{"start":{"line":208,"column":28},"end":{"line":208,"column":67}},"135":{"start":{"line":212,"column":4},"end":{"line":230,"column":6}},"136":{"start":{"line":213,"column":21},"end":{"line":213,"column":29}},"137":{"start":{"line":214,"column":24},"end":{"line":214,"column":31}},"138":{"start":{"line":215,"column":22},"end":{"line":215,"column":61}},"139":{"start":{"line":216,"column":25},"end":{"line":216,"column":30}},"140":{"start":{"line":217,"column":32},"end":{"line":217,"column":40}},"141":{"start":{"line":219,"column":8},"end":{"line":222,"column":9}},"142":{"start":{"line":220,"column":12},"end":{"line":221,"column":61}},"143":{"start":{"line":221,"column":28},"end":{"line":221,"column":60}},"144":{"start":{"line":224,"column":8},"end":{"line":229,"column":10}},"145":{"start":{"line":225,"column":12},"end":{"line":225,"column":30}},"146":{"start":{"line":227,"column":12},"end":{"line":227,"column":47}},"147":{"start":{"line":228,"column":12},"end":{"line":228,"column":47}},"148":{"start":{"line":232,"column":4},"end":{"line":253,"column":6}},"149":{"start":{"line":233,"column":21},"end":{"line":233,"column":29}},"150":{"start":{"line":234,"column":24},"end":{"line":234,"column":31}},"151":{"start":{"line":235,"column":22},"end":{"line":235,"column":61}},"152":{"start":{"line":236,"column":25},"end":{"line":236,"column":30}},"153":{"start":{"line":237,"column":32},"end":{"line":237,"column":40}},"154":{"start":{"line":239,"column":8},"end":{"line":242,"column":9}},"155":{"start":{"line":240,"column":12},"end":{"line":241,"column":61}},"156":{"start":{"line":241,"column":28},"end":{"line":241,"column":60}},"157":{"start":{"line":244,"column":8},"end":{"line":252,"column":9}},"158":{"start":{"line":245,"column":12},"end":{"line":251,"column":18}},"159":{"start":{"line":247,"column":20},"end":{"line":247,"column":62}},"160":{"start":{"line":248,"column":20},"end":{"line":248,"column":52}},"161":{"start":{"line":249,"column":20},"end":{"line":249,"column":58}},"162":{"start":{"line":250,"column":20},"end":{"line":250,"column":54}}},"fnMap":{"0":{"name":"(anonymous_0)","decl":{"start":{"line":5,"column":18},"end":{"line":5,"column":19}},"loc":{"start":{"line":5,"column":24},"end":{"line":254,"column":1}},"line":5},"1":{"name":"(anonymous_1)","decl":{"start":{"line":6,"column":30},"end":{"line":6,"column":31}},"loc":{"start":{"line":6,"column":36},"end":{"line":173,"column":5}},"line":6},"2":{"name":"(anonymous_2)","decl":{"start":{"line":13,"column":43},"end":{"line":13,"column":44}},"loc":{"start":{"line":14,"column":12},"end":{"line":15,"column":60}},"line":14},"3":{"name":"(anonymous_3)","decl":{"start":{"line":15,"column":22},"end":{"line":15,"column":23}},"loc":{"start":{"line":15,"column":32},"end":{"line":15,"column":59}},"line":15},"4":{"name":"(anonymous_4)","decl":{"start":{"line":18,"column":44},"end":{"line":18,"column":45}},"loc":{"start":{"line":18,"column":50},"end":{"line":27,"column":9}},"line":18},"5":{"name":"(anonymous_5)","decl":{"start":{"line":24,"column":19},"end":{"line":24,"column":20}},"loc":{"start":{"line":24,"column":25},"end":{"line":26,"column":13}},"line":24},"6":{"name":"(anonymous_6)","decl":{"start":{"line":29,"column":42},"end":{"line":29,"column":43}},"loc":{"start":{"line":29,"column":48},"end":{"line":38,"column":9}},"line":29},"7":{"name":"(anonymous_7)","decl":{"start":{"line":35,"column":19},"end":{"line":35,"column":20}},"loc":{"start":{"line":35,"column":25},"end":{"line":37,"column":13}},"line":35},"8":{"name":"(anonymous_8)","decl":{"start":{"line":41,"column":42},"end":{"line":41,"column":43}},"loc":{"start":{"line":41,"column":48},"end":{"line":50,"column":9}},"line":41},"9":{"name":"(anonymous_9)","decl":{"start":{"line":47,"column":19},"end":{"line":47,"column":20}},"loc":{"start":{"line":47,"column":25},"end":{"line":49,"column":13}},"line":47},"10":{"name":"(anonymous_10)","decl":{"start":{"line":52,"column":41},"end":{"line":52,"column":42}},"loc":{"start":{"line":52,"column":47},"end":{"line":61,"column":9}},"line":52},"11":{"name":"(anonymous_11)","decl":{"start":{"line":58,"column":19},"end":{"line":58,"column":20}},"loc":{"start":{"line":58,"column":25},"end":{"line":60,"column":13}},"line":58},"12":{"name":"(anonymous_12)","decl":{"start":{"line":63,"column":40},"end":{"line":63,"column":41}},"loc":{"start":{"line":63,"column":46},"end":{"line":72,"column":9}},"line":63},"13":{"name":"(anonymous_13)","decl":{"start":{"line":69,"column":19},"end":{"line":69,"column":20}},"loc":{"start":{"line":69,"column":25},"end":{"line":71,"column":13}},"line":69},"14":{"name":"(anonymous_14)","decl":{"start":{"line":74,"column":40},"end":{"line":74,"column":41}},"loc":{"start":{"line":74,"column":46},"end":{"line":83,"column":9}},"line":74},"15":{"name":"(anonymous_15)","decl":{"start":{"line":80,"column":19},"end":{"line":80,"column":20}},"loc":{"start":{"line":80,"column":25},"end":{"line":82,"column":13}},"line":80},"16":{"name":"(anonymous_16)","decl":{"start":{"line":85,"column":47},"end":{"line":85,"column":48}},"loc":{"start":{"line":85,"column":53},"end":{"line":94,"column":9}},"line":85},"17":{"name":"(anonymous_17)","decl":{"start":{"line":91,"column":19},"end":{"line":91,"column":20}},"loc":{"start":{"line":91,"column":25},"end":{"line":93,"column":13}},"line":91},"18":{"name":"(anonymous_18)","decl":{"start":{"line":96,"column":45},"end":{"line":96,"column":46}},"loc":{"start":{"line":96,"column":51},"end":{"line":105,"column":9}},"line":96},"19":{"name":"(anonymous_19)","decl":{"start":{"line":102,"column":19},"end":{"line":102,"column":20}},"loc":{"start":{"line":102,"column":25},"end":{"line":104,"column":13}},"line":102},"20":{"name":"(anonymous_20)","decl":{"start":{"line":108,"column":45},"end":{"line":108,"column":46}},"loc":{"start":{"line":108,"column":51},"end":{"line":117,"column":9}},"line":108},"21":{"name":"(anonymous_21)","decl":{"start":{"line":114,"column":19},"end":{"line":114,"column":20}},"loc":{"start":{"line":114,"column":25},"end":{"line":116,"column":13}},"line":114},"22":{"name":"(anonymous_22)","decl":{"start":{"line":119,"column":44},"end":{"line":119,"column":45}},"loc":{"start":{"line":119,"column":50},"end":{"line":128,"column":9}},"line":119},"23":{"name":"(anonymous_23)","decl":{"start":{"line":125,"column":19},"end":{"line":125,"column":20}},"loc":{"start":{"line":125,"column":25},"end":{"line":127,"column":13}},"line":125},"24":{"name":"(anonymous_24)","decl":{"start":{"line":130,"column":43},"end":{"line":130,"column":44}},"loc":{"start":{"line":130,"column":49},"end":{"line":139,"column":9}},"line":130},"25":{"name":"(anonymous_25)","decl":{"start":{"line":136,"column":19},"end":{"line":136,"column":20}},"loc":{"start":{"line":136,"column":25},"end":{"line":138,"column":13}},"line":136},"26":{"name":"(anonymous_26)","decl":{"start":{"line":141,"column":43},"end":{"line":141,"column":44}},"loc":{"start":{"line":141,"column":49},"end":{"line":150,"column":9}},"line":141},"27":{"name":"(anonymous_27)","decl":{"start":{"line":147,"column":19},"end":{"line":147,"column":20}},"loc":{"start":{"line":147,"column":25},"end":{"line":149,"column":13}},"line":147},"28":{"name":"(anonymous_28)","decl":{"start":{"line":151,"column":52},"end":{"line":151,"column":53}},"loc":{"start":{"line":151,"column":58},"end":{"line":161,"column":9}},"line":151},"29":{"name":"(anonymous_29)","decl":{"start":{"line":158,"column":19},"end":{"line":158,"column":20}},"loc":{"start":{"line":158,"column":25},"end":{"line":160,"column":13}},"line":158},"30":{"name":"(anonymous_30)","decl":{"start":{"line":162,"column":52},"end":{"line":162,"column":53}},"loc":{"start":{"line":162,"column":58},"end":{"line":172,"column":9}},"line":162},"31":{"name":"(anonymous_31)","decl":{"start":{"line":169,"column":19},"end":{"line":169,"column":20}},"loc":{"start":{"line":169,"column":25},"end":{"line":171,"column":13}},"line":169},"32":{"name":"(anonymous_32)","decl":{"start":{"line":175,"column":28},"end":{"line":175,"column":29}},"loc":{"start":{"line":175,"column":34},"end":{"line":193,"column":5}},"line":175},"33":{"name":"(anonymous_33)","decl":{"start":{"line":182,"column":19},"end":{"line":182,"column":20}},"loc":{"start":{"line":183,"column":12},"end":{"line":183,"column":79}},"line":183},"34":{"name":"(anonymous_34)","decl":{"start":{"line":186,"column":52},"end":{"line":186,"column":53}},"loc":{"start":{"line":187,"column":12},"end":{"line":191,"column":18}},"line":187},"35":{"name":"(anonymous_35)","decl":{"start":{"line":188,"column":22},"end":{"line":188,"column":23}},"loc":{"start":{"line":188,"column":28},"end":{"line":191,"column":17}},"line":188},"36":{"name":"(anonymous_36)","decl":{"start":{"line":195,"column":40},"end":{"line":195,"column":41}},"loc":{"start":{"line":195,"column":46},"end":{"line":210,"column":5}},"line":195},"37":{"name":"(anonymous_37)","decl":{"start":{"line":202,"column":19},"end":{"line":202,"column":20}},"loc":{"start":{"line":203,"column":12},"end":{"line":203,"column":79}},"line":203},"38":{"name":"(anonymous_38)","decl":{"start":{"line":206,"column":52},"end":{"line":206,"column":53}},"loc":{"start":{"line":207,"column":12},"end":{"line":208,"column":68}},"line":207},"39":{"name":"(anonymous_39)","decl":{"start":{"line":208,"column":22},"end":{"line":208,"column":23}},"loc":{"start":{"line":208,"column":28},"end":{"line":208,"column":67}},"line":208},"40":{"name":"(anonymous_40)","decl":{"start":{"line":212,"column":29},"end":{"line":212,"column":30}},"loc":{"start":{"line":212,"column":35},"end":{"line":230,"column":5}},"line":212},"41":{"name":"(anonymous_41)","decl":{"start":{"line":219,"column":19},"end":{"line":219,"column":20}},"loc":{"start":{"line":220,"column":12},"end":{"line":221,"column":61}},"line":220},"42":{"name":"(anonymous_42)","decl":{"start":{"line":221,"column":22},"end":{"line":221,"column":23}},"loc":{"start":{"line":221,"column":28},"end":{"line":221,"column":60}},"line":221},"43":{"name":"(anonymous_43)","decl":{"start":{"line":224,"column":52},"end":{"line":224,"column":53}},"loc":{"start":{"line":224,"column":58},"end":{"line":229,"column":9}},"line":224},"44":{"name":"(anonymous_44)","decl":{"start":{"line":232,"column":30},"end":{"line":232,"column":31}},"loc":{"start":{"line":232,"column":36},"end":{"line":253,"column":5}},"line":232},"45":{"name":"(anonymous_45)","decl":{"start":{"line":239,"column":19},"end":{"line":239,"column":20}},"loc":{"start":{"line":240,"column":12},"end":{"line":241,"column":61}},"line":240},"46":{"name":"(anonymous_46)","decl":{"start":{"line":241,"column":22},"end":{"line":241,"column":23}},"loc":{"start":{"line":241,"column":28},"end":{"line":241,"column":60}},"line":241},"47":{"name":"(anonymous_47)","decl":{"start":{"line":244,"column":52},"end":{"line":244,"column":53}},"loc":{"start":{"line":245,"column":12},"end":{"line":251,"column":18}},"line":245},"48":{"name":"(anonymous_48)","decl":{"start":{"line":246,"column":22},"end":{"line":246,"column":23}},"loc":{"start":{"line":246,"column":30},"end":{"line":251,"column":17}},"line":246}},"branchMap":{},"s":{"0":1,"1":1,"2":1,"3":1,"4":1,"5":1,"6":1,"7":1,"8":1,"9":1,"10":1,"11":1,"12":1,"13":1,"14":1,"15":1,"16":1,"17":1,"18":1,"19":1,"20":1,"21":1,"22":1,"23":1,"24":1,"25":1,"26":1,"27":1,"28":1,"29":1,"30":1,"31":1,"32":1,"33":1,"34":1,"35":1,"36":1,"37":1,"38":1,"39":1,"40":1,"41":1,"42":1,"43":1,"44":1,"45":1,"46":1,"47":1,"48":1,"49":1,"50":1,"51":1,"52":1,"53":1,"54":1,"55":1,"56":1,"57":1,"58":1,"59":1,"60":1,"61":1,"62":1,"63":1,"64":1,"65":1,"66":1,"67":1,"68":1,"69":1,"70":1,"71":1,"72":1,"73":1,"74":1,"75":1,"76":1,"77":1,"78":1,"79":1,"80":1,"81":1,"82":1,"83":1,"84":1,"85":1,"86":1,"87":1,"88":1,"89":1,"90":1,"91":1,"92":1,"93":1,"94":1,"95":1,"96":1,"97":1,"98":1,"99":1,"100":1,"101":1,"102":1,"103":1,"104":1,"105":1,"106":1,"107":1,"108":1,"109":1,"110":1,"111":1,"112":1,"113":1,"114":1,"115":1,"116":1,"117":1,"118":1,"119":1,"120":1,"121":1,"122":1,"123":1,"124":1,"125":1,"126":1,"127":1,"128":1,"129":1,"130":1,"131":1,"132":1,"133":1,"134":1,"135":1,"136":1,"137":1,"138":1,"139":1,"140":1,"141":1,"142":1,"143":1,"144":1,"145":1,"146":1,"147":1,"148":1,"149":1,"150":1,"151":1,"152":1,"153":1,"154":1,"155":1,"156":1,"157":1,"158":1,"159":1,"160":1,"161":1,"162":1},"f":{"0":1,"1":1,"2":1,"3":1,"4":1,"5":1,"6":1,"7":1,"8":1,"9":1,"10":1,"11":1,"12":1,"13":1,"14":1,"15":1,"16":1,"17":1,"18":1,"19":1,"20":1,"21":1,"22":1,"23":1,"24":1,"25":1,"26":1,"27":1,"28":1,"29":1,"30":1,"31":1,"32":1,"33":1,"34":1,"35":1,"36":1,"37":1,"38":1,"39":1,"40":1,"41":1,"42":1,"43":1,"44":1,"45":1,"46":1,"47":1,"48":1},"b":{},"_coverageSchema":"43e27e138ebf9cfc5966b082cf9a028302ed4184","hash":"471bcc82a7a2758ab790ec49a1d35a64eefff154","contentHash":"5ef253d9b175751645b74cd02b2685012aa0092c0bf6adb522a3f979ba6ee51d"},"C:\\Users\\marti\\bootcamp\\collab\\skylab-bootcamp-201901\\staff\\marti-malek\\web-app\\src\\logic\\index.js":{"path":"C:\\Users\\marti\\bootcamp\\collab\\skylab-bootcamp-201901\\staff\\marti-malek\\web-app\\src\\logic\\index.js","statementMap":{"0":{"start":{"line":3,"column":16},"end":{"line":3,"column":44}},"1":{"start":{"line":8,"column":14},"end":{"line":97,"column":1}},"2":{"start":{"line":22,"column":8},"end":{"line":22,"column":80}},"3":{"start":{"line":22,"column":38},"end":{"line":22,"column":80}},"4":{"start":{"line":24,"column":8},"end":{"line":24,"column":68}},"5":{"start":{"line":24,"column":33},"end":{"line":24,"column":68}},"6":{"start":{"line":26,"column":8},"end":{"line":26,"column":86}},"7":{"start":{"line":26,"column":41},"end":{"line":26,"column":86}},"8":{"start":{"line":28,"column":8},"end":{"line":28,"column":74}},"9":{"start":{"line":28,"column":36},"end":{"line":28,"column":74}},"10":{"start":{"line":30,"column":8},"end":{"line":30,"column":82}},"11":{"start":{"line":30,"column":39},"end":{"line":30,"column":82}},"12":{"start":{"line":32,"column":8},"end":{"line":32,"column":70}},"13":{"start":{"line":32,"column":34},"end":{"line":32,"column":70}},"14":{"start":{"line":34,"column":8},"end":{"line":34,"column":88}},"15":{"start":{"line":34,"column":42},"end":{"line":34,"column":88}},"16":{"start":{"line":36,"column":8},"end":{"line":36,"column":76}},"17":{"start":{"line":36,"column":37},"end":{"line":36,"column":76}},"18":{"start":{"line":38,"column":8},"end":{"line":38,"column":112}},"19":{"start":{"line":38,"column":54},"end":{"line":38,"column":112}},"20":{"start":{"line":40,"column":8},"end":{"line":40,"column":101}},"21":{"start":{"line":40,"column":49},"end":{"line":40,"column":101}},"22":{"start":{"line":42,"column":8},"end":{"line":42,"column":84}},"23":{"start":{"line":42,"column":47},"end":{"line":42,"column":84}},"24":{"start":{"line":44,"column":8},"end":{"line":45,"column":28}},"25":{"start":{"line":55,"column":8},"end":{"line":55,"column":82}},"26":{"start":{"line":55,"column":39},"end":{"line":55,"column":82}},"27":{"start":{"line":57,"column":8},"end":{"line":57,"column":70}},"28":{"start":{"line":57,"column":34},"end":{"line":57,"column":70}},"29":{"start":{"line":59,"column":8},"end":{"line":59,"column":88}},"30":{"start":{"line":59,"column":42},"end":{"line":59,"column":88}},"31":{"start":{"line":61,"column":8},"end":{"line":61,"column":76}},"32":{"start":{"line":61,"column":37},"end":{"line":61,"column":76}},"33":{"start":{"line":63,"column":8},"end":{"line":67,"column":14}},"34":{"start":{"line":65,"column":16},"end":{"line":65,"column":36}},"35":{"start":{"line":66,"column":16},"end":{"line":66,"column":45}},"36":{"start":{"line":74,"column":8},"end":{"line":74,"column":32}},"37":{"start":{"line":81,"column":8},"end":{"line":81,"column":30}},"38":{"start":{"line":82,"column":8},"end":{"line":82,"column":36}},"39":{"start":{"line":86,"column":8},"end":{"line":95,"column":15}},"40":{"start":{"line":87,"column":127},"end":{"line":95,"column":13}},"41":{"start":{"line":99,"column":0},"end":{"line":99,"column":22}}},"fnMap":{"0":{"name":"(anonymous_0)","decl":{"start":{"line":21,"column":4},"end":{"line":21,"column":5}},"loc":{"start":{"line":21,"column":71},"end":{"line":46,"column":5}},"line":21},"1":{"name":"(anonymous_1)","decl":{"start":{"line":45,"column":18},"end":{"line":45,"column":19}},"loc":{"start":{"line":45,"column":24},"end":{"line":45,"column":27}},"line":45},"2":{"name":"(anonymous_2)","decl":{"start":{"line":54,"column":4},"end":{"line":54,"column":5}},"loc":{"start":{"line":54,"column":31},"end":{"line":68,"column":5}},"line":54},"3":{"name":"(anonymous_3)","decl":{"start":{"line":64,"column":18},"end":{"line":64,"column":19}},"loc":{"start":{"line":64,"column":37},"end":{"line":67,"column":13}},"line":64},"4":{"name":"(anonymous_4)","decl":{"start":{"line":73,"column":4},"end":{"line":73,"column":5}},"loc":{"start":{"line":73,"column":25},"end":{"line":75,"column":5}},"line":73},"5":{"name":"(anonymous_5)","decl":{"start":{"line":80,"column":4},"end":{"line":80,"column":5}},"loc":{"start":{"line":80,"column":17},"end":{"line":83,"column":5}},"line":80},"6":{"name":"(anonymous_6)","decl":{"start":{"line":85,"column":4},"end":{"line":85,"column":5}},"loc":{"start":{"line":85,"column":19},"end":{"line":96,"column":5}},"line":85},"7":{"name":"(anonymous_7)","decl":{"start":{"line":87,"column":18},"end":{"line":87,"column":19}},"loc":{"start":{"line":87,"column":127},"end":{"line":95,"column":13}},"line":87}},"branchMap":{"0":{"loc":{"start":{"line":22,"column":8},"end":{"line":22,"column":80}},"type":"if","locations":[{"start":{"line":22,"column":8},"end":{"line":22,"column":80}},{"start":{"line":22,"column":8},"end":{"line":22,"column":80}}],"line":22},"1":{"loc":{"start":{"line":24,"column":8},"end":{"line":24,"column":68}},"type":"if","locations":[{"start":{"line":24,"column":8},"end":{"line":24,"column":68}},{"start":{"line":24,"column":8},"end":{"line":24,"column":68}}],"line":24},"2":{"loc":{"start":{"line":26,"column":8},"end":{"line":26,"column":86}},"type":"if","locations":[{"start":{"line":26,"column":8},"end":{"line":26,"column":86}},{"start":{"line":26,"column":8},"end":{"line":26,"column":86}}],"line":26},"3":{"loc":{"start":{"line":28,"column":8},"end":{"line":28,"column":74}},"type":"if","locations":[{"start":{"line":28,"column":8},"end":{"line":28,"column":74}},{"start":{"line":28,"column":8},"end":{"line":28,"column":74}}],"line":28},"4":{"loc":{"start":{"line":30,"column":8},"end":{"line":30,"column":82}},"type":"if","locations":[{"start":{"line":30,"column":8},"end":{"line":30,"column":82}},{"start":{"line":30,"column":8},"end":{"line":30,"column":82}}],"line":30},"5":{"loc":{"start":{"line":32,"column":8},"end":{"line":32,"column":70}},"type":"if","locations":[{"start":{"line":32,"column":8},"end":{"line":32,"column":70}},{"start":{"line":32,"column":8},"end":{"line":32,"column":70}}],"line":32},"6":{"loc":{"start":{"line":34,"column":8},"end":{"line":34,"column":88}},"type":"if","locations":[{"start":{"line":34,"column":8},"end":{"line":34,"column":88}},{"start":{"line":34,"column":8},"end":{"line":34,"column":88}}],"line":34},"7":{"loc":{"start":{"line":36,"column":8},"end":{"line":36,"column":76}},"type":"if","locations":[{"start":{"line":36,"column":8},"end":{"line":36,"column":76}},{"start":{"line":36,"column":8},"end":{"line":36,"column":76}}],"line":36},"8":{"loc":{"start":{"line":38,"column":8},"end":{"line":38,"column":112}},"type":"if","locations":[{"start":{"line":38,"column":8},"end":{"line":38,"column":112}},{"start":{"line":38,"column":8},"end":{"line":38,"column":112}}],"line":38},"9":{"loc":{"start":{"line":40,"column":8},"end":{"line":40,"column":101}},"type":"if","locations":[{"start":{"line":40,"column":8},"end":{"line":40,"column":101}},{"start":{"line":40,"column":8},"end":{"line":40,"column":101}}],"line":40},"10":{"loc":{"start":{"line":42,"column":8},"end":{"line":42,"column":84}},"type":"if","locations":[{"start":{"line":42,"column":8},"end":{"line":42,"column":84}},{"start":{"line":42,"column":8},"end":{"line":42,"column":84}}],"line":42},"11":{"loc":{"start":{"line":55,"column":8},"end":{"line":55,"column":82}},"type":"if","locations":[{"start":{"line":55,"column":8},"end":{"line":55,"column":82}},{"start":{"line":55,"column":8},"end":{"line":55,"column":82}}],"line":55},"12":{"loc":{"start":{"line":57,"column":8},"end":{"line":57,"column":70}},"type":"if","locations":[{"start":{"line":57,"column":8},"end":{"line":57,"column":70}},{"start":{"line":57,"column":8},"end":{"line":57,"column":70}}],"line":57},"13":{"loc":{"start":{"line":59,"column":8},"end":{"line":59,"column":88}},"type":"if","locations":[{"start":{"line":59,"column":8},"end":{"line":59,"column":88}},{"start":{"line":59,"column":8},"end":{"line":59,"column":88}}],"line":59},"14":{"loc":{"start":{"line":61,"column":8},"end":{"line":61,"column":76}},"type":"if","locations":[{"start":{"line":61,"column":8},"end":{"line":61,"column":76}},{"start":{"line":61,"column":8},"end":{"line":61,"column":76}}],"line":61},"15":{"loc":{"start":{"line":87,"column":57},"end":{"line":87,"column":77}},"type":"default-arg","locations":[{"start":{"line":87,"column":75},"end":{"line":87,"column":77}}],"line":87},"16":{"loc":{"start":{"line":87,"column":79},"end":{"line":87,"column":98}},"type":"default-arg","locations":[{"start":{"line":87,"column":96},"end":{"line":87,"column":98}}],"line":87},"17":{"loc":{"start":{"line":87,"column":100},"end":{"line":87,"column":119}},"type":"default-arg","locations":[{"start":{"line":87,"column":117},"end":{"line":87,"column":119}}],"line":87}},"s":{"0":1,"1":1,"2":19,"3":5,"4":14,"5":1,"6":13,"7":5,"8":8,"9":1,"10":7,"11":0,"12":7,"13":0,"14":7,"15":0,"16":7,"17":0,"18":7,"19":0,"20":7,"21":1,"22":6,"23":1,"24":5,"25":4,"26":0,"27":4,"28":0,"29":4,"30":0,"31":4,"32":0,"33":4,"34":4,"35":4,"36":1,"37":1,"38":1,"39":1,"40":1,"41":1},"f":{"0":19,"1":5,"2":4,"3":4,"4":1,"5":1,"6":1,"7":1},"b":{"0":[5,14],"1":[1,13],"2":[5,8],"3":[1,7],"4":[0,7],"5":[0,7],"6":[0,7],"7":[0,7],"8":[0,7],"9":[1,6],"10":[1,5],"11":[0,4],"12":[0,4],"13":[0,4],"14":[0,4],"15":[1],"16":[1],"17":[1]},"_coverageSchema":"43e27e138ebf9cfc5966b082cf9a028302ed4184","hash":"419bc15816f30ac4999681d0df4eaf46f66ea16f","contentHash":"b2003a951d36c74c2337c5891eee2388b93963501fea8689f88de442c143e8b2"},"C:\\Users\\marti\\bootcamp\\collab\\skylab-bootcamp-201901\\staff\\marti-malek\\web-app\\src\\user-api\\index.js":{"path":"C:\\Users\\marti\\bootcamp\\collab\\skylab-bootcamp-201901\\staff\\marti-malek\\web-app\\src\\user-api\\index.js","statementMap":{"0":{"start":{"line":3,"column":0},"end":{"line":3,"column":27}},"1":{"start":{"line":5,"column":16},"end":{"line":148,"column":1}},"2":{"start":{"line":9,"column":8},"end":{"line":9,"column":80}},"3":{"start":{"line":9,"column":38},"end":{"line":9,"column":80}},"4":{"start":{"line":10,"column":8},"end":{"line":10,"column":61}},"5":{"start":{"line":10,"column":33},"end":{"line":10,"column":61}},"6":{"start":{"line":12,"column":8},"end":{"line":12,"column":86}},"7":{"start":{"line":12,"column":41},"end":{"line":12,"column":86}},"8":{"start":{"line":13,"column":8},"end":{"line":13,"column":67}},"9":{"start":{"line":13,"column":36},"end":{"line":13,"column":67}},"10":{"start":{"line":15,"column":8},"end":{"line":15,"column":88}},"11":{"start":{"line":15,"column":42},"end":{"line":15,"column":88}},"12":{"start":{"line":16,"column":8},"end":{"line":16,"column":69}},"13":{"start":{"line":16,"column":37},"end":{"line":16,"column":69}},"14":{"start":{"line":18,"column":8},"end":{"line":18,"column":88}},"15":{"start":{"line":18,"column":42},"end":{"line":18,"column":88}},"16":{"start":{"line":19,"column":8},"end":{"line":19,"column":69}},"17":{"start":{"line":19,"column":37},"end":{"line":19,"column":69}},"18":{"start":{"line":21,"column":8},"end":{"line":21,"column":102}},"19":{"start":{"line":21,"column":49},"end":{"line":21,"column":102}},"20":{"start":{"line":22,"column":8},"end":{"line":22,"column":94}},"21":{"start":{"line":22,"column":44},"end":{"line":22,"column":94}},"22":{"start":{"line":24,"column":8},"end":{"line":24,"column":78}},"23":{"start":{"line":24,"column":42},"end":{"line":24,"column":78}},"24":{"start":{"line":26,"column":8},"end":{"line":40,"column":14}},"25":{"start":{"line":33,"column":30},"end":{"line":33,"column":45}},"26":{"start":{"line":35,"column":35},"end":{"line":35,"column":43}},"27":{"start":{"line":37,"column":16},"end":{"line":37,"column":60}},"28":{"start":{"line":37,"column":37},"end":{"line":37,"column":60}},"29":{"start":{"line":39,"column":16},"end":{"line":39,"column":43}},"30":{"start":{"line":44,"column":8},"end":{"line":44,"column":88}},"31":{"start":{"line":44,"column":42},"end":{"line":44,"column":88}},"32":{"start":{"line":45,"column":8},"end":{"line":45,"column":69}},"33":{"start":{"line":45,"column":37},"end":{"line":45,"column":69}},"34":{"start":{"line":47,"column":8},"end":{"line":47,"column":88}},"35":{"start":{"line":47,"column":42},"end":{"line":47,"column":88}},"36":{"start":{"line":48,"column":8},"end":{"line":48,"column":69}},"37":{"start":{"line":48,"column":37},"end":{"line":48,"column":69}},"38":{"start":{"line":50,"column":8},"end":{"line":64,"column":14}},"39":{"start":{"line":57,"column":30},"end":{"line":57,"column":45}},"40":{"start":{"line":59,"column":35},"end":{"line":59,"column":43}},"41":{"start":{"line":61,"column":16},"end":{"line":61,"column":57}},"42":{"start":{"line":61,"column":37},"end":{"line":61,"column":57}},"43":{"start":{"line":63,"column":16},"end":{"line":63,"column":43}},"44":{"start":{"line":68,"column":8},"end":{"line":68,"column":76}},"45":{"start":{"line":68,"column":36},"end":{"line":68,"column":76}},"46":{"start":{"line":69,"column":8},"end":{"line":69,"column":57}},"47":{"start":{"line":69,"column":31},"end":{"line":69,"column":57}},"48":{"start":{"line":71,"column":8},"end":{"line":71,"column":82}},"49":{"start":{"line":71,"column":39},"end":{"line":71,"column":82}},"50":{"start":{"line":72,"column":8},"end":{"line":72,"column":63}},"51":{"start":{"line":72,"column":34},"end":{"line":72,"column":63}},"52":{"start":{"line":74,"column":8},"end":{"line":86,"column":14}},"53":{"start":{"line":79,"column":30},"end":{"line":79,"column":45}},"54":{"start":{"line":81,"column":35},"end":{"line":81,"column":43}},"55":{"start":{"line":83,"column":16},"end":{"line":83,"column":57}},"56":{"start":{"line":83,"column":37},"end":{"line":83,"column":57}},"57":{"start":{"line":85,"column":16},"end":{"line":85,"column":43}},"58":{"start":{"line":90,"column":8},"end":{"line":90,"column":76}},"59":{"start":{"line":90,"column":36},"end":{"line":90,"column":76}},"60":{"start":{"line":91,"column":8},"end":{"line":91,"column":57}},"61":{"start":{"line":91,"column":31},"end":{"line":91,"column":57}},"62":{"start":{"line":93,"column":8},"end":{"line":93,"column":82}},"63":{"start":{"line":93,"column":39},"end":{"line":93,"column":82}},"64":{"start":{"line":94,"column":8},"end":{"line":94,"column":63}},"65":{"start":{"line":94,"column":34},"end":{"line":94,"column":63}},"66":{"start":{"line":96,"column":8},"end":{"line":96,"column":92}},"67":{"start":{"line":96,"column":49},"end":{"line":96,"column":92}},"68":{"start":{"line":98,"column":8},"end":{"line":98,"column":114}},"69":{"start":{"line":98,"column":71},"end":{"line":98,"column":114}},"70":{"start":{"line":100,"column":8},"end":{"line":115,"column":14}},"71":{"start":{"line":108,"column":30},"end":{"line":108,"column":45}},"72":{"start":{"line":110,"column":35},"end":{"line":110,"column":43}},"73":{"start":{"line":112,"column":16},"end":{"line":112,"column":43}},"74":{"start":{"line":112,"column":37},"end":{"line":112,"column":43}},"75":{"start":{"line":114,"column":16},"end":{"line":114,"column":43}},"76":{"start":{"line":119,"column":8},"end":{"line":119,"column":76}},"77":{"start":{"line":119,"column":36},"end":{"line":119,"column":76}},"78":{"start":{"line":120,"column":8},"end":{"line":120,"column":57}},"79":{"start":{"line":120,"column":31},"end":{"line":120,"column":57}},"80":{"start":{"line":122,"column":8},"end":{"line":122,"column":82}},"81":{"start":{"line":122,"column":39},"end":{"line":122,"column":82}},"82":{"start":{"line":123,"column":8},"end":{"line":123,"column":63}},"83":{"start":{"line":123,"column":34},"end":{"line":123,"column":63}},"84":{"start":{"line":125,"column":8},"end":{"line":125,"column":88}},"85":{"start":{"line":125,"column":42},"end":{"line":125,"column":88}},"86":{"start":{"line":126,"column":8},"end":{"line":126,"column":69}},"87":{"start":{"line":126,"column":37},"end":{"line":126,"column":69}},"88":{"start":{"line":128,"column":8},"end":{"line":128,"column":88}},"89":{"start":{"line":128,"column":42},"end":{"line":128,"column":88}},"90":{"start":{"line":129,"column":8},"end":{"line":129,"column":69}},"91":{"start":{"line":129,"column":37},"end":{"line":129,"column":69}},"92":{"start":{"line":131,"column":8},"end":{"line":146,"column":14}},"93":{"start":{"line":139,"column":30},"end":{"line":139,"column":45}},"94":{"start":{"line":141,"column":35},"end":{"line":141,"column":43}},"95":{"start":{"line":143,"column":16},"end":{"line":143,"column":43}},"96":{"start":{"line":143,"column":37},"end":{"line":143,"column":43}},"97":{"start":{"line":145,"column":16},"end":{"line":145,"column":43}},"98":{"start":{"line":150,"column":0},"end":{"line":150,"column":24}}},"fnMap":{"0":{"name":"(anonymous_0)","decl":{"start":{"line":8,"column":4},"end":{"line":8,"column":5}},"loc":{"start":{"line":8,"column":65},"end":{"line":41,"column":5}},"line":8},"1":{"name":"(anonymous_1)","decl":{"start":{"line":33,"column":18},"end":{"line":33,"column":19}},"loc":{"start":{"line":33,"column":30},"end":{"line":33,"column":45}},"line":33},"2":{"name":"(anonymous_2)","decl":{"start":{"line":34,"column":18},"end":{"line":34,"column":19}},"loc":{"start":{"line":34,"column":30},"end":{"line":40,"column":13}},"line":34},"3":{"name":"(anonymous_3)","decl":{"start":{"line":43,"column":4},"end":{"line":43,"column":5}},"loc":{"start":{"line":43,"column":37},"end":{"line":65,"column":5}},"line":43},"4":{"name":"(anonymous_4)","decl":{"start":{"line":57,"column":18},"end":{"line":57,"column":19}},"loc":{"start":{"line":57,"column":30},"end":{"line":57,"column":45}},"line":57},"5":{"name":"(anonymous_5)","decl":{"start":{"line":58,"column":18},"end":{"line":58,"column":19}},"loc":{"start":{"line":58,"column":30},"end":{"line":64,"column":13}},"line":58},"6":{"name":"(anonymous_6)","decl":{"start":{"line":67,"column":4},"end":{"line":67,"column":5}},"loc":{"start":{"line":67,"column":24},"end":{"line":87,"column":5}},"line":67},"7":{"name":"(anonymous_7)","decl":{"start":{"line":79,"column":18},"end":{"line":79,"column":19}},"loc":{"start":{"line":79,"column":30},"end":{"line":79,"column":45}},"line":79},"8":{"name":"(anonymous_8)","decl":{"start":{"line":80,"column":18},"end":{"line":80,"column":19}},"loc":{"start":{"line":80,"column":30},"end":{"line":86,"column":13}},"line":80},"9":{"name":"(anonymous_9)","decl":{"start":{"line":89,"column":4},"end":{"line":89,"column":5}},"loc":{"start":{"line":89,"column":28},"end":{"line":116,"column":5}},"line":89},"10":{"name":"(anonymous_10)","decl":{"start":{"line":108,"column":18},"end":{"line":108,"column":19}},"loc":{"start":{"line":108,"column":30},"end":{"line":108,"column":45}},"line":108},"11":{"name":"(anonymous_11)","decl":{"start":{"line":109,"column":18},"end":{"line":109,"column":19}},"loc":{"start":{"line":109,"column":30},"end":{"line":115,"column":13}},"line":109},"12":{"name":"(anonymous_12)","decl":{"start":{"line":118,"column":4},"end":{"line":118,"column":5}},"loc":{"start":{"line":118,"column":42},"end":{"line":147,"column":5}},"line":118},"13":{"name":"(anonymous_13)","decl":{"start":{"line":139,"column":18},"end":{"line":139,"column":19}},"loc":{"start":{"line":139,"column":30},"end":{"line":139,"column":45}},"line":139},"14":{"name":"(anonymous_14)","decl":{"start":{"line":140,"column":18},"end":{"line":140,"column":19}},"loc":{"start":{"line":140,"column":30},"end":{"line":146,"column":13}},"line":140}},"branchMap":{"0":{"loc":{"start":{"line":9,"column":8},"end":{"line":9,"column":80}},"type":"if","locations":[{"start":{"line":9,"column":8},"end":{"line":9,"column":80}},{"start":{"line":9,"column":8},"end":{"line":9,"column":80}}],"line":9},"1":{"loc":{"start":{"line":10,"column":8},"end":{"line":10,"column":61}},"type":"if","locations":[{"start":{"line":10,"column":8},"end":{"line":10,"column":61}},{"start":{"line":10,"column":8},"end":{"line":10,"column":61}}],"line":10},"2":{"loc":{"start":{"line":12,"column":8},"end":{"line":12,"column":86}},"type":"if","locations":[{"start":{"line":12,"column":8},"end":{"line":12,"column":86}},{"start":{"line":12,"column":8},"end":{"line":12,"column":86}}],"line":12},"3":{"loc":{"start":{"line":13,"column":8},"end":{"line":13,"column":67}},"type":"if","locations":[{"start":{"line":13,"column":8},"end":{"line":13,"column":67}},{"start":{"line":13,"column":8},"end":{"line":13,"column":67}}],"line":13},"4":{"loc":{"start":{"line":15,"column":8},"end":{"line":15,"column":88}},"type":"if","locations":[{"start":{"line":15,"column":8},"end":{"line":15,"column":88}},{"start":{"line":15,"column":8},"end":{"line":15,"column":88}}],"line":15},"5":{"loc":{"start":{"line":16,"column":8},"end":{"line":16,"column":69}},"type":"if","locations":[{"start":{"line":16,"column":8},"end":{"line":16,"column":69}},{"start":{"line":16,"column":8},"end":{"line":16,"column":69}}],"line":16},"6":{"loc":{"start":{"line":18,"column":8},"end":{"line":18,"column":88}},"type":"if","locations":[{"start":{"line":18,"column":8},"end":{"line":18,"column":88}},{"start":{"line":18,"column":8},"end":{"line":18,"column":88}}],"line":18},"7":{"loc":{"start":{"line":19,"column":8},"end":{"line":19,"column":69}},"type":"if","locations":[{"start":{"line":19,"column":8},"end":{"line":19,"column":69}},{"start":{"line":19,"column":8},"end":{"line":19,"column":69}}],"line":19},"8":{"loc":{"start":{"line":21,"column":8},"end":{"line":21,"column":102}},"type":"if","locations":[{"start":{"line":21,"column":8},"end":{"line":21,"column":102}},{"start":{"line":21,"column":8},"end":{"line":21,"column":102}}],"line":21},"9":{"loc":{"start":{"line":22,"column":8},"end":{"line":22,"column":94}},"type":"if","locations":[{"start":{"line":22,"column":8},"end":{"line":22,"column":94}},{"start":{"line":22,"column":8},"end":{"line":22,"column":94}}],"line":22},"10":{"loc":{"start":{"line":24,"column":8},"end":{"line":24,"column":78}},"type":"if","locations":[{"start":{"line":24,"column":8},"end":{"line":24,"column":78}},{"start":{"line":24,"column":8},"end":{"line":24,"column":78}}],"line":24},"11":{"loc":{"start":{"line":37,"column":16},"end":{"line":37,"column":60}},"type":"if","locations":[{"start":{"line":37,"column":16},"end":{"line":37,"column":60}},{"start":{"line":37,"column":16},"end":{"line":37,"column":60}}],"line":37},"12":{"loc":{"start":{"line":44,"column":8},"end":{"line":44,"column":88}},"type":"if","locations":[{"start":{"line":44,"column":8},"end":{"line":44,"column":88}},{"start":{"line":44,"column":8},"end":{"line":44,"column":88}}],"line":44},"13":{"loc":{"start":{"line":45,"column":8},"end":{"line":45,"column":69}},"type":"if","locations":[{"start":{"line":45,"column":8},"end":{"line":45,"column":69}},{"start":{"line":45,"column":8},"end":{"line":45,"column":69}}],"line":45},"14":{"loc":{"start":{"line":47,"column":8},"end":{"line":47,"column":88}},"type":"if","locations":[{"start":{"line":47,"column":8},"end":{"line":47,"column":88}},{"start":{"line":47,"column":8},"end":{"line":47,"column":88}}],"line":47},"15":{"loc":{"start":{"line":48,"column":8},"end":{"line":48,"column":69}},"type":"if","locations":[{"start":{"line":48,"column":8},"end":{"line":48,"column":69}},{"start":{"line":48,"column":8},"end":{"line":48,"column":69}}],"line":48},"16":{"loc":{"start":{"line":61,"column":16},"end":{"line":61,"column":57}},"type":"if","locations":[{"start":{"line":61,"column":16},"end":{"line":61,"column":57}},{"start":{"line":61,"column":16},"end":{"line":61,"column":57}}],"line":61},"17":{"loc":{"start":{"line":68,"column":8},"end":{"line":68,"column":76}},"type":"if","locations":[{"start":{"line":68,"column":8},"end":{"line":68,"column":76}},{"start":{"line":68,"column":8},"end":{"line":68,"column":76}}],"line":68},"18":{"loc":{"start":{"line":69,"column":8},"end":{"line":69,"column":57}},"type":"if","locations":[{"start":{"line":69,"column":8},"end":{"line":69,"column":57}},{"start":{"line":69,"column":8},"end":{"line":69,"column":57}}],"line":69},"19":{"loc":{"start":{"line":71,"column":8},"end":{"line":71,"column":82}},"type":"if","locations":[{"start":{"line":71,"column":8},"end":{"line":71,"column":82}},{"start":{"line":71,"column":8},"end":{"line":71,"column":82}}],"line":71},"20":{"loc":{"start":{"line":72,"column":8},"end":{"line":72,"column":63}},"type":"if","locations":[{"start":{"line":72,"column":8},"end":{"line":72,"column":63}},{"start":{"line":72,"column":8},"end":{"line":72,"column":63}}],"line":72},"21":{"loc":{"start":{"line":83,"column":16},"end":{"line":83,"column":57}},"type":"if","locations":[{"start":{"line":83,"column":16},"end":{"line":83,"column":57}},{"start":{"line":83,"column":16},"end":{"line":83,"column":57}}],"line":83},"22":{"loc":{"start":{"line":90,"column":8},"end":{"line":90,"column":76}},"type":"if","locations":[{"start":{"line":90,"column":8},"end":{"line":90,"column":76}},{"start":{"line":90,"column":8},"end":{"line":90,"column":76}}],"line":90},"23":{"loc":{"start":{"line":91,"column":8},"end":{"line":91,"column":57}},"type":"if","locations":[{"start":{"line":91,"column":8},"end":{"line":91,"column":57}},{"start":{"line":91,"column":8},"end":{"line":91,"column":57}}],"line":91},"24":{"loc":{"start":{"line":93,"column":8},"end":{"line":93,"column":82}},"type":"if","locations":[{"start":{"line":93,"column":8},"end":{"line":93,"column":82}},{"start":{"line":93,"column":8},"end":{"line":93,"column":82}}],"line":93},"25":{"loc":{"start":{"line":94,"column":8},"end":{"line":94,"column":63}},"type":"if","locations":[{"start":{"line":94,"column":8},"end":{"line":94,"column":63}},{"start":{"line":94,"column":8},"end":{"line":94,"column":63}}],"line":94},"26":{"loc":{"start":{"line":96,"column":8},"end":{"line":96,"column":92}},"type":"if","locations":[{"start":{"line":96,"column":8},"end":{"line":96,"column":92}},{"start":{"line":96,"column":8},"end":{"line":96,"column":92}}],"line":96},"27":{"loc":{"start":{"line":96,"column":12},"end":{"line":96,"column":47}},"type":"binary-expr","locations":[{"start":{"line":96,"column":12},"end":{"line":96,"column":30}},{"start":{"line":96,"column":34},"end":{"line":96,"column":47}}],"line":96},"28":{"loc":{"start":{"line":98,"column":8},"end":{"line":98,"column":114}},"type":"if","locations":[{"start":{"line":98,"column":8},"end":{"line":98,"column":114}},{"start":{"line":98,"column":8},"end":{"line":98,"column":114}}],"line":98},"29":{"loc":{"start":{"line":98,"column":12},"end":{"line":98,"column":69}},"type":"binary-expr","locations":[{"start":{"line":98,"column":12},"end":{"line":98,"column":39}},{"start":{"line":98,"column":43},"end":{"line":98,"column":69}}],"line":98},"30":{"loc":{"start":{"line":112,"column":16},"end":{"line":112,"column":43}},"type":"if","locations":[{"start":{"line":112,"column":16},"end":{"line":112,"column":43}},{"start":{"line":112,"column":16},"end":{"line":112,"column":43}}],"line":112},"31":{"loc":{"start":{"line":119,"column":8},"end":{"line":119,"column":76}},"type":"if","locations":[{"start":{"line":119,"column":8},"end":{"line":119,"column":76}},{"start":{"line":119,"column":8},"end":{"line":119,"column":76}}],"line":119},"32":{"loc":{"start":{"line":120,"column":8},"end":{"line":120,"column":57}},"type":"if","locations":[{"start":{"line":120,"column":8},"end":{"line":120,"column":57}},{"start":{"line":120,"column":8},"end":{"line":120,"column":57}}],"line":120},"33":{"loc":{"start":{"line":122,"column":8},"end":{"line":122,"column":82}},"type":"if","locations":[{"start":{"line":122,"column":8},"end":{"line":122,"column":82}},{"start":{"line":122,"column":8},"end":{"line":122,"column":82}}],"line":122},"34":{"loc":{"start":{"line":123,"column":8},"end":{"line":123,"column":63}},"type":"if","locations":[{"start":{"line":123,"column":8},"end":{"line":123,"column":63}},{"start":{"line":123,"column":8},"end":{"line":123,"column":63}}],"line":123},"35":{"loc":{"start":{"line":125,"column":8},"end":{"line":125,"column":88}},"type":"if","locations":[{"start":{"line":125,"column":8},"end":{"line":125,"column":88}},{"start":{"line":125,"column":8},"end":{"line":125,"column":88}}],"line":125},"36":{"loc":{"start":{"line":126,"column":8},"end":{"line":126,"column":69}},"type":"if","locations":[{"start":{"line":126,"column":8},"end":{"line":126,"column":69}},{"start":{"line":126,"column":8},"end":{"line":126,"column":69}}],"line":126},"37":{"loc":{"start":{"line":128,"column":8},"end":{"line":128,"column":88}},"type":"if","locations":[{"start":{"line":128,"column":8},"end":{"line":128,"column":88}},{"start":{"line":128,"column":8},"end":{"line":128,"column":88}}],"line":128},"38":{"loc":{"start":{"line":129,"column":8},"end":{"line":129,"column":69}},"type":"if","locations":[{"start":{"line":129,"column":8},"end":{"line":129,"column":69}},{"start":{"line":129,"column":8},"end":{"line":129,"column":69}}],"line":129},"39":{"loc":{"start":{"line":143,"column":16},"end":{"line":143,"column":43}},"type":"if","locations":[{"start":{"line":143,"column":16},"end":{"line":143,"column":43}},{"start":{"line":143,"column":16},"end":{"line":143,"column":43}}],"line":143}},"s":{"0":1,"1":1,"2":85,"3":0,"4":85,"5":0,"6":85,"7":0,"8":85,"9":0,"10":85,"11":0,"12":85,"13":0,"14":85,"15":0,"16":85,"17":0,"18":85,"19":0,"20":85,"21":0,"22":85,"23":0,"24":85,"25":85,"26":85,"27":85,"28":84,"29":1,"30":82,"31":6,"32":76,"33":1,"34":75,"35":6,"36":69,"37":1,"38":68,"39":68,"40":68,"41":68,"42":66,"43":2,"44":16,"45":5,"46":11,"47":1,"48":10,"49":5,"50":5,"51":1,"52":4,"53":4,"54":4,"55":4,"56":3,"57":1,"58":21,"59":5,"60":16,"61":1,"62":15,"63":6,"64":9,"65":1,"66":8,"67":2,"68":6,"69":4,"70":2,"71":2,"72":2,"73":2,"74":1,"75":1,"76":27,"77":6,"78":21,"79":0,"80":21,"81":5,"82":16,"83":0,"84":16,"85":6,"86":10,"87":1,"88":9,"89":6,"90":3,"91":1,"92":2,"93":2,"94":2,"95":2,"96":1,"97":1,"98":1},"f":{"0":85,"1":85,"2":85,"3":82,"4":68,"5":68,"6":16,"7":4,"8":4,"9":21,"10":2,"11":2,"12":27,"13":2,"14":2},"b":{"0":[0,85],"1":[0,85],"2":[0,85],"3":[0,85],"4":[0,85],"5":[0,85],"6":[0,85],"7":[0,85],"8":[0,85],"9":[0,85],"10":[0,85],"11":[84,1],"12":[6,76],"13":[1,75],"14":[6,69],"15":[1,68],"16":[66,2],"17":[5,11],"18":[1,10],"19":[5,5],"20":[1,4],"21":[3,1],"22":[5,16],"23":[1,15],"24":[6,9],"25":[1,8],"26":[2,6],"27":[8,7],"28":[4,2],"29":[6,4],"30":[1,1],"31":[6,21],"32":[0,21],"33":[5,16],"34":[0,16],"35":[6,10],"36":[1,9],"37":[6,3],"38":[1,2],"39":[1,1]},"_coverageSchema":"43e27e138ebf9cfc5966b082cf9a028302ed4184","hash":"1eafbed21f7e1a6cd5414591f472c9d3b897e96a","contentHash":"d2be49ba86143fa61c47002332a8ed7ae04dd38282c83944f5aec4b3863a5d73"},"C:\\Users\\marti\\bootcamp\\collab\\skylab-bootcamp-201901\\staff\\marti-malek\\web-app\\src\\user-api\\index.spec.js":{"path":"C:\\Users\\marti\\bootcamp\\collab\\skylab-bootcamp-201901\\staff\\marti-malek\\web-app\\src\\user-api\\index.spec.js","statementMap":{"0":{"start":{"line":3,"column":19},"end":{"line":3,"column":34}},"1":{"start":{"line":4,"column":16},"end":{"line":4,"column":28}},"2":{"start":{"line":6,"column":0},"end":{"line":753,"column":2}},"3":{"start":{"line":7,"column":4},"end":{"line":29,"column":6}},"4":{"start":{"line":8,"column":21},"end":{"line":8,"column":29}},"5":{"start":{"line":9,"column":24},"end":{"line":9,"column":31}},"6":{"start":{"line":10,"column":25},"end":{"line":10,"column":55}},"7":{"start":{"line":11,"column":25},"end":{"line":11,"column":30}},"8":{"start":{"line":12,"column":32},"end":{"line":12,"column":40}},"9":{"start":{"line":14,"column":8},"end":{"line":17,"column":9}},"10":{"start":{"line":15,"column":12},"end":{"line":16,"column":48}},"11":{"start":{"line":16,"column":28},"end":{"line":16,"column":47}},"12":{"start":{"line":19,"column":8},"end":{"line":28,"column":9}},"13":{"start":{"line":20,"column":12},"end":{"line":27,"column":18}},"14":{"start":{"line":22,"column":20},"end":{"line":22,"column":65}},"15":{"start":{"line":25,"column":20},"end":{"line":25,"column":42}},"16":{"start":{"line":26,"column":20},"end":{"line":26,"column":103}},"17":{"start":{"line":31,"column":4},"end":{"line":189,"column":6}},"18":{"start":{"line":32,"column":19},"end":{"line":32,"column":27}},"19":{"start":{"line":33,"column":22},"end":{"line":33,"column":29}},"20":{"start":{"line":36,"column":30},"end":{"line":36,"column":35}},"21":{"start":{"line":39,"column":8},"end":{"line":45,"column":10}},"22":{"start":{"line":40,"column":12},"end":{"line":40,"column":53}},"23":{"start":{"line":41,"column":12},"end":{"line":41,"column":28}},"24":{"start":{"line":43,"column":12},"end":{"line":44,"column":37}},"25":{"start":{"line":44,"column":28},"end":{"line":44,"column":36}},"26":{"start":{"line":47,"column":8},"end":{"line":53,"column":9}},"27":{"start":{"line":48,"column":12},"end":{"line":52,"column":18}},"28":{"start":{"line":50,"column":20},"end":{"line":50,"column":44}},"29":{"start":{"line":51,"column":20},"end":{"line":51,"column":42}},"30":{"start":{"line":54,"column":8},"end":{"line":64,"column":10}},"31":{"start":{"line":56,"column":29},"end":{"line":56,"column":39}},"32":{"start":{"line":57,"column":12},"end":{"line":63,"column":15}},"33":{"start":{"line":59,"column":17},"end":{"line":59,"column":62}},"34":{"start":{"line":62,"column":16},"end":{"line":62,"column":99}},"35":{"start":{"line":65,"column":8},"end":{"line":75,"column":10}},"36":{"start":{"line":67,"column":33},"end":{"line":67,"column":82}},"37":{"start":{"line":68,"column":12},"end":{"line":74,"column":15}},"38":{"start":{"line":70,"column":17},"end":{"line":70,"column":62}},"39":{"start":{"line":73,"column":16},"end":{"line":73,"column":80}},"40":{"start":{"line":76,"column":8},"end":{"line":83,"column":10}},"41":{"start":{"line":78,"column":12},"end":{"line":78,"column":24}},"42":{"start":{"line":80,"column":12},"end":{"line":82,"column":63}},"43":{"start":{"line":81,"column":16},"end":{"line":81,"column":56}},"44":{"start":{"line":84,"column":8},"end":{"line":91,"column":10}},"45":{"start":{"line":86,"column":12},"end":{"line":86,"column":27}},"46":{"start":{"line":88,"column":12},"end":{"line":90,"column":63}},"47":{"start":{"line":89,"column":16},"end":{"line":89,"column":56}},"48":{"start":{"line":92,"column":8},"end":{"line":99,"column":10}},"49":{"start":{"line":94,"column":12},"end":{"line":94,"column":25}},"50":{"start":{"line":96,"column":12},"end":{"line":98,"column":49}},"51":{"start":{"line":97,"column":16},"end":{"line":97,"column":56}},"52":{"start":{"line":100,"column":8},"end":{"line":107,"column":10}},"53":{"start":{"line":102,"column":12},"end":{"line":102,"column":25}},"54":{"start":{"line":104,"column":12},"end":{"line":106,"column":63}},"55":{"start":{"line":105,"column":16},"end":{"line":105,"column":56}},"56":{"start":{"line":108,"column":8},"end":{"line":115,"column":10}},"57":{"start":{"line":110,"column":12},"end":{"line":110,"column":25}},"58":{"start":{"line":112,"column":12},"end":{"line":114,"column":63}},"59":{"start":{"line":113,"column":16},"end":{"line":113,"column":56}},"60":{"start":{"line":116,"column":8},"end":{"line":123,"column":10}},"61":{"start":{"line":118,"column":12},"end":{"line":118,"column":32}},"62":{"start":{"line":120,"column":12},"end":{"line":122,"column":63}},"63":{"start":{"line":121,"column":16},"end":{"line":121,"column":56}},"64":{"start":{"line":124,"column":8},"end":{"line":131,"column":10}},"65":{"start":{"line":126,"column":12},"end":{"line":126,"column":27}},"66":{"start":{"line":128,"column":12},"end":{"line":130,"column":63}},"67":{"start":{"line":129,"column":16},"end":{"line":129,"column":56}},"68":{"start":{"line":132,"column":8},"end":{"line":140,"column":10}},"69":{"start":{"line":134,"column":12},"end":{"line":134,"column":24}},"70":{"start":{"line":135,"column":12},"end":{"line":135,"column":28}},"71":{"start":{"line":137,"column":12},"end":{"line":139,"column":63}},"72":{"start":{"line":138,"column":16},"end":{"line":138,"column":56}},"73":{"start":{"line":141,"column":8},"end":{"line":148,"column":10}},"74":{"start":{"line":143,"column":12},"end":{"line":143,"column":27}},"75":{"start":{"line":145,"column":12},"end":{"line":147,"column":63}},"76":{"start":{"line":146,"column":16},"end":{"line":146,"column":56}},"77":{"start":{"line":149,"column":8},"end":{"line":156,"column":10}},"78":{"start":{"line":151,"column":12},"end":{"line":151,"column":25}},"79":{"start":{"line":153,"column":12},"end":{"line":155,"column":63}},"80":{"start":{"line":154,"column":16},"end":{"line":154,"column":56}},"81":{"start":{"line":157,"column":8},"end":{"line":164,"column":10}},"82":{"start":{"line":159,"column":12},"end":{"line":159,"column":25}},"83":{"start":{"line":161,"column":12},"end":{"line":163,"column":63}},"84":{"start":{"line":162,"column":16},"end":{"line":162,"column":56}},"85":{"start":{"line":165,"column":8},"end":{"line":172,"column":10}},"86":{"start":{"line":167,"column":12},"end":{"line":167,"column":27}},"87":{"start":{"line":169,"column":12},"end":{"line":171,"column":63}},"88":{"start":{"line":170,"column":16},"end":{"line":170,"column":56}},"89":{"start":{"line":173,"column":8},"end":{"line":180,"column":10}},"90":{"start":{"line":175,"column":12},"end":{"line":175,"column":32}},"91":{"start":{"line":177,"column":12},"end":{"line":179,"column":63}},"92":{"start":{"line":178,"column":16},"end":{"line":178,"column":56}},"93":{"start":{"line":181,"column":8},"end":{"line":188,"column":10}},"94":{"start":{"line":183,"column":12},"end":{"line":183,"column":25}},"95":{"start":{"line":185,"column":12},"end":{"line":187,"column":49}},"96":{"start":{"line":186,"column":16},"end":{"line":186,"column":56}},"97":{"start":{"line":191,"column":4},"end":{"line":315,"column":6}},"98":{"start":{"line":192,"column":19},"end":{"line":192,"column":27}},"99":{"start":{"line":193,"column":22},"end":{"line":193,"column":29}},"100":{"start":{"line":196,"column":30},"end":{"line":196,"column":35}},"101":{"start":{"line":200,"column":8},"end":{"line":208,"column":10}},"102":{"start":{"line":201,"column":12},"end":{"line":201,"column":53}},"103":{"start":{"line":202,"column":12},"end":{"line":202,"column":28}},"104":{"start":{"line":204,"column":12},"end":{"line":207,"column":52}},"105":{"start":{"line":205,"column":28},"end":{"line":205,"column":36}},"106":{"start":{"line":206,"column":28},"end":{"line":206,"column":68}},"107":{"start":{"line":207,"column":37},"end":{"line":207,"column":51}},"108":{"start":{"line":210,"column":8},"end":{"line":218,"column":9}},"109":{"start":{"line":211,"column":12},"end":{"line":217,"column":18}},"110":{"start":{"line":213,"column":20},"end":{"line":213,"column":49}},"111":{"start":{"line":214,"column":20},"end":{"line":214,"column":52}},"112":{"start":{"line":215,"column":20},"end":{"line":215,"column":58}},"113":{"start":{"line":216,"column":20},"end":{"line":216,"column":60}},"114":{"start":{"line":219,"column":8},"end":{"line":226,"column":10}},"115":{"start":{"line":221,"column":12},"end":{"line":221,"column":23}},"116":{"start":{"line":223,"column":12},"end":{"line":225,"column":47}},"117":{"start":{"line":224,"column":16},"end":{"line":224,"column":45}},"118":{"start":{"line":227,"column":8},"end":{"line":234,"column":10}},"119":{"start":{"line":229,"column":12},"end":{"line":229,"column":23}},"120":{"start":{"line":231,"column":12},"end":{"line":233,"column":62}},"121":{"start":{"line":232,"column":16},"end":{"line":232,"column":45}},"122":{"start":{"line":235,"column":8},"end":{"line":242,"column":10}},"123":{"start":{"line":237,"column":12},"end":{"line":237,"column":25}},"124":{"start":{"line":239,"column":12},"end":{"line":241,"column":62}},"125":{"start":{"line":240,"column":16},"end":{"line":240,"column":45}},"126":{"start":{"line":243,"column":8},"end":{"line":250,"column":10}},"127":{"start":{"line":245,"column":12},"end":{"line":245,"column":22}},"128":{"start":{"line":247,"column":12},"end":{"line":249,"column":62}},"129":{"start":{"line":248,"column":16},"end":{"line":248,"column":45}},"130":{"start":{"line":251,"column":8},"end":{"line":258,"column":10}},"131":{"start":{"line":253,"column":12},"end":{"line":253,"column":30}},"132":{"start":{"line":255,"column":12},"end":{"line":257,"column":62}},"133":{"start":{"line":256,"column":16},"end":{"line":256,"column":45}},"134":{"start":{"line":259,"column":8},"end":{"line":266,"column":10}},"135":{"start":{"line":261,"column":12},"end":{"line":261,"column":25}},"136":{"start":{"line":263,"column":12},"end":{"line":265,"column":62}},"137":{"start":{"line":264,"column":16},"end":{"line":264,"column":45}},"138":{"start":{"line":267,"column":8},"end":{"line":274,"column":10}},"139":{"start":{"line":269,"column":12},"end":{"line":269,"column":20}},"140":{"start":{"line":271,"column":12},"end":{"line":273,"column":44}},"141":{"start":{"line":272,"column":16},"end":{"line":272,"column":45}},"142":{"start":{"line":275,"column":8},"end":{"line":282,"column":10}},"143":{"start":{"line":277,"column":12},"end":{"line":277,"column":20}},"144":{"start":{"line":279,"column":12},"end":{"line":281,"column":59}},"145":{"start":{"line":280,"column":16},"end":{"line":280,"column":45}},"146":{"start":{"line":283,"column":8},"end":{"line":290,"column":10}},"147":{"start":{"line":285,"column":12},"end":{"line":285,"column":22}},"148":{"start":{"line":287,"column":12},"end":{"line":289,"column":59}},"149":{"start":{"line":288,"column":16},"end":{"line":288,"column":45}},"150":{"start":{"line":291,"column":8},"end":{"line":298,"column":10}},"151":{"start":{"line":293,"column":12},"end":{"line":293,"column":27}},"152":{"start":{"line":295,"column":12},"end":{"line":297,"column":59}},"153":{"start":{"line":296,"column":16},"end":{"line":296,"column":45}},"154":{"start":{"line":299,"column":8},"end":{"line":306,"column":10}},"155":{"start":{"line":301,"column":12},"end":{"line":301,"column":22}},"156":{"start":{"line":303,"column":12},"end":{"line":305,"column":59}},"157":{"start":{"line":304,"column":16},"end":{"line":304,"column":45}},"158":{"start":{"line":307,"column":8},"end":{"line":314,"column":10}},"159":{"start":{"line":309,"column":12},"end":{"line":309,"column":20}},"160":{"start":{"line":311,"column":12},"end":{"line":313,"column":59}},"161":{"start":{"line":312,"column":16},"end":{"line":312,"column":45}},"162":{"start":{"line":317,"column":4},"end":{"line":512,"column":6}},"163":{"start":{"line":318,"column":19},"end":{"line":318,"column":27}},"164":{"start":{"line":319,"column":22},"end":{"line":319,"column":29}},"165":{"start":{"line":321,"column":23},"end":{"line":321,"column":28}},"166":{"start":{"line":322,"column":30},"end":{"line":322,"column":38}},"167":{"start":{"line":323,"column":19},"end":{"line":323,"column":65}},"168":{"start":{"line":327,"column":8},"end":{"line":334,"column":10}},"169":{"start":{"line":328,"column":12},"end":{"line":328,"column":53}},"170":{"start":{"line":330,"column":12},"end":{"line":333,"column":52}},"171":{"start":{"line":331,"column":28},"end":{"line":331,"column":36}},"172":{"start":{"line":332,"column":28},"end":{"line":332,"column":68}},"173":{"start":{"line":333,"column":37},"end":{"line":333,"column":51}},"174":{"start":{"line":336,"column":8},"end":{"line":347,"column":10}},"175":{"start":{"line":338,"column":12},"end":{"line":346,"column":18}},"176":{"start":{"line":339,"column":28},"end":{"line":339,"column":57}},"177":{"start":{"line":341,"column":20},"end":{"line":341,"column":49}},"178":{"start":{"line":342,"column":20},"end":{"line":342,"column":57}},"179":{"start":{"line":343,"column":20},"end":{"line":343,"column":63}},"180":{"start":{"line":344,"column":20},"end":{"line":344,"column":55}},"181":{"start":{"line":345,"column":20},"end":{"line":345,"column":60}},"182":{"start":{"line":349,"column":8},"end":{"line":359,"column":10}},"183":{"start":{"line":351,"column":30},"end":{"line":351,"column":79}},"184":{"start":{"line":352,"column":12},"end":{"line":358,"column":15}},"185":{"start":{"line":354,"column":17},"end":{"line":354,"column":62}},"186":{"start":{"line":357,"column":16},"end":{"line":357,"column":63}},"187":{"start":{"line":360,"column":8},"end":{"line":367,"column":10}},"188":{"start":{"line":362,"column":12},"end":{"line":362,"column":22}},"189":{"start":{"line":364,"column":12},"end":{"line":366,"column":61}},"190":{"start":{"line":365,"column":16},"end":{"line":365,"column":49}},"191":{"start":{"line":368,"column":8},"end":{"line":375,"column":10}},"192":{"start":{"line":370,"column":12},"end":{"line":370,"column":25}},"193":{"start":{"line":372,"column":12},"end":{"line":374,"column":61}},"194":{"start":{"line":373,"column":16},"end":{"line":373,"column":49}},"195":{"start":{"line":376,"column":8},"end":{"line":383,"column":10}},"196":{"start":{"line":378,"column":12},"end":{"line":378,"column":23}},"197":{"start":{"line":380,"column":12},"end":{"line":382,"column":61}},"198":{"start":{"line":381,"column":16},"end":{"line":381,"column":49}},"199":{"start":{"line":384,"column":8},"end":{"line":391,"column":10}},"200":{"start":{"line":386,"column":12},"end":{"line":386,"column":23}},"201":{"start":{"line":388,"column":12},"end":{"line":390,"column":61}},"202":{"start":{"line":389,"column":16},"end":{"line":389,"column":49}},"203":{"start":{"line":392,"column":8},"end":{"line":399,"column":10}},"204":{"start":{"line":394,"column":12},"end":{"line":394,"column":30}},"205":{"start":{"line":396,"column":12},"end":{"line":398,"column":61}},"206":{"start":{"line":397,"column":16},"end":{"line":397,"column":49}},"207":{"start":{"line":400,"column":8},"end":{"line":407,"column":10}},"208":{"start":{"line":402,"column":12},"end":{"line":402,"column":25}},"209":{"start":{"line":404,"column":12},"end":{"line":406,"column":61}},"210":{"start":{"line":405,"column":16},"end":{"line":405,"column":49}},"211":{"start":{"line":408,"column":8},"end":{"line":415,"column":10}},"212":{"start":{"line":410,"column":12},"end":{"line":410,"column":23}},"213":{"start":{"line":412,"column":12},"end":{"line":414,"column":46}},"214":{"start":{"line":413,"column":16},"end":{"line":413,"column":49}},"215":{"start":{"line":416,"column":8},"end":{"line":423,"column":10}},"216":{"start":{"line":418,"column":12},"end":{"line":418,"column":20}},"217":{"start":{"line":420,"column":12},"end":{"line":422,"column":58}},"218":{"start":{"line":421,"column":16},"end":{"line":421,"column":49}},"219":{"start":{"line":424,"column":8},"end":{"line":431,"column":10}},"220":{"start":{"line":426,"column":12},"end":{"line":426,"column":20}},"221":{"start":{"line":428,"column":12},"end":{"line":430,"column":58}},"222":{"start":{"line":429,"column":16},"end":{"line":429,"column":49}},"223":{"start":{"line":432,"column":8},"end":{"line":439,"column":10}},"224":{"start":{"line":434,"column":12},"end":{"line":434,"column":19}},"225":{"start":{"line":436,"column":12},"end":{"line":438,"column":58}},"226":{"start":{"line":437,"column":16},"end":{"line":437,"column":49}},"227":{"start":{"line":440,"column":8},"end":{"line":447,"column":10}},"228":{"start":{"line":442,"column":12},"end":{"line":442,"column":27}},"229":{"start":{"line":444,"column":12},"end":{"line":446,"column":58}},"230":{"start":{"line":445,"column":16},"end":{"line":445,"column":49}},"231":{"start":{"line":448,"column":8},"end":{"line":455,"column":10}},"232":{"start":{"line":450,"column":12},"end":{"line":450,"column":22}},"233":{"start":{"line":452,"column":12},"end":{"line":454,"column":58}},"234":{"start":{"line":453,"column":16},"end":{"line":453,"column":49}},"235":{"start":{"line":456,"column":8},"end":{"line":463,"column":10}},"236":{"start":{"line":458,"column":12},"end":{"line":458,"column":20}},"237":{"start":{"line":460,"column":12},"end":{"line":462,"column":43}},"238":{"start":{"line":461,"column":16},"end":{"line":461,"column":49}},"239":{"start":{"line":464,"column":8},"end":{"line":471,"column":10}},"240":{"start":{"line":466,"column":12},"end":{"line":466,"column":25}},"241":{"start":{"line":468,"column":12},"end":{"line":470,"column":60}},"242":{"start":{"line":469,"column":16},"end":{"line":469,"column":49}},"243":{"start":{"line":472,"column":8},"end":{"line":479,"column":10}},"244":{"start":{"line":474,"column":12},"end":{"line":474,"column":20}},"245":{"start":{"line":476,"column":12},"end":{"line":478,"column":60}},"246":{"start":{"line":477,"column":16},"end":{"line":477,"column":49}},"247":{"start":{"line":480,"column":8},"end":{"line":487,"column":10}},"248":{"start":{"line":482,"column":12},"end":{"line":482,"column":23}},"249":{"start":{"line":484,"column":12},"end":{"line":486,"column":60}},"250":{"start":{"line":485,"column":16},"end":{"line":485,"column":49}},"251":{"start":{"line":488,"column":8},"end":{"line":495,"column":10}},"252":{"start":{"line":490,"column":12},"end":{"line":490,"column":28}},"253":{"start":{"line":492,"column":12},"end":{"line":494,"column":60}},"254":{"start":{"line":493,"column":16},"end":{"line":493,"column":49}},"255":{"start":{"line":496,"column":8},"end":{"line":503,"column":10}},"256":{"start":{"line":498,"column":12},"end":{"line":498,"column":23}},"257":{"start":{"line":500,"column":12},"end":{"line":502,"column":60}},"258":{"start":{"line":501,"column":16},"end":{"line":501,"column":49}},"259":{"start":{"line":504,"column":8},"end":{"line":511,"column":10}},"260":{"start":{"line":506,"column":12},"end":{"line":506,"column":21}},"261":{"start":{"line":508,"column":12},"end":{"line":510,"column":56}},"262":{"start":{"line":509,"column":16},"end":{"line":509,"column":49}},"263":{"start":{"line":514,"column":4},"end":{"line":752,"column":6}},"264":{"start":{"line":515,"column":19},"end":{"line":515,"column":27}},"265":{"start":{"line":516,"column":22},"end":{"line":516,"column":29}},"266":{"start":{"line":519,"column":30},"end":{"line":519,"column":35}},"267":{"start":{"line":523,"column":8},"end":{"line":531,"column":10}},"268":{"start":{"line":524,"column":12},"end":{"line":524,"column":53}},"269":{"start":{"line":525,"column":12},"end":{"line":525,"column":28}},"270":{"start":{"line":527,"column":12},"end":{"line":530,"column":52}},"271":{"start":{"line":528,"column":28},"end":{"line":528,"column":36}},"272":{"start":{"line":529,"column":28},"end":{"line":529,"column":68}},"273":{"start":{"line":530,"column":37},"end":{"line":530,"column":51}},"274":{"start":{"line":533,"column":8},"end":{"line":540,"column":10}},"275":{"start":{"line":534,"column":12},"end":{"line":539,"column":105}},"276":{"start":{"line":535,"column":28},"end":{"line":535,"column":57}},"277":{"start":{"line":537,"column":20},"end":{"line":537,"column":58}},"278":{"start":{"line":539,"column":32},"end":{"line":539,"column":104}},"279":{"start":{"line":541,"column":8},"end":{"line":551,"column":10}},"280":{"start":{"line":543,"column":30},"end":{"line":543,"column":79}},"281":{"start":{"line":544,"column":12},"end":{"line":550,"column":15}},"282":{"start":{"line":546,"column":17},"end":{"line":546,"column":62}},"283":{"start":{"line":549,"column":16},"end":{"line":549,"column":63}},"284":{"start":{"line":552,"column":8},"end":{"line":559,"column":10}},"285":{"start":{"line":554,"column":12},"end":{"line":554,"column":19}},"286":{"start":{"line":556,"column":12},"end":{"line":558,"column":58}},"287":{"start":{"line":557,"column":16},"end":{"line":557,"column":63}},"288":{"start":{"line":560,"column":8},"end":{"line":567,"column":10}},"289":{"start":{"line":562,"column":12},"end":{"line":562,"column":22}},"290":{"start":{"line":564,"column":12},"end":{"line":566,"column":59}},"291":{"start":{"line":565,"column":16},"end":{"line":565,"column":63}},"292":{"start":{"line":568,"column":8},"end":{"line":575,"column":10}},"293":{"start":{"line":570,"column":12},"end":{"line":570,"column":20}},"294":{"start":{"line":572,"column":12},"end":{"line":574,"column":58}},"295":{"start":{"line":573,"column":16},"end":{"line":573,"column":63}},"296":{"start":{"line":576,"column":8},"end":{"line":583,"column":10}},"297":{"start":{"line":578,"column":12},"end":{"line":578,"column":20}},"298":{"start":{"line":580,"column":12},"end":{"line":582,"column":58}},"299":{"start":{"line":581,"column":16},"end":{"line":581,"column":63}},"300":{"start":{"line":584,"column":8},"end":{"line":591,"column":10}},"301":{"start":{"line":586,"column":12},"end":{"line":586,"column":27}},"302":{"start":{"line":588,"column":12},"end":{"line":590,"column":58}},"303":{"start":{"line":589,"column":16},"end":{"line":589,"column":63}},"304":{"start":{"line":592,"column":8},"end":{"line":599,"column":10}},"305":{"start":{"line":594,"column":12},"end":{"line":594,"column":22}},"306":{"start":{"line":596,"column":12},"end":{"line":598,"column":58}},"307":{"start":{"line":597,"column":16},"end":{"line":597,"column":63}},"308":{"start":{"line":600,"column":8},"end":{"line":607,"column":10}},"309":{"start":{"line":602,"column":12},"end":{"line":602,"column":30}},"310":{"start":{"line":604,"column":12},"end":{"line":606,"column":61}},"311":{"start":{"line":605,"column":16},"end":{"line":605,"column":63}},"312":{"start":{"line":608,"column":8},"end":{"line":615,"column":10}},"313":{"start":{"line":610,"column":12},"end":{"line":610,"column":25}},"314":{"start":{"line":612,"column":12},"end":{"line":614,"column":61}},"315":{"start":{"line":613,"column":16},"end":{"line":613,"column":63}},"316":{"start":{"line":616,"column":8},"end":{"line":623,"column":10}},"317":{"start":{"line":618,"column":12},"end":{"line":618,"column":23}},"318":{"start":{"line":620,"column":12},"end":{"line":622,"column":61}},"319":{"start":{"line":621,"column":16},"end":{"line":621,"column":63}},"320":{"start":{"line":624,"column":8},"end":{"line":631,"column":10}},"321":{"start":{"line":626,"column":12},"end":{"line":626,"column":22}},"322":{"start":{"line":628,"column":12},"end":{"line":630,"column":61}},"323":{"start":{"line":629,"column":16},"end":{"line":629,"column":63}},"324":{"start":{"line":632,"column":8},"end":{"line":639,"column":10}},"325":{"start":{"line":634,"column":12},"end":{"line":634,"column":25}},"326":{"start":{"line":636,"column":12},"end":{"line":638,"column":61}},"327":{"start":{"line":637,"column":16},"end":{"line":637,"column":63}},"328":{"start":{"line":640,"column":8},"end":{"line":647,"column":10}},"329":{"start":{"line":642,"column":12},"end":{"line":642,"column":29}},"330":{"start":{"line":644,"column":12},"end":{"line":646,"column":63}},"331":{"start":{"line":645,"column":16},"end":{"line":645,"column":63}},"332":{"start":{"line":648,"column":8},"end":{"line":655,"column":10}},"333":{"start":{"line":650,"column":12},"end":{"line":650,"column":25}},"334":{"start":{"line":652,"column":12},"end":{"line":654,"column":49}},"335":{"start":{"line":653,"column":16},"end":{"line":653,"column":63}},"336":{"start":{"line":656,"column":8},"end":{"line":663,"column":10}},"337":{"start":{"line":658,"column":12},"end":{"line":658,"column":27}},"338":{"start":{"line":660,"column":12},"end":{"line":662,"column":63}},"339":{"start":{"line":661,"column":16},"end":{"line":661,"column":63}},"340":{"start":{"line":664,"column":8},"end":{"line":671,"column":10}},"341":{"start":{"line":666,"column":12},"end":{"line":666,"column":25}},"342":{"start":{"line":668,"column":12},"end":{"line":670,"column":63}},"343":{"start":{"line":669,"column":16},"end":{"line":669,"column":63}},"344":{"start":{"line":672,"column":8},"end":{"line":679,"column":10}},"345":{"start":{"line":674,"column":12},"end":{"line":674,"column":25}},"346":{"start":{"line":676,"column":12},"end":{"line":678,"column":63}},"347":{"start":{"line":677,"column":16},"end":{"line":677,"column":63}},"348":{"start":{"line":680,"column":8},"end":{"line":687,"column":10}},"349":{"start":{"line":682,"column":12},"end":{"line":682,"column":27}},"350":{"start":{"line":684,"column":12},"end":{"line":686,"column":63}},"351":{"start":{"line":685,"column":16},"end":{"line":685,"column":63}},"352":{"start":{"line":688,"column":8},"end":{"line":695,"column":10}},"353":{"start":{"line":690,"column":12},"end":{"line":690,"column":32}},"354":{"start":{"line":692,"column":12},"end":{"line":694,"column":63}},"355":{"start":{"line":693,"column":16},"end":{"line":693,"column":63}},"356":{"start":{"line":696,"column":8},"end":{"line":703,"column":10}},"357":{"start":{"line":698,"column":12},"end":{"line":698,"column":24}},"358":{"start":{"line":700,"column":12},"end":{"line":702,"column":63}},"359":{"start":{"line":701,"column":16},"end":{"line":701,"column":63}},"360":{"start":{"line":704,"column":8},"end":{"line":711,"column":10}},"361":{"start":{"line":706,"column":12},"end":{"line":706,"column":27}},"362":{"start":{"line":708,"column":12},"end":{"line":710,"column":63}},"363":{"start":{"line":709,"column":16},"end":{"line":709,"column":63}},"364":{"start":{"line":712,"column":8},"end":{"line":719,"column":10}},"365":{"start":{"line":714,"column":12},"end":{"line":714,"column":32}},"366":{"start":{"line":716,"column":12},"end":{"line":718,"column":63}},"367":{"start":{"line":717,"column":16},"end":{"line":717,"column":63}},"368":{"start":{"line":720,"column":8},"end":{"line":727,"column":10}},"369":{"start":{"line":722,"column":12},"end":{"line":722,"column":27}},"370":{"start":{"line":724,"column":12},"end":{"line":726,"column":63}},"371":{"start":{"line":725,"column":16},"end":{"line":725,"column":63}},"372":{"start":{"line":728,"column":8},"end":{"line":735,"column":10}},"373":{"start":{"line":730,"column":12},"end":{"line":730,"column":25}},"374":{"start":{"line":732,"column":12},"end":{"line":734,"column":63}},"375":{"start":{"line":733,"column":16},"end":{"line":733,"column":63}},"376":{"start":{"line":736,"column":8},"end":{"line":743,"column":10}},"377":{"start":{"line":738,"column":12},"end":{"line":
[...]
{"line":432,"column":57}},"loc":{"start":{"line":432,"column":62},"end":{"line":439,"column":9}},"line":432},"107":{"name":"(anonymous_107)","decl":{"start":{"line":436,"column":19},"end":{"line":436,"column":20}},"loc":{"start":{"line":437,"column":16},"end":{"line":437,"column":49}},"line":437},"108":{"name":"(anonymous_108)","decl":{"start":{"line":440,"column":59},"end":{"line":440,"column":60}},"loc":{"start":{"line":440,"column":65},"end":{"line":447,"column":9}},"line":440},"109":{"name":"(anonymous_109)","decl":{"start":{"line":444,"column":19},"end":{"line":444,"column":20}},"loc":{"start":{"line":445,"column":16},"end":{"line":445,"column":49}},"line":445},"110":{"name":"(anonymous_110)","decl":{"start":{"line":448,"column":54},"end":{"line":448,"column":55}},"loc":{"start":{"line":448,"column":60},"end":{"line":455,"column":9}},"line":448},"111":{"name":"(anonymous_111)","decl":{"start":{"line":452,"column":19},"end":{"line":452,"column":20}},"loc":{"start":{"line":453,"column":16},"end":{"line":453,"column":49}},"line":453},"112":{"name":"(anonymous_112)","decl":{"start":{"line":456,"column":55},"end":{"line":456,"column":56}},"loc":{"start":{"line":456,"column":61},"end":{"line":463,"column":9}},"line":456},"113":{"name":"(anonymous_113)","decl":{"start":{"line":460,"column":19},"end":{"line":460,"column":20}},"loc":{"start":{"line":461,"column":16},"end":{"line":461,"column":49}},"line":461},"114":{"name":"(anonymous_114)","decl":{"start":{"line":464,"column":58},"end":{"line":464,"column":59}},"loc":{"start":{"line":464,"column":64},"end":{"line":471,"column":9}},"line":464},"115":{"name":"(anonymous_115)","decl":{"start":{"line":468,"column":19},"end":{"line":468,"column":20}},"loc":{"start":{"line":469,"column":16},"end":{"line":469,"column":49}},"line":469},"116":{"name":"(anonymous_116)","decl":{"start":{"line":472,"column":58},"end":{"line":472,"column":59}},"loc":{"start":{"line":472,"column":64},"end":{"line":479,"column":9}},"line":472},"117":{"name":"(anonymous_117)","decl":{"start":{"line":476,"column":19},"end":{"line":476,"column":20}},"loc":{"start":{"line":477,"column":16},"end":{"line":477,"column":49}},"line":477},"118":{"name":"(anonymous_118)","decl":{"start":{"line":480,"column":59},"end":{"line":480,"column":60}},"loc":{"start":{"line":480,"column":65},"end":{"line":487,"column":9}},"line":480},"119":{"name":"(anonymous_119)","decl":{"start":{"line":484,"column":19},"end":{"line":484,"column":20}},"loc":{"start":{"line":485,"column":16},"end":{"line":485,"column":49}},"line":485},"120":{"name":"(anonymous_120)","decl":{"start":{"line":488,"column":61},"end":{"line":488,"column":62}},"loc":{"start":{"line":488,"column":67},"end":{"line":495,"column":9}},"line":488},"121":{"name":"(anonymous_121)","decl":{"start":{"line":492,"column":19},"end":{"line":492,"column":20}},"loc":{"start":{"line":493,"column":16},"end":{"line":493,"column":49}},"line":493},"122":{"name":"(anonymous_122)","decl":{"start":{"line":496,"column":56},"end":{"line":496,"column":57}},"loc":{"start":{"line":496,"column":62},"end":{"line":503,"column":9}},"line":496},"123":{"name":"(anonymous_123)","decl":{"start":{"line":500,"column":19},"end":{"line":500,"column":20}},"loc":{"start":{"line":501,"column":16},"end":{"line":501,"column":49}},"line":501},"124":{"name":"(anonymous_124)","decl":{"start":{"line":504,"column":57},"end":{"line":504,"column":58}},"loc":{"start":{"line":504,"column":63},"end":{"line":511,"column":9}},"line":504},"125":{"name":"(anonymous_125)","decl":{"start":{"line":508,"column":19},"end":{"line":508,"column":20}},"loc":{"start":{"line":509,"column":16},"end":{"line":509,"column":49}},"line":509},"126":{"name":"(anonymous_126)","decl":{"start":{"line":514,"column":23},"end":{"line":514,"column":24}},"loc":{"start":{"line":514,"column":29},"end":{"line":752,"column":5}},"line":514},"127":{"name":"(anonymous_127)","decl":{"start":{"line":523,"column":19},"end":{"line":523,"column":20}},"loc":{"start":{"line":523,"column":25},"end":{"line":531,"column":9}},"line":523},"128":{"name":"(anonymous_128)","decl":{"start":{"line":528,"column":22},"end":{"line":528,"column":23}},"loc":{"start":{"line":528,"column":28},"end":{"line":528,"column":36}},"line":528},"129":{"name":"(anonymous_129)","decl":{"start":{"line":529,"column":22},"end":{"line":529,"column":23}},"loc":{"start":{"line":529,"column":28},"end":{"line":529,"column":68}},"line":529},"130":{"name":"(anonymous_130)","decl":{"start":{"line":530,"column":22},"end":{"line":530,"column":23}},"loc":{"start":{"line":530,"column":37},"end":{"line":530,"column":51}},"line":530},"131":{"name":"(anonymous_131)","decl":{"start":{"line":533,"column":45},"end":{"line":533,"column":46}},"loc":{"start":{"line":533,"column":51},"end":{"line":540,"column":9}},"line":533},"132":{"name":"(anonymous_132)","decl":{"start":{"line":535,"column":22},"end":{"line":535,"column":23}},"loc":{"start":{"line":535,"column":28},"end":{"line":535,"column":57}},"line":535},"133":{"name":"(anonymous_133)","decl":{"start":{"line":536,"column":22},"end":{"line":536,"column":23}},"loc":{"start":{"line":536,"column":28},"end":{"line":538,"column":17}},"line":536},"134":{"name":"(anonymous_134)","decl":{"start":{"line":539,"column":23},"end":{"line":539,"column":24}},"loc":{"start":{"line":539,"column":32},"end":{"line":539,"column":104}},"line":539},"135":{"name":"(anonymous_135)","decl":{"start":{"line":541,"column":47},"end":{"line":541,"column":48}},"loc":{"start":{"line":541,"column":53},"end":{"line":551,"column":9}},"line":541},"136":{"name":"(anonymous_136)","decl":{"start":{"line":545,"column":19},"end":{"line":545,"column":20}},"loc":{"start":{"line":545,"column":25},"end":{"line":547,"column":14}},"line":545},"137":{"name":"(anonymous_137)","decl":{"start":{"line":548,"column":20},"end":{"line":548,"column":21}},"loc":{"start":{"line":548,"column":29},"end":{"line":550,"column":14}},"line":548},"138":{"name":"(anonymous_138)","decl":{"start":{"line":552,"column":56},"end":{"line":552,"column":57}},"loc":{"start":{"line":552,"column":62},"end":{"line":559,"column":9}},"line":552},"139":{"name":"(anonymous_139)","decl":{"start":{"line":556,"column":19},"end":{"line":556,"column":20}},"loc":{"start":{"line":557,"column":16},"end":{"line":557,"column":63}},"line":557},"140":{"name":"(anonymous_140)","decl":{"start":{"line":560,"column":57},"end":{"line":560,"column":58}},"loc":{"start":{"line":560,"column":63},"end":{"line":567,"column":9}},"line":560},"141":{"name":"(anonymous_141)","decl":{"start":{"line":564,"column":19},"end":{"line":564,"column":20}},"loc":{"start":{"line":565,"column":16},"end":{"line":565,"column":63}},"line":565},"142":{"name":"(anonymous_142)","decl":{"start":{"line":568,"column":56},"end":{"line":568,"column":57}},"loc":{"start":{"line":568,"column":62},"end":{"line":575,"column":9}},"line":568},"143":{"name":"(anonymous_143)","decl":{"start":{"line":572,"column":19},"end":{"line":572,"column":20}},"loc":{"start":{"line":573,"column":16},"end":{"line":573,"column":63}},"line":573},"144":{"name":"(anonymous_144)","decl":{"start":{"line":576,"column":55},"end":{"line":576,"column":56}},"loc":{"start":{"line":576,"column":61},"end":{"line":583,"column":9}},"line":576},"145":{"name":"(anonymous_145)","decl":{"start":{"line":580,"column":19},"end":{"line":580,"column":20}},"loc":{"start":{"line":581,"column":16},"end":{"line":581,"column":63}},"line":581},"146":{"name":"(anonymous_146)","decl":{"start":{"line":584,"column":59},"end":{"line":584,"column":60}},"loc":{"start":{"line":584,"column":65},"end":{"line":591,"column":9}},"line":584},"147":{"name":"(anonymous_147)","decl":{"start":{"line":588,"column":19},"end":{"line":588,"column":20}},"loc":{"start":{"line":589,"column":16},"end":{"line":589,"column":63}},"line":589},"148":{"name":"(anonymous_148)","decl":{"start":{"line":592,"column":54},"end":{"line":592,"column":55}},"loc":{"start":{"line":592,"column":60},"end":{"line":599,"column":9}},"line":592},"149":{"name":"(anonymous_149)","decl":{"start":{"line":596,"column":19},"end":{"line":596,"column":20}},"loc":{"start":{"line":597,"column":16},"end":{"line":597,"column":63}},"line":597},"150":{"name":"(anonymous_150)","decl":{"start":{"line":600,"column":62},"end":{"line":600,"column":63}},"loc":{"start":{"line":600,"column":68},"end":{"line":607,"column":9}},"line":600},"151":{"name":"(anonymous_151)","decl":{"start":{"line":604,"column":19},"end":{"line":604,"column":20}},"loc":{"start":{"line":605,"column":16},"end":{"line":605,"column":63}},"line":605},"152":{"name":"(anonymous_152)","decl":{"start":{"line":608,"column":57},"end":{"line":608,"column":58}},"loc":{"start":{"line":608,"column":63},"end":{"line":615,"column":9}},"line":608},"153":{"name":"(anonymous_153)","decl":{"start":{"line":612,"column":19},"end":{"line":612,"column":20}},"loc":{"start":{"line":613,"column":16},"end":{"line":613,"column":63}},"line":613},"154":{"name":"(anonymous_154)","decl":{"start":{"line":616,"column":59},"end":{"line":616,"column":60}},"loc":{"start":{"line":616,"column":65},"end":{"line":623,"column":9}},"line":616},"155":{"name":"(anonymous_155)","decl":{"start":{"line":620,"column":19},"end":{"line":620,"column":20}},"loc":{"start":{"line":621,"column":16},"end":{"line":621,"column":63}},"line":621},"156":{"name":"(anonymous_156)","decl":{"start":{"line":624,"column":59},"end":{"line":624,"column":60}},"loc":{"start":{"line":624,"column":65},"end":{"line":631,"column":9}},"line":624},"157":{"name":"(anonymous_157)","decl":{"start":{"line":628,"column":19},"end":{"line":628,"column":20}},"loc":{"start":{"line":629,"column":16},"end":{"line":629,"column":63}},"line":629},"158":{"name":"(anonymous_158)","decl":{"start":{"line":632,"column":60},"end":{"line":632,"column":61}},"loc":{"start":{"line":632,"column":66},"end":{"line":639,"column":9}},"line":632},"159":{"name":"(anonymous_159)","decl":{"start":{"line":636,"column":19},"end":{"line":636,"column":20}},"loc":{"start":{"line":637,"column":16},"end":{"line":637,"column":63}},"line":637},"160":{"name":"(anonymous_160)","decl":{"start":{"line":640,"column":62},"end":{"line":640,"column":63}},"loc":{"start":{"line":640,"column":68},"end":{"line":647,"column":9}},"line":640},"161":{"name":"(anonymous_161)","decl":{"start":{"line":644,"column":19},"end":{"line":644,"column":20}},"loc":{"start":{"line":645,"column":16},"end":{"line":645,"column":63}},"line":645},"162":{"name":"(anonymous_162)","decl":{"start":{"line":648,"column":43},"end":{"line":648,"column":44}},"loc":{"start":{"line":648,"column":49},"end":{"line":655,"column":9}},"line":648},"163":{"name":"(anonymous_163)","decl":{"start":{"line":652,"column":19},"end":{"line":652,"column":20}},"loc":{"start":{"line":653,"column":16},"end":{"line":653,"column":63}},"line":653},"164":{"name":"(anonymous_164)","decl":{"start":{"line":656,"column":63},"end":{"line":656,"column":64}},"loc":{"start":{"line":656,"column":69},"end":{"line":663,"column":9}},"line":656},"165":{"name":"(anonymous_165)","decl":{"start":{"line":660,"column":19},"end":{"line":660,"column":20}},"loc":{"start":{"line":661,"column":16},"end":{"line":661,"column":63}},"line":661},"166":{"name":"(anonymous_166)","decl":{"start":{"line":664,"column":61},"end":{"line":664,"column":62}},"loc":{"start":{"line":664,"column":67},"end":{"line":671,"column":9}},"line":664},"167":{"name":"(anonymous_167)","decl":{"start":{"line":668,"column":19},"end":{"line":668,"column":20}},"loc":{"start":{"line":669,"column":16},"end":{"line":669,"column":63}},"line":669},"168":{"name":"(anonymous_168)","decl":{"start":{"line":672,"column":62},"end":{"line":672,"column":63}},"loc":{"start":{"line":672,"column":68},"end":{"line":679,"column":9}},"line":672},"169":{"name":"(anonymous_169)","decl":{"start":{"line":676,"column":19},"end":{"line":676,"column":20}},"loc":{"start":{"line":677,"column":16},"end":{"line":677,"column":63}},"line":677},"170":{"name":"(anonymous_170)","decl":{"start":{"line":680,"column":60},"end":{"line":680,"column":61}},"loc":{"start":{"line":680,"column":66},"end":{"line":687,"column":9}},"line":680},"171":{"name":"(anonymous_171)","decl":{"start":{"line":684,"column":19},"end":{"line":684,"column":20}},"loc":{"start":{"line":685,"column":16},"end":{"line":685,"column":63}},"line":685},"172":{"name":"(anonymous_172)","decl":{"start":{"line":688,"column":65},"end":{"line":688,"column":66}},"loc":{"start":{"line":688,"column":71},"end":{"line":695,"column":9}},"line":688},"173":{"name":"(anonymous_173)","decl":{"start":{"line":692,"column":19},"end":{"line":692,"column":20}},"loc":{"start":{"line":693,"column":16},"end":{"line":693,"column":63}},"line":693},"174":{"name":"(anonymous_174)","decl":{"start":{"line":696,"column":62},"end":{"line":696,"column":63}},"loc":{"start":{"line":696,"column":68},"end":{"line":703,"column":9}},"line":696},"175":{"name":"(anonymous_175)","decl":{"start":{"line":700,"column":19},"end":{"line":700,"column":20}},"loc":{"start":{"line":701,"column":16},"end":{"line":701,"column":63}},"line":701},"176":{"name":"(anonymous_176)","decl":{"start":{"line":704,"column":60},"end":{"line":704,"column":61}},"loc":{"start":{"line":704,"column":66},"end":{"line":711,"column":9}},"line":704},"177":{"name":"(anonymous_177)","decl":{"start":{"line":708,"column":19},"end":{"line":708,"column":20}},"loc":{"start":{"line":709,"column":16},"end":{"line":709,"column":63}},"line":709},"178":{"name":"(anonymous_178)","decl":{"start":{"line":712,"column":65},"end":{"line":712,"column":66}},"loc":{"start":{"line":712,"column":71},"end":{"line":719,"column":9}},"line":712},"179":{"name":"(anonymous_179)","decl":{"start":{"line":716,"column":19},"end":{"line":716,"column":20}},"loc":{"start":{"line":717,"column":16},"end":{"line":717,"column":63}},"line":717},"180":{"name":"(anonymous_180)","decl":{"start":{"line":720,"column":63},"end":{"line":720,"column":64}},"loc":{"start":{"line":720,"column":69},"end":{"line":727,"column":9}},"line":720},"181":{"name":"(anonymous_181)","decl":{"start":{"line":724,"column":19},"end":{"line":724,"column":20}},"loc":{"start":{"line":725,"column":16},"end":{"line":725,"column":63}},"line":725},"182":{"name":"(anonymous_182)","decl":{"start":{"line":728,"column":61},"end":{"line":728,"column":62}},"loc":{"start":{"line":728,"column":67},"end":{"line":735,"column":9}},"line":728},"183":{"name":"(anonymous_183)","decl":{"start":{"line":732,"column":19},"end":{"line":732,"column":20}},"loc":{"start":{"line":733,"column":16},"end":{"line":733,"column":63}},"line":733},"184":{"name":"(anonymous_184)","decl":{"start":{"line":736,"column":62},"end":{"line":736,"column":63}},"loc":{"start":{"line":736,"column":68},"end":{"line":743,"column":9}},"line":736},"185":{"name":"(anonymous_185)","decl":{"start":{"line":740,"column":19},"end":{"line":740,"column":20}},"loc":{"start":{"line":741,"column":16},"end":{"line":741,"column":63}},"line":741},"186":{"name":"(anonymous_186)","decl":{"start":{"line":744,"column":61},"end":{"line":744,"column":62}},"loc":{"start":{"line":744,"column":67},"end":{"line":751,"column":9}},"line":744},"187":{"name":"(anonymous_187)","decl":{"start":{"line":748,"column":19},"end":{"line":748,"column":20}},"loc":{"start":{"line":749,"column":16},"end":{"line":749,"column":63}},"line":749}},"branchMap":{},"s":{"0":1,"1":1,"2":1,"3":1,"4":1,"5":1,"6":1,"7":1,"8":1,"9":1,"10":1,"11":1,"12":1,"13":1,"14":0,"15":1,"16":1,"17":1,"18":1,"19":1,"20":1,"21":1,"22":17,"23":17,"24":17,"25":17,"26":1,"27":1,"28":1,"29":1,"30":1,"31":1,"32":1,"33":0,"34":1,"35":1,"36":1,"37":1,"38":0,"39":1,"40":1,"41":1,"42":1,"43":1,"44":1,"45":1,"46":1,"47":1,"48":1,"49":1,"50":1,"51":1,"52":1,"53":1,"54":1,"55":1,"56":1,"57":1,"58":1,"59":1,"60":1,"61":1,"62":1,"63":1,"64":1,"65":1,"66":1,"67":1,"68":1,"69":1,"70":1,"71":1,"72":1,"73":1,"74":1,"75":1,"76":1,"77":1,"78":1,"79":1,"80":1,"81":1,"82":1,"83":1,"84":1,"85":1,"86":1,"87":1,"88":1,"89":1,"90":1,"91":1,"92":1,"93":1,"94":1,"95":1,"96":1,"97":1,"98":1,"99":1,"100":1,"101":1,"102":13,"103":13,"104":13,"105":13,"106":13,"107":13,"108":1,"109":1,"110":1,"111":1,"112":1,"113":1,"114":1,"115":1,"116":1,"117":1,"118":1,"119":1,"120":1,"121":1,"122":1,"123":1,"124":1,"125":1,"126":1,"127":1,"128":1,"129":1,"130":1,"131":1,"132":1,"133":1,"134":1,"135":1,"136":1,"137":1,"138":1,"139":1,"140":1,"141":1,"142":1,"143":1,"144":1,"145":1,"146":1,"147":1,"148":1,"149":1,"150":1,"151":1,"152":1,"153":1,"154":1,"155":1,"156":1,"157":1,"158":1,"159":1,"160":1,"161":1,"162":1,"163":1,"164":1,"165":1,"166":1,"167":1,"168":1,"169":21,"170":21,"171":21,"172":21,"173":21,"174":1,"175":1,"176":1,"177":1,"178":1,"179":1,"180":1,"181":1,"182":1,"183":1,"184":1,"185":0,"186":1,"187":1,"188":1,"189":1,"190":1,"191":1,"192":1,"193":1,"194":1,"195":1,"196":1,"197":1,"198":1,"199":1,"200":1,"201":1,"202":1,"203":1,"204":1,"205":1,"206":1,"207":1,"208":1,"209":1,"210":1,"211":1,"212":1,"213":1,"214":1,"215":1,"216":1,"217":1,"218":1,"219":1,"220":1,"221":1,"222":1,"223":1,"224":1,"225":1,"226":1,"227":1,"228":1,"229":1,"230":1,"231":1,"232":1,"233":1,"234":1,"235":1,"236":1,"237":1,"238":1,"239":1,"240":1,"241":1,"242":1,"243":1,"244":1,"245":1,"246":1,"247":1,"248":1,"249":1,"250":1,"251":1,"252":1,"253":1,"254":1,"255":1,"256":1,"257":1,"258":1,"259":1,"260":1,"261":1,"262":1,"263":1,"264":1,"265":1,"266":1,"267":1,"268":27,"269":27,"270":27,"271":27,"272":27,"273":27,"274":1,"275":1,"276":1,"277":0,"278":1,"279":1,"280":1,"281":1,"282":0,"283":1,"284":1,"285":1,"286":1,"287":1,"288":1,"289":1,"290":1,"291":1,"292":1,"293":1,"294":1,"295":1,"296":1,"297":1,"298":1,"299":1,"300":1,"301":1,"302":1,"303":1,"304":1,"305":1,"306":1,"307":1,"308":1,"309":1,"310":1,"311":1,"312":1,"313":1,"314":1,"315":1,"316":1,"317":1,"318":1,"319":1,"320":1,"321":1,"322":1,"323":1,"324":1,"325":1,"326":1,"327":1,"328":1,"329":1,"330":1,"331":1,"332":1,"333":1,"334":1,"335":1,"336":1,"337":1,"338":1,"339":1,"340":1,"341":1,"342":1,"343":1,"344":1,"345":1,"346":1,"347":1,"348":1,"349":1,"350":1,"351":1,"352":1,"353":1,"354":1,"355":1,"356":1,"357":1,"358":1,"359":1,"360":1,"361":1,"362":1,"363":1,"364":1,"365":1,"366":1,"367":1,"368":1,"369":1,"370":1,"371":1,"372":1,"373":1,"374":1,"375":1,"376":1,"377":1,"378":1,"379":1,"380":1,"381":1,"382":1,"383":1},"f":{"0":1,"1":1,"2":1,"3":1,"4":1,"5":0,"6":1,"7":1,"8":17,"9":17,"10":1,"11":1,"12":1,"13":0,"14":1,"15":1,"16":0,"17":1,"18":1,"19":1,"20":1,"21":1,"22":1,"23":1,"24":1,"25":1,"26":1,"27":1,"28":1,"29":1,"30":1,"31":1,"32":1,"33":1,"34":1,"35":1,"36":1,"37":1,"38":1,"39":1,"40":1,"41":1,"42":1,"43":1,"44":1,"45":1,"46":1,"47":13,"48":13,"49":13,"50":13,"51":1,"52":1,"53":1,"54":1,"55":1,"56":1,"57":1,"58":1,"59":1,"60":1,"61":1,"62":1,"63":1,"64":1,"65":1,"66":1,"67":1,"68":1,"69":1,"70":1,"71":1,"72":1,"73":1,"74":1,"75":1,"76":1,"77":1,"78":21,"79":21,"80":21,"81":21,"82":1,"83":1,"84":1,"85":1,"86":0,"87":1,"88":1,"89":1,"90":1,"91":1,"92":1,"93":1,"94":1,"95":1,"96":1,"97":1,"98":1,"99":1,"100":1,"101":1,"102":1,"103":1,"104":1,"105":1,"106":1,"107":1,"108":1,"109":1,"110":1,"111":1,"112":1,"113":1,"114":1,"115":1,"116":1,"117":1,"118":1,"119":1,"120":1,"121":1,"122":1,"123":1,"124":1,"125":1,"126":1,"127":27,"128":27,"129":27,"130":27,"131":1,"132":1,"133":0,"134":1,"135":1,"136":0,"137":1,"138":1,"139":1,"140":1,"141":1,"142":1,"143":1,"144":1,"145":1,"146":1,"147":1,"148":1,"149":1,"150":1,"151":1,"152":1,"153":1,"154":1,"155":1,"156":1,"157":1,"158":1,"159":1,"160":1,"161":1,"162":1,"163":1,"164":1,"165":1,"166":1,"167":1,"168":1,"169":1,"170":1,"171":1,"172":1,"173":1,"174":1,"175":1,"176":1,"177":1,"178":1,"179":1,"180":1,"181":1,"182":1,"183":1,"184":1,"185":1,"186":1,"187":1},"b":{},"_coverageSchema":"43e27e138ebf9cfc5966b082cf9a028302ed4184","hash":"9cf4ddb6fbe9eb368cdfaa15fd9ad1c69a059a63","contentHash":"73e281d1598acad3eae899710d13cdacd10cea043bb34ca93e4af5d2ab95394f"}}