{"C:\\Users\\marti\\bootcamp\\collab\\skylab-bootcamp-201901\\staff\\marti-malek\\rest-api\\src\\data\\album-comment\\index.spec.js":{"path":"C:\\Users\\marti\\bootcamp\\collab\\skylab-bootcamp-201901\\staff\\marti-malek\\rest-api\\src\\data\\album-comment\\index.spec.js","statementMap":{},"fnMap":{},"branchMap":{},"s":{},"f":{},"b":{},"_coverageSchema":"43e27e138ebf9cfc5966b082cf9a028302ed4184","hash":"f7839b39675466308c0ab38aa7559795d251be3c","contentHash":"7aefad1bc0d24c92b322a1ba4ef08a573f8d660de8d7534f1e8d5ba4d312cc58"},"C:\\Users\\marti\\bootcamp\\collab\\skylab-bootcamp-201901\\staff\\marti-malek\\rest-api\\src\\data\\artist-comments\\index.spec.js":{"path":"C:\\Users\\marti\\bootcamp\\collab\\skylab-bootcamp-201901\\staff\\marti-malek\\rest-api\\src\\data\\artist-comments\\index.spec.js","statementMap":{"0":{"start":{"line":3,"column":15},"end":{"line":3,"column":32}},"1":{"start":{"line":4,"column":13},"end":{"line":4,"column":28}},"2":{"start":{"line":5,"column":12},"end":{"line":5,"column":34}},"3":{"start":{"line":6,"column":22},"end":{"line":6,"column":34}},"4":{"start":{"line":7,"column":13},"end":{"line":7,"column":28}},"5":{"start":{"line":9,"column":0},"end":{"line":391,"column":2}},"6":{"start":{"line":10,"column":17},"end":{"line":10,"column":57}},"7":{"start":{"line":12,"column":4},"end":{"line":12,"column":61}},"8":{"start":{"line":12,"column":21},"end":{"line":12,"column":60}},"9":{"start":{"line":14,"column":4},"end":{"line":56,"column":6}},"10":{"start":{"line":15,"column":25},"end":{"line":37,"column":9}},"11":{"start":{"line":39,"column":8},"end":{"line":39,"column":71}},"12":{"start":{"line":39,"column":25},"end":{"line":39,"column":70}},"13":{"start":{"line":41,"column":8},"end":{"line":55,"column":9}},"14":{"start":{"line":42,"column":12},"end":{"line":54,"column":18}},"15":{"start":{"line":44,"column":20},"end":{"line":44,"column":51}},"16":{"start":{"line":45,"column":20},"end":{"line":45,"column":66}},"17":{"start":{"line":47,"column":20},"end":{"line":53,"column":22}},"18":{"start":{"line":48,"column":24},"end":{"line":48,"column":59}},"19":{"start":{"line":49,"column":24},"end":{"line":49,"column":67}},"20":{"start":{"line":50,"column":24},"end":{"line":50,"column":71}},"21":{"start":{"line":51,"column":24},"end":{"line":51,"column":63}},"22":{"start":{"line":52,"column":24},"end":{"line":52,"column":77}},"23":{"start":{"line":58,"column":4},"end":{"line":100,"column":6}},"24":{"start":{"line":59,"column":25},"end":{"line":81,"column":9}},"25":{"start":{"line":83,"column":8},"end":{"line":99,"column":9}},"26":{"start":{"line":84,"column":12},"end":{"line":98,"column":18}},"27":{"start":{"line":85,"column":28},"end":{"line":85,"column":46}},"28":{"start":{"line":86,"column":33},"end":{"line":86,"column":52}},"29":{"start":{"line":88,"column":20},"end":{"line":88,"column":51}},"30":{"start":{"line":89,"column":20},"end":{"line":89,"column":66}},"31":{"start":{"line":91,"column":20},"end":{"line":97,"column":22}},"32":{"start":{"line":92,"column":24},"end":{"line":92,"column":59}},"33":{"start":{"line":93,"column":24},"end":{"line":93,"column":67}},"34":{"start":{"line":94,"column":24},"end":{"line":94,"column":71}},"35":{"start":{"line":95,"column":24},"end":{"line":95,"column":63}},"36":{"start":{"line":96,"column":24},"end":{"line":96,"column":77}},"37":{"start":{"line":102,"column":4},"end":{"line":139,"column":6}},"38":{"start":{"line":103,"column":22},"end":{"line":108,"column":9}},"39":{"start":{"line":110,"column":8},"end":{"line":130,"column":9}},"40":{"start":{"line":111,"column":12},"end":{"line":129,"column":18}},"41":{"start":{"line":113,"column":20},"end":{"line":113,"column":52}},"42":{"start":{"line":115,"column":20},"end":{"line":115,"column":45}},"43":{"start":{"line":117,"column":33},"end":{"line":117,"column":52}},"44":{"start":{"line":119,"column":20},"end":{"line":119,"column":50}},"45":{"start":{"line":120,"column":20},"end":{"line":120,"column":51}},"46":{"start":{"line":122,"column":67},"end":{"line":122,"column":75}},"47":{"start":{"line":124,"column":20},"end":{"line":124,"column":47}},"48":{"start":{"line":125,"column":20},"end":{"line":125,"column":55}},"49":{"start":{"line":126,"column":20},"end":{"line":126,"column":59}},"50":{"start":{"line":127,"column":20},"end":{"line":127,"column":51}},"51":{"start":{"line":128,"column":20},"end":{"line":128,"column":65}},"52":{"start":{"line":131,"column":8},"end":{"line":134,"column":10}},"53":{"start":{"line":132,"column":12},"end":{"line":132,"column":31}},"54":{"start":{"line":133,"column":12},"end":{"line":133,"column":96}},"55":{"start":{"line":133,"column":25},"end":{"line":133,"column":51}},"56":{"start":{"line":135,"column":8},"end":{"line":138,"column":10}},"57":{"start":{"line":136,"column":12},"end":{"line":136,"column":24}},"58":{"start":{"line":137,"column":12},"end":{"line":137,"column":105}},"59":{"start":{"line":137,"column":25},"end":{"line":137,"column":51}},"60":{"start":{"line":141,"column":4},"end":{"line":173,"column":6}},"61":{"start":{"line":142,"column":24},"end":{"line":148,"column":9}},"62":{"start":{"line":150,"column":8},"end":{"line":153,"column":9}},"63":{"start":{"line":152,"column":12},"end":{"line":152,"column":58}},"64":{"start":{"line":155,"column":8},"end":{"line":164,"column":9}},"65":{"start":{"line":156,"column":12},"end":{"line":163,"column":18}},"66":{"start":{"line":158,"column":20},"end":{"line":158,"column":47}},"67":{"start":{"line":159,"column":20},"end":{"line":159,"column":59}},"68":{"start":{"line":160,"column":20},"end":{"line":160,"column":55}},"69":{"start":{"line":161,"column":20},"end":{"line":161,"column":51}},"70":{"start":{"line":162,"column":20},"end":{"line":162,"column":73}},"71":{"start":{"line":165,"column":8},"end":{"line":168,"column":10}},"72":{"start":{"line":166,"column":12},"end":{"line":166,"column":34}},"73":{"start":{"line":167,"column":12},"end":{"line":167,"column":99}},"74":{"start":{"line":167,"column":25},"end":{"line":167,"column":59}},"75":{"start":{"line":169,"column":8},"end":{"line":172,"column":10}},"76":{"start":{"line":170,"column":12},"end":{"line":170,"column":27}},"77":{"start":{"line":171,"column":12},"end":{"line":171,"column":115}},"78":{"start":{"line":171,"column":25},"end":{"line":171,"column":59}},"79":{"start":{"line":175,"column":4},"end":{"line":212,"column":6}},"80":{"start":{"line":176,"column":22},"end":{"line":182,"column":9}},"81":{"start":{"line":184,"column":8},"end":{"line":187,"column":9}},"82":{"start":{"line":186,"column":12},"end":{"line":186,"column":58}},"83":{"start":{"line":189,"column":8},"end":{"line":203,"column":10}},"84":{"start":{"line":190,"column":12},"end":{"line":190,"column":34}},"85":{"start":{"line":192,"column":12},"end":{"line":202,"column":18}},"86":{"start":{"line":193,"column":28},"end":{"line":193,"column":46}},"87":{"start":{"line":194,"column":33},"end":{"line":194,"column":52}},"88":{"start":{"line":195,"column":34},"end":{"line":195,"column":87}},"89":{"start":{"line":195,"column":60},"end":{"line":195,"column":86}},"90":{"start":{"line":197,"column":20},"end":{"line":197,"column":47}},"91":{"start":{"line":198,"column":20},"end":{"line":198,"column":59}},"92":{"start":{"line":199,"column":20},"end":{"line":199,"column":55}},"93":{"start":{"line":200,"column":20},"end":{"line":200,"column":51}},"94":{"start":{"line":201,"column":20},"end":{"line":201,"column":65}},"95":{"start":{"line":204,"column":8},"end":{"line":207,"column":10}},"96":{"start":{"line":205,"column":12},"end":{"line":205,"column":31}},"97":{"start":{"line":206,"column":12},"end":{"line":206,"column":99}},"98":{"start":{"line":206,"column":25},"end":{"line":206,"column":54}},"99":{"start":{"line":208,"column":8},"end":{"line":211,"column":10}},"100":{"start":{"line":209,"column":12},"end":{"line":209,"column":24}},"101":{"start":{"line":210,"column":12},"end":{"line":210,"column":108}},"102":{"start":{"line":210,"column":25},"end":{"line":210,"column":54}},"103":{"start":{"line":214,"column":4},"end":{"line":243,"column":6}},"104":{"start":{"line":215,"column":24},"end":{"line":221,"column":9}},"105":{"start":{"line":223,"column":8},"end":{"line":226,"column":9}},"106":{"start":{"line":225,"column":12},"end":{"line":225,"column":58}},"107":{"start":{"line":228,"column":8},"end":{"line":234,"column":9}},"108":{"start":{"line":229,"column":12},"end":{"line":233,"column":65}},"109":{"start":{"line":230,"column":28},"end":{"line":230,"column":46}},"110":{"start":{"line":231,"column":33},"end":{"line":231,"column":52}},"111":{"start":{"line":232,"column":34},"end":{"line":232,"column":87}},"112":{"start":{"line":232,"column":60},"end":{"line":232,"column":86}},"113":{"start":{"line":233,"column":33},"end":{"line":233,"column":64}},"114":{"start":{"line":235,"column":8},"end":{"line":238,"column":10}},"115":{"start":{"line":236,"column":12},"end":{"line":236,"column":34}},"116":{"start":{"line":237,"column":12},"end":{"line":237,"column":97}},"117":{"start":{"line":237,"column":25},"end":{"line":237,"column":57}},"118":{"start":{"line":239,"column":8},"end":{"line":242,"column":10}},"119":{"start":{"line":240,"column":12},"end":{"line":240,"column":27}},"120":{"start":{"line":241,"column":12},"end":{"line":241,"column":113}},"121":{"start":{"line":241,"column":25},"end":{"line":241,"column":57}},"122":{"start":{"line":245,"column":4},"end":{"line":268,"column":6}},"123":{"start":{"line":246,"column":24},"end":{"line":252,"column":9}},"124":{"start":{"line":254,"column":8},"end":{"line":256,"column":9}},"125":{"start":{"line":255,"column":12},"end":{"line":255,"column":58}},"126":{"start":{"line":258,"column":8},"end":{"line":267,"column":9}},"127":{"start":{"line":259,"column":12},"end":{"line":266,"column":18}},"128":{"start":{"line":260,"column":28},"end":{"line":260,"column":46}},"129":{"start":{"line":261,"column":33},"end":{"line":261,"column":52}},"130":{"start":{"line":263,"column":20},"end":{"line":263,"column":49}},"131":{"start":{"line":264,"column":20},"end":{"line":264,"column":50}},"132":{"start":{"line":265,"column":20},"end":{"line":265,"column":59}},"133":{"start":{"line":270,"column":4},"end":{"line":388,"column":6}},"134":{"start":{"line":271,"column":24},"end":{"line":277,"column":9}},"135":{"start":{"line":279,"column":25},"end":{"line":285,"column":9}},"136":{"start":{"line":287,"column":25},"end":{"line":293,"column":9}},"137":{"start":{"line":295,"column":25},"end":{"line":301,"column":9}},"138":{"start":{"line":303,"column":25},"end":{"line":309,"column":9}},"139":{"start":{"line":311,"column":8},"end":{"line":313,"column":9}},"140":{"start":{"line":312,"column":12},"end":{"line":312,"column":98}},"141":{"start":{"line":315,"column":8},"end":{"line":329,"column":9}},"142":{"start":{"line":316,"column":12},"end":{"line":328,"column":18}},"143":{"start":{"line":318,"column":20},"end":{"line":318,"column":50}},"144":{"start":{"line":319,"column":20},"end":{"line":319,"column":51}},"145":{"start":{"line":321,"column":67},"end":{"line":321,"column":75}},"146":{"start":{"line":323,"column":20},"end":{"line":323,"column":48}},"147":{"start":{"line":324,"column":20},"end":{"line":324,"column":60}},"148":{"start":{"line":325,"column":20},"end":{"line":325,"column":56}},"149":{"start":{"line":326,"column":20},"end":{"line":326,"column":52}},"150":{"start":{"line":327,"column":20},"end":{"line":327,"column":55}},"151":{"start":{"line":331,"column":8},"end":{"line":357,"column":9}},"152":{"start":{"line":332,"column":12},"end":{"line":356,"column":18}},"153":{"start":{"line":334,"column":20},"end":{"line":334,"column":50}},"154":{"start":{"line":335,"column":20},"end":{"line":335,"column":51}},"155":{"start":{"line":337,"column":61},"end":{"line":337,"column":69}},"156":{"start":{"line":339,"column":20},"end":{"line":339,"column":57}},"157":{"start":{"line":340,"column":20},"end":{"line":340,"column":69}},"158":{"start":{"line":341,"column":20},"end":{"line":341,"column":65}},"159":{"start":{"line":342,"column":20},"end":{"line":342,"column":61}},"160":{"start":{"line":343,"column":20},"end":{"line":343,"column":64}},"161":{"start":{"line":345,"column":20},"end":{"line":345,"column":58}},"162":{"start":{"line":346,"column":20},"end":{"line":346,"column":70}},"163":{"start":{"line":347,"column":20},"end":{"line":347,"column":66}},"164":{"start":{"line":348,"column":20},"end":{"line":348,"column":62}},"165":{"start":{"line":349,"column":20},"end":{"line":349,"column":65}},"166":{"start":{"line":351,"column":20},"end":{"line":351,"column":58}},"167":{"start":{"line":352,"column":20},"end":{"line":352,"column":70}},"168":{"start":{"line":353,"column":20},"end":{"line":353,"column":66}},"169":{"start":{"line":354,"column":20},"end":{"line":354,"column":62}},"170":{"start":{"line":355,"column":20},"end":{"line":355,"column":65}},"171":{"start":{"line":359,"column":8},"end":{"line":379,"column":9}},"172":{"start":{"line":360,"column":12},"end":{"line":378,"column":18}},"173":{"start":{"line":362,"column":20},"end":{"line":362,"column":50}},"174":{"start":{"line":363,"column":20},"end":{"line":363,"column":51}},"175":{"start":{"line":365,"column":50},"end":{"line":365,"column":58}},"176":{"start":{"line":367,"column":20},"end":{"line":367,"column":57}},"177":{"start":{"line":368,"column":20},"end":{"line":368,"column":69}},"178":{"start":{"line":369,"column":20},"end":{"line":369,"column":65}},"179":{"start":{"line":370,"column":20},"end":{"line":370,"column":61}},"180":{"start":{"line":371,"column":20},"end":{"line":371,"column":64}},"181":{"start":{"line":373,"column":20},"end":{"line":373,"column":58}},"182":{"start":{"line":374,"column":20},"end":{"line":374,"column":70}},"183":{"start":{"line":375,"column":20},"end":{"line":375,"column":66}},"184":{"start":{"line":376,"column":20},"end":{"line":376,"column":62}},"185":{"start":{"line":377,"column":20},"end":{"line":377,"column":65}},"186":{"start":{"line":380,"column":8},"end":{"line":383,"column":10}},"187":{"start":{"line":381,"column":27},"end":{"line":381,"column":36}},"188":{"start":{"line":382,"column":12},"end":{"line":382,"column":99}},"189":{"start":{"line":382,"column":25},"end":{"line":382,"column":53}},"190":{"start":{"line":384,"column":8},"end":{"line":387,"column":10}},"191":{"start":{"line":385,"column":27},"end":{"line":385,"column":29}},"192":{"start":{"line":386,"column":12},"end":{"line":386,"column":108}},"193":{"start":{"line":386,"column":25},"end":{"line":386,"column":53}},"194":{"start":{"line":390,"column":4},"end":{"line":390,"column":56}},"195":{"start":{"line":390,"column":16},"end":{"line":390,"column":55}}},"fnMap":{"0":{"name":"(anonymous_0)","decl":{"start":{"line":9,"column":33},"end":{"line":9,"column":34}},"loc":{"start":{"line":9,"column":39},"end":{"line":391,"column":1}},"line":9},"1":{"name":"(anonymous_1)","decl":{"start":{"line":12,"column":15},"end":{"line":12,"column":16}},"loc":{"start":{"line":12,"column":21},"end":{"line":12,"column":60}},"line":12},"2":{"name":"(anonymous_2)","decl":{"start":{"line":14,"column":25},"end":{"line":14,"column":26}},"loc":{"start":{"line":14,"column":31},"end":{"line":56,"column":5}},"line":14},"3":{"name":"(anonymous_3)","decl":{"start":{"line":39,"column":19},"end":{"line":39,"column":20}},"loc":{"start":{"line":39,"column":25},"end":{"line":39,"column":70}},"line":39},"4":{"name":"(anonymous_4)","decl":{"start":{"line":41,"column":50},"end":{"line":41,"column":51}},"loc":{"start":{"line":42,"column":12},"end":{"line":54,"column":18}},"line":42},"5":{"name":"(anonymous_5)","decl":{"start":{"line":43,"column":22},"end":{"line":43,"column":23}},"loc":{"start":{"line":43,"column":35},"end":{"line":54,"column":17}},"line":43},"6":{"name":"(anonymous_6)","decl":{"start":{"line":47,"column":38},"end":{"line":47,"column":39}},"loc":{"start":{"line":47,"column":87},"end":{"line":53,"column":21}},"line":47},"7":{"name":"(anonymous_7)","decl":{"start":{"line":58,"column":25},"end":{"line":58,"column":26}},"loc":{"start":{"line":58,"column":31},"end":{"line":100,"column":5}},"line":58},"8":{"name":"(anonymous_8)","decl":{"start":{"line":83,"column":50},"end":{"line":83,"column":51}},"loc":{"start":{"line":84,"column":12},"end":{"line":98,"column":18}},"line":84},"9":{"name":"(anonymous_9)","decl":{"start":{"line":85,"column":22},"end":{"line":85,"column":23}},"loc":{"start":{"line":85,"column":28},"end":{"line":85,"column":46}},"line":85},"10":{"name":"(anonymous_10)","decl":{"start":{"line":86,"column":22},"end":{"line":86,"column":23}},"loc":{"start":{"line":86,"column":33},"end":{"line":86,"column":52}},"line":86},"11":{"name":"(anonymous_11)","decl":{"start":{"line":87,"column":22},"end":{"line":87,"column":23}},"loc":{"start":{"line":87,"column":35},"end":{"line":98,"column":17}},"line":87},"12":{"name":"(anonymous_12)","decl":{"start":{"line":91,"column":38},"end":{"line":91,"column":39}},"loc":{"start":{"line":91,"column":87},"end":{"line":97,"column":21}},"line":91},"13":{"name":"(anonymous_13)","decl":{"start":{"line":102,"column":20},"end":{"line":102,"column":21}},"loc":{"start":{"line":102,"column":26},"end":{"line":139,"column":5}},"line":102},"14":{"name":"(anonymous_14)","decl":{"start":{"line":110,"column":45},"end":{"line":110,"column":46}},"loc":{"start":{"line":111,"column":12},"end":{"line":129,"column":18}},"line":111},"15":{"name":"(anonymous_15)","decl":{"start":{"line":112,"column":22},"end":{"line":112,"column":23}},"loc":{"start":{"line":112,"column":28},"end":{"line":116,"column":17}},"line":112},"16":{"name":"(anonymous_16)","decl":{"start":{"line":117,"column":22},"end":{"line":117,"column":23}},"loc":{"start":{"line":117,"column":33},"end":{"line":117,"column":52}},"line":117},"17":{"name":"(anonymous_17)","decl":{"start":{"line":118,"column":22},"end":{"line":118,"column":23}},"loc":{"start":{"line":118,"column":34},"end":{"line":129,"column":17}},"line":118},"18":{"name":"(anonymous_18)","decl":{"start":{"line":131,"column":47},"end":{"line":131,"column":48}},"loc":{"start":{"line":131,"column":53},"end":{"line":134,"column":9}},"line":131},"19":{"name":"(anonymous_19)","decl":{"start":{"line":133,"column":19},"end":{"line":133,"column":20}},"loc":{"start":{"line":133,"column":25},"end":{"line":133,"column":51}},"line":133},"20":{"name":"(anonymous_20)","decl":{"start":{"line":135,"column":47},"end":{"line":135,"column":48}},"loc":{"start":{"line":135,"column":53},"end":{"line":138,"column":9}},"line":135},"21":{"name":"(anonymous_21)","decl":{"start":{"line":137,"column":19},"end":{"line":137,"column":20}},"loc":{"start":{"line":137,"column":25},"end":{"line":137,"column":51}},"line":137},"22":{"name":"(anonymous_22)","decl":{"start":{"line":141,"column":25},"end":{"line":141,"column":26}},"loc":{"start":{"line":141,"column":31},"end":{"line":173,"column":5}},"line":141},"23":{"name":"(anonymous_23)","decl":{"start":{"line":150,"column":19},"end":{"line":150,"column":20}},"loc":{"start":{"line":152,"column":12},"end":{"line":152,"column":58}},"line":152},"24":{"name":"(anonymous_24)","decl":{"start":{"line":155,"column":51},"end":{"line":155,"column":52}},"loc":{"start":{"line":156,"column":12},"end":{"line":163,"column":18}},"line":156},"25":{"name":"(anonymous_25)","decl":{"start":{"line":157,"column":22},"end":{"line":157,"column":23}},"loc":{"start":{"line":157,"column":64},"end":{"line":163,"column":17}},"line":157},"26":{"name":"(anonymous_26)","decl":{"start":{"line":165,"column":47},"end":{"line":165,"column":48}},"loc":{"start":{"line":165,"column":53},"end":{"line":168,"column":9}},"line":165},"27":{"name":"(anonymous_27)","decl":{"start":{"line":167,"column":19},"end":{"line":167,"column":20}},"loc":{"start":{"line":167,"column":25},"end":{"line":167,"column":59}},"line":167},"28":{"name":"(anonymous_28)","decl":{"start":{"line":169,"column":42},"end":{"line":169,"column":43}},"loc":{"start":{"line":169,"column":48},"end":{"line":172,"column":9}},"line":169},"29":{"name":"(anonymous_29)","decl":{"start":{"line":171,"column":19},"end":{"line":171,"column":20}},"loc":{"start":{"line":171,"column":25},"end":{"line":171,"column":59}},"line":171},"30":{"name":"(anonymous_30)","decl":{"start":{"line":175,"column":23},"end":{"line":175,"column":24}},"loc":{"start":{"line":175,"column":29},"end":{"line":212,"column":5}},"line":175},"31":{"name":"(anonymous_31)","decl":{"start":{"line":184,"column":19},"end":{"line":184,"column":20}},"loc":{"start":{"line":186,"column":12},"end":{"line":186,"column":58}},"line":186},"32":{"name":"(anonymous_32)","decl":{"start":{"line":189,"column":45},"end":{"line":189,"column":46}},"loc":{"start":{"line":189,"column":51},"end":{"line":203,"column":9}},"line":189},"33":{"name":"(anonymous_33)","decl":{"start":{"line":193,"column":22},"end":{"line":193,"column":23}},"loc":{"start":{"line":193,"column":28},"end":{"line":193,"column":46}},"line":193},"34":{"name":"(anonymous_34)","decl":{"start":{"line":194,"column":22},"end":{"line":194,"column":23}},"loc":{"start":{"line":194,"column":33},"end":{"line":194,"column":52}},"line":194},"35":{"name":"(anonymous_35)","decl":{"start":{"line":195,"column":22},"end":{"line":195,"column":23}},"loc":{"start":{"line":195,"column":34},"end":{"line":195,"column":87}},"line":195},"36":{"name":"(anonymous_36)","decl":{"start":{"line":195,"column":48},"end":{"line":195,"column":49}},"loc":{"start":{"line":195,"column":60},"end":{"line":195,"column":86}},"line":195},"37":{"name":"(anonymous_37)","decl":{"start":{"line":196,"column":22},"end":{"line":196,"column":23}},"loc":{"start":{"line":196,"column":64},"end":{"line":202,"column":17}},"line":196},"38":{"name":"(anonymous_38)","decl":{"start":{"line":204,"column":47},"end":{"line":204,"column":48}},"loc":{"start":{"line":204,"column":53},"end":{"line":207,"column":9}},"line":204},"39":{"name":"(anonymous_39)","decl":{"start":{"line":206,"column":19},"end":{"line":206,"column":20}},"loc":{"start":{"line":206,"column":25},"end":{"line":206,"column":54}},"line":206},"40":{"name":"(anonymous_40)","decl":{"start":{"line":208,"column":47},"end":{"line":208,"column":48}},"loc":{"start":{"line":208,"column":53},"end":{"line":211,"column":9}},"line":208},"41":{"name":"(anonymous_41)","decl":{"start":{"line":210,"column":19},"end":{"line":210,"column":20}},"loc":{"start":{"line":210,"column":25},"end":{"line":210,"column":54}},"line":210},"42":{"name":"(anonymous_42)","decl":{"start":{"line":214,"column":23},"end":{"line":214,"column":24}},"loc":{"start":{"line":214,"column":29},"end":{"line":243,"column":5}},"line":214},"43":{"name":"(anonymous_43)","decl":{"start":{"line":223,"column":19},"end":{"line":223,"column":20}},"loc":{"start":{"line":225,"column":12},"end":{"line":225,"column":58}},"line":225},"44":{"name":"(anonymous_44)","decl":{"start":{"line":228,"column":51},"end":{"line":228,"column":52}},"loc":{"start":{"line":229,"column":12},"end":{"line":233,"column":65}},"line":229},"45":{"name":"(anonymous_45)","decl":{"start":{"line":230,"column":22},"end":{"line":230,"column":23}},"loc":{"start":{"line":230,"column":28},"end":{"line":230,"column":46}},"line":230},"46":{"name":"(anonymous_46)","decl":{"start":{"line":231,"column":22},"end":{"line":231,"column":23}},"loc":{"start":{"line":231,"column":33},"end":{"line":231,"column":52}},"line":231},"47":{"name":"(anonymous_47)","decl":{"start":{"line":232,"column":22},"end":{"line":232,"column":23}},"loc":{"start":{"line":232,"column":34},"end":{"line":232,"column":87}},"line":232},"48":{"name":"(anonymous_48)","decl":{"start":{"line":232,"column":48},"end":{"line":232,"column":49}},"loc":{"start":{"line":232,"column":60},"end":{"line":232,"column":86}},"line":232},"49":{"name":"(anonymous_49)","decl":{"start":{"line":233,"column":22},"end":{"line":233,"column":23}},"loc":{"start":{"line":233,"column":33},"end":{"line":233,"column":64}},"line":233},"50":{"name":"(anonymous_50)","decl":{"start":{"line":235,"column":47},"end":{"line":235,"column":48}},"loc":{"start":{"line":235,"column":53},"end":{"line":238,"column":9}},"line":235},"51":{"name":"(anonymous_51)","decl":{"start":{"line":237,"column":19},"end":{"line":237,"column":20}},"loc":{"start":{"line":237,"column":25},"end":{"line":237,"column":57}},"line":237},"52":{"name":"(anonymous_52)","decl":{"start":{"line":239,"column":42},"end":{"line":239,"column":43}},"loc":{"start":{"line":239,"column":48},"end":{"line":242,"column":9}},"line":239},"53":{"name":"(anonymous_53)","decl":{"start":{"line":241,"column":19},"end":{"line":241,"column":20}},"loc":{"start":{"line":241,"column":25},"end":{"line":241,"column":57}},"line":241},"54":{"name":"(anonymous_54)","decl":{"start":{"line":245,"column":26},"end":{"line":245,"column":27}},"loc":{"start":{"line":245,"column":32},"end":{"line":268,"column":5}},"line":245},"55":{"name":"(anonymous_55)","decl":{"start":{"line":254,"column":19},"end":{"line":254,"column":20}},"loc":{"start":{"line":255,"column":12},"end":{"line":255,"column":58}},"line":255},"56":{"name":"(anonymous_56)","decl":{"start":{"line":258,"column":51},"end":{"line":258,"column":52}},"loc":{"start":{"line":259,"column":12},"end":{"line":266,"column":18}},"line":259},"57":{"name":"(anonymous_57)","decl":{"start":{"line":260,"column":22},"end":{"line":260,"column":23}},"loc":{"start":{"line":260,"column":28},"end":{"line":260,"column":46}},"line":260},"58":{"name":"(anonymous_58)","decl":{"start":{"line":261,"column":22},"end":{"line":261,"column":23}},"loc":{"start":{"line":261,"column":33},"end":{"line":261,"column":52}},"line":261},"59":{"name":"(anonymous_59)","decl":{"start":{"line":262,"column":22},"end":{"line":262,"column":23}},"loc":{"start":{"line":262,"column":33},"end":{"line":266,"column":17}},"line":262},"60":{"name":"(anonymous_60)","decl":{"start":{"line":270,"column":21},"end":{"line":270,"column":22}},"loc":{"start":{"line":270,"column":27},"end":{"line":388,"column":5}},"line":270},"61":{"name":"(anonymous_61)","decl":{"start":{"line":311,"column":19},"end":{"line":311,"column":20}},"loc":{"start":{"line":312,"column":12},"end":{"line":312,"column":98}},"line":312},"62":{"name":"(anonymous_62)","decl":{"start":{"line":315,"column":55},"end":{"line":315,"column":56}},"loc":{"start":{"line":316,"column":12},"end":{"line":328,"column":18}},"line":316},"63":{"name":"(anonymous_63)","decl":{"start":{"line":317,"column":22},"end":{"line":317,"column":23}},"loc":{"start":{"line":317,"column":34},"end":{"line":328,"column":17}},"line":317},"64":{"name":"(anonymous_64)","decl":{"start":{"line":331,"column":62},"end":{"line":331,"column":63}},"loc":{"start":{"line":332,"column":12},"end":{"line":356,"column":18}},"line":332},"65":{"name":"(anonymous_65)","decl":{"start":{"line":333,"column":22},"end":{"line":333,"column":23}},"loc":{"start":{"line":333,"column":34},"end":{"line":356,"column":17}},"line":333},"66":{"name":"(anonymous_66)","decl":{"start":{"line":359,"column":74},"end":{"line":359,"column":75}},"loc":{"start":{"line":360,"column":12},"end":{"line":378,"column":18}},"line":360},"67":{"name":"(anonymous_67)","decl":{"start":{"line":361,"column":22},"end":{"line":361,"column":23}},"loc":{"start":{"line":361,"column":34},"end":{"line":378,"column":17}},"line":361},"68":{"name":"(anonymous_68)","decl":{"start":{"line":380,"column":47},"end":{"line":380,"column":48}},"loc":{"start":{"line":380,"column":53},"end":{"line":383,"column":9}},"line":380},"69":{"name":"(anonymous_69)","decl":{"start":{"line":382,"column":19},"end":{"line":382,"column":20}},"loc":{"start":{"line":382,"column":25},"end":{"line":382,"column":53}},"line":382},"70":{"name":"(anonymous_70)","decl":{"start":{"line":384,"column":47},"end":{"line":384,"column":48}},"loc":{"start":{"line":384,"column":53},"end":{"line":387,"column":9}},"line":384},"71":{"name":"(anonymous_71)","decl":{"start":{"line":386,"column":19},"end":{"line":386,"column":20}},"loc":{"start":{"line":386,"column":25},"end":{"line":386,"column":53}},"line":386},"72":{"name":"(anonymous_72)","decl":{"start":{"line":390,"column":10},"end":{"line":390,"column":11}},"loc":{"start":{"line":390,"column":16},"end":{"line":390,"column":55}},"line":390}},"branchMap":{},"s":{"0":1,"1":1,"2":1,"3":1,"4":1,"5":1,"6":1,"7":1,"8":20,"9":1,"10":1,"11":1,"12":1,"13":1,"14":1,"15":1,"16":1,"17":1,"18":3,"19":3,"20":3,"21":3,"22":3,"23":1,"24":1,"25":1,"26":1,"27":1,"28":1,"29":1,"30":1,"31":1,"32":3,"33":3,"34":3,"35":3,"36":3,"37":1,"38":1,"39":1,"40":1,"41":1,"42":1,"43":1,"44":1,"45":1,"46":1,"47":1,"48":1,"49":1,"50":1,"51":1,"52":1,"53":1,"54":1,"55":1,"56":1,"57":1,"58":1,"59":1,"60":1,"61":1,"62":1,"63":3,"64":1,"65":1,"66":1,"67":1,"68":1,"69":1,"70":1,"71":1,"72":1,"73":1,"74":1,"75":1,"76":1,"77":1,"78":1,"79":1,"80":1,"81":1,"82":3,"83":1,"84":1,"85":1,"86":1,"87":1,"88":1,"89":1,"90":1,"91":1,"92":1,"93":1,"94":1,"95":1,"96":1,"97":1,"98":1,"99":1,"100":1,"101":1,"102":1,"103":1,"104":1,"105":1,"106":3,"107":1,"108":1,"109":1,"110":1,"111":1,"112":0,"113":1,"114":1,"115":1,"116":1,"117":1,"118":1,"119":1,"120":1,"121":1,"122":1,"123":1,"124":1,"125":1,"126":1,"127":1,"128":1,"129":1,"130":1,"131":1,"132":1,"133":1,"134":1,"135":1,"136":1,"137":1,"138":1,"139":1,"140":5,"141":1,"142":1,"143":1,"144":1,"145":1,"146":1,"147":1,"148":1,"149":1,"150":1,"151":1,"152":1,"153":1,"154":1,"155":1,"156":1,"157":1,"158":1,"159":1,"160":1,"161":1,"162":1,"163":1,"164":1,"165":1,"166":1,"167":1,"168":1,"169":1,"170":1,"171":1,"172":1,"173":1,"174":1,"175":1,"176":1,"177":1,"178":1,"179":1,"180":1,"181":1,"182":1,"183":1,"184":1,"185":1,"186":1,"187":1,"188":1,"189":1,"190":1,"191":1,"192":1,"193":1,"194":1,"195":1},"f":{"0":1,"1":20,"2":1,"3":1,"4":1,"5":1,"6":3,"7":1,"8":1,"9":1,"10":1,"11":1,"12":3,"13":1,"14":1,"15":1,"16":1,"17":1,"18":1,"19":1,"20":1,"21":1,"22":1,"23":3,"24":1,"25":1,"26":1,"27":1,"28":1,"29":1,"30":1,"31":3,"32":1,"33":1,"34":1,"35":1,"36":1,"37":1,"38":1,"39":1,"40":1,"41":1,"42":1,"43":3,"44":1,"45":1,"46":1,"47":1,"48":0,"49":1,"50":1,"51":1,"52":1,"53":1,"54":1,"55":1,"56":1,"57":1,"58":1,"59":1,"60":1,"61":5,"62":1,"63":1,"64":1,"65":1,"66":1,"67":1,"68":1,"69":1,"70":1,"71":1,"72":1},"b":{},"_coverageSchema":"43e27e138ebf9cfc5966b082cf9a028302ed4184","hash":"3426b5e999ea5b823d0a0cdc19eb7ed6893e862f","contentHash":"74fc9eee17d2ee0999098c8014f86a8188cf5646e5cbbc4bc32c01ff5486484b"},"C:\\Users\\marti\\bootcamp\\collab\\skylab-bootcamp-201901\\staff\\marti-malek\\rest-api\\src\\data\\artist-comments\\index.js":{"path":"C:\\Users\\marti\\bootcamp\\collab\\skylab-bootcamp-201901\\staff\\marti-malek\\rest-api\\src\\data\\artist-comments\\index.js","statementMap":{"0":{"start":{"line":1,"column":13},"end":{"line":1,"column":31}},"1":{"start":{"line":2,"column":12},"end":{"line":2,"column":34}},"2":{"start":{"line":3,"column":13},"end":{"line":3,"column":28}},"3":{"start":{"line":5,"column":22},"end":{"line":117,"column":1}},"4":{"start":{"line":9,"column":8},"end":{"line":10,"column":49}},"5":{"start":{"line":10,"column":29},"end":{"line":10,"column":48}},"6":{"start":{"line":14,"column":8},"end":{"line":14,"column":69}},"7":{"start":{"line":19,"column":8},"end":{"line":19,"column":75}},"8":{"start":{"line":19,"column":35},"end":{"line":19,"column":75}},"9":{"start":{"line":20,"column":8},"end":{"line":20,"column":93}},"10":{"start":{"line":20,"column":44},"end":{"line":20,"column":93}},"11":{"start":{"line":22,"column":21},"end":{"line":22,"column":52}},"12":{"start":{"line":24,"column":8},"end":{"line":31,"column":14}},"13":{"start":{"line":26,"column":16},"end":{"line":26,"column":35}},"14":{"start":{"line":28,"column":16},"end":{"line":28,"column":38}},"15":{"start":{"line":30,"column":16},"end":{"line":30,"column":52}},"16":{"start":{"line":35,"column":8},"end":{"line":35,"column":65}},"17":{"start":{"line":35,"column":30},"end":{"line":35,"column":65}},"18":{"start":{"line":36,"column":8},"end":{"line":36,"column":79}},"19":{"start":{"line":36,"column":36},"end":{"line":36,"column":79}},"20":{"start":{"line":38,"column":21},"end":{"line":38,"column":52}},"21":{"start":{"line":40,"column":8},"end":{"line":49,"column":14}},"22":{"start":{"line":42,"column":32},"end":{"line":42,"column":75}},"23":{"start":{"line":42,"column":57},"end":{"line":42,"column":74}},"24":{"start":{"line":44,"column":16},"end":{"line":44,"column":63}},"25":{"start":{"line":44,"column":52},"end":{"line":44,"column":63}},"26":{"start":{"line":46,"column":16},"end":{"line":46,"column":53}},"27":{"start":{"line":48,"column":16},"end":{"line":48,"column":30}},"28":{"start":{"line":54,"column":8},"end":{"line":54,"column":75}},"29":{"start":{"line":54,"column":35},"end":{"line":54,"column":75}},"30":{"start":{"line":55,"column":8},"end":{"line":55,"column":93}},"31":{"start":{"line":55,"column":44},"end":{"line":55,"column":93}},"32":{"start":{"line":57,"column":21},"end":{"line":57,"column":52}},"33":{"start":{"line":59,"column":8},"end":{"line":68,"column":14}},"34":{"start":{"line":61,"column":30},"end":{"line":61,"column":88}},"35":{"start":{"line":61,"column":61},"end":{"line":61,"column":87}},"36":{"start":{"line":63,"column":16},"end":{"line":63,"column":85}},"37":{"start":{"line":63,"column":31},"end":{"line":63,"column":85}},"38":{"start":{"line":65,"column":16},"end":{"line":65,"column":41}},"39":{"start":{"line":67,"column":16},"end":{"line":67,"column":52}},"40":{"start":{"line":73,"column":8},"end":{"line":73,"column":65}},"41":{"start":{"line":73,"column":30},"end":{"line":73,"column":65}},"42":{"start":{"line":74,"column":8},"end":{"line":74,"column":79}},"43":{"start":{"line":74,"column":36},"end":{"line":74,"column":79}},"44":{"start":{"line":76,"column":21},"end":{"line":76,"column":52}},"45":{"start":{"line":78,"column":8},"end":{"line":87,"column":14}},"46":{"start":{"line":80,"column":30},"end":{"line":80,"column":78}},"47":{"start":{"line":80,"column":60},"end":{"line":80,"column":77}},"48":{"start":{"line":82,"column":16},"end":{"line":82,"column":77}},"49":{"start":{"line":82,"column":31},"end":{"line":82,"column":77}},"50":{"start":{"line":84,"column":16},"end":{"line":84,"column":41}},"51":{"start":{"line":86,"column":16},"end":{"line":86,"column":52}},"52":{"start":{"line":91,"column":21},"end":{"line":91,"column":52}},"53":{"start":{"line":93,"column":8},"end":{"line":93,"column":38}},"54":{"start":{"line":98,"column":8},"end":{"line":98,"column":77}},"55":{"start":{"line":98,"column":36},"end":{"line":98,"column":77}},"56":{"start":{"line":99,"column":8},"end":{"line":99,"column":95}},"57":{"start":{"line":99,"column":45},"end":{"line":99,"column":95}},"58":{"start":{"line":101,"column":21},"end":{"line":101,"column":52}},"59":{"start":{"line":103,"column":8},"end":{"line":115,"column":14}},"60":{"start":{"line":105,"column":33},"end":{"line":110,"column":18}},"61":{"start":{"line":106,"column":20},"end":{"line":107,"column":72}},"62":{"start":{"line":107,"column":24},"end":{"line":107,"column":72}},"63":{"start":{"line":107,"column":60},"end":{"line":107,"column":72}},"64":{"start":{"line":109,"column":20},"end":{"line":109,"column":31}},"65":{"start":{"line":112,"column":16},"end":{"line":112,"column":82}},"66":{"start":{"line":112,"column":44},"end":{"line":112,"column":81}},"67":{"start":{"line":114,"column":16},"end":{"line":114,"column":31}},"68":{"start":{"line":119,"column":0},"end":{"line":119,"column":30}}},"fnMap":{"0":{"name":"(anonymous_0)","decl":{"start":{"line":8,"column":4},"end":{"line":8,"column":5}},"loc":{"start":{"line":8,"column":19},"end":{"line":11,"column":5}},"line":8},"1":{"name":"(anonymous_1)","decl":{"start":{"line":10,"column":18},"end":{"line":10,"column":19}},"loc":{"start":{"line":10,"column":29},"end":{"line":10,"column":48}},"line":10},"2":{"name":"(anonymous_2)","decl":{"start":{"line":13,"column":4},"end":{"line":13,"column":5}},"loc":{"start":{"line":13,"column":29},"end":{"line":15,"column":5}},"line":13},"3":{"name":"(anonymous_3)","decl":{"start":{"line":17,"column":4},"end":{"line":17,"column":5}},"loc":{"start":{"line":17,"column":17},"end":{"line":32,"column":5}},"line":17},"4":{"name":"(anonymous_4)","decl":{"start":{"line":25,"column":18},"end":{"line":25,"column":19}},"loc":{"start":{"line":25,"column":30},"end":{"line":31,"column":13}},"line":25},"5":{"name":"(anonymous_5)","decl":{"start":{"line":34,"column":4},"end":{"line":34,"column":5}},"loc":{"start":{"line":34,"column":17},"end":{"line":50,"column":5}},"line":34},"6":{"name":"(anonymous_6)","decl":{"start":{"line":41,"column":18},"end":{"line":41,"column":19}},"loc":{"start":{"line":41,"column":30},"end":{"line":49,"column":13}},"line":41},"7":{"name":"(anonymous_7)","decl":{"start":{"line":42,"column":46},"end":{"line":42,"column":47}},"loc":{"start":{"line":42,"column":57},"end":{"line":42,"column":74}},"line":42},"8":{"name":"(anonymous_8)","decl":{"start":{"line":52,"column":4},"end":{"line":52,"column":5}},"loc":{"start":{"line":52,"column":20},"end":{"line":69,"column":5}},"line":52},"9":{"name":"(anonymous_9)","decl":{"start":{"line":60,"column":18},"end":{"line":60,"column":19}},"loc":{"start":{"line":60,"column":30},"end":{"line":68,"column":13}},"line":60},"10":{"name":"(anonymous_10)","decl":{"start":{"line":61,"column":49},"end":{"line":61,"column":50}},"loc":{"start":{"line":61,"column":61},"end":{"line":61,"column":87}},"line":61},"11":{"name":"(anonymous_11)","decl":{"start":{"line":71,"column":4},"end":{"line":71,"column":5}},"loc":{"start":{"line":71,"column":15},"end":{"line":88,"column":5}},"line":71},"12":{"name":"(anonymous_12)","decl":{"start":{"line":79,"column":18},"end":{"line":79,"column":19}},"loc":{"start":{"line":79,"column":30},"end":{"line":87,"column":13}},"line":79},"13":{"name":"(anonymous_13)","decl":{"start":{"line":80,"column":49},"end":{"line":80,"column":50}},"loc":{"start":{"line":80,"column":60},"end":{"line":80,"column":77}},"line":80},"14":{"name":"(anonymous_14)","decl":{"start":{"line":90,"column":4},"end":{"line":90,"column":5}},"loc":{"start":{"line":90,"column":16},"end":{"line":94,"column":5}},"line":90},"15":{"name":"(anonymous_15)","decl":{"start":{"line":96,"column":4},"end":{"line":96,"column":5}},"loc":{"start":{"line":96,"column":19},"end":{"line":116,"column":5}},"line":96},"16":{"name":"(anonymous_16)","decl":{"start":{"line":104,"column":18},"end":{"line":104,"column":19}},"loc":{"start":{"line":104,"column":30},"end":{"line":115,"column":13}},"line":104},"17":{"name":"(anonymous_17)","decl":{"start":{"line":105,"column":49},"end":{"line":105,"column":50}},"loc":{"start":{"line":105,"column":60},"end":{"line":110,"column":17}},"line":105},"18":{"name":"(anonymous_18)","decl":{"start":{"line":112,"column":33},"end":{"line":112,"column":34}},"loc":{"start":{"line":112,"column":44},"end":{"line":112,"column":81}},"line":112}},"branchMap":{"0":{"loc":{"start":{"line":19,"column":8},"end":{"line":19,"column":75}},"type":"if","locations":[{"start":{"line":19,"column":8},"end":{"line":19,"column":75}},{"start":{"line":19,"column":8},"end":{"line":19,"column":75}}],"line":19},"1":{"loc":{"start":{"line":20,"column":8},"end":{"line":20,"column":93}},"type":"if","locations":[{"start":{"line":20,"column":8},"end":{"line":20,"column":93}},{"start":{"line":20,"column":8},"end":{"line":20,"column":93}}],"line":20},"2":{"loc":{"start":{"line":35,"column":8},"end":{"line":35,"column":65}},"type":"if","locations":[{"start":{"line":35,"column":8},"end":{"line":35,"column":65}},{"start":{"line":35,"column":8},"end":{"line":35,"column":65}}],"line":35},"3":{"loc":{"start":{"line":36,"column":8},"end":{"line":36,"column":79}},"type":"if","locations":[{"start":{"line":36,"column":8},"end":{"line":36,"column":79}},{"start":{"line":36,"column":8},"end":{"line":36,"column":79}}],"line":36},"4":{"loc":{"start":{"line":44,"column":16},"end":{"line":44,"column":63}},"type":"if","locations":[{"start":{"line":44,"column":16},"end":{"line":44,"column":63}},{"start":{"line":44,"column":16},"end":{"line":44,"column":63}}],"line":44},"5":{"loc":{"start":{"line":54,"column":8},"end":{"line":54,"column":75}},"type":"if","locations":[{"start":{"line":54,"column":8},"end":{"line":54,"column":75}},{"start":{"line":54,"column":8},"end":{"line":54,"column":75}}],"line":54},"6":{"loc":{"start":{"line":55,"column":8},"end":{"line":55,"column":93}},"type":"if","locations":[{"start":{"line":55,"column":8},"end":{"line":55,"column":93}},{"start":{"line":55,"column":8},"end":{"line":55,"column":93}}],"line":55},"7":{"loc":{"start":{"line":63,"column":16},"end":{"line":63,"column":85}},"type":"if","locations":[{"start":{"line":63,"column":16},"end":{"line":63,"column":85}},{"start":{"line":63,"column":16},"end":{"line":63,"column":85}}],"line":63},"8":{"loc":{"start":{"line":73,"column":8},"end":{"line":73,"column":65}},"type":"if","locations":[{"start":{"line":73,"column":8},"end":{"line":73,"column":65}},{"start":{"line":73,"column":8},"end":{"line":73,"column":65}}],"line":73},"9":{"loc":{"start":{"line":74,"column":8},"end":{"line":74,"column":79}},"type":"if","locations":[{"start":{"line":74,"column":8},"end":{"line":74,"column":79}},{"start":{"line":74,"column":8},"end":{"line":74,"column":79}}],"line":74},"10":{"loc":{"start":{"line":82,"column":16},"end":{"line":82,"column":77}},"type":"if","locations":[{"start":{"line":82,"column":16},"end":{"line":82,"column":77}},{"start":{"line":82,"column":16},"end":{"line":82,"column":77}}],"line":82},"11":{"loc":{"start":{"line":98,"column":8},"end":{"line":98,"column":77}},"type":"if","locations":[{"start":{"line":98,"column":8},"end":{"line":98,"column":77}},{"start":{"line":98,"column":8},"end":{"line":98,"column":77}}],"line":98},"12":{"loc":{"start":{"line":99,"column":8},"end":{"line":99,"column":95}},"type":"if","locations":[{"start":{"line":99,"column":8},"end":{"line":99,"column":95}},{"start":{"line":99,"column":8},"end":{"line":99,"column":95}}],"line":99},"13":{"loc":{"start":{"line":107,"column":24},"end":{"line":107,"column":72}},"type":"if","locations":[{"start":{"line":107,"column":24},"end":{"line":107,"column":72}},{"start":{"line":107,"column":24},"end":{"line":107,"column":72}}],"line":107}},"s":{"0":1,"1":1,"2":1,"3":1,"4":26,"5":26,"6":234,"7":18,"8":1,"9":17,"10":1,"11":16,"12":16,"13":13,"14":13,"15":13,"16":4,"17":1,"18":3,"19":1,"20":2,"21":2,"22":2,"23":2,"24":2,"25":0,"26":2,"27":2,"28":3,"29":1,"30":2,"31":1,"32":1,"33":1,"34":1,"35":1,"36":1,"37":0,"38":1,"39":1,"40":3,"41":1,"42":2,"43":1,"44":1,"45":1,"46":1,"47":1,"48":1,"49":0,"50":1,"51":1,"52":218,"53":218,"54":7,"55":1,"56":6,"57":1,"58":5,"59":5,"60":5,"61":19,"62":22,"63":9,"64":10,"65":5,"66":10,"67":5,"68":1},"f":{"0":26,"1":26,"2":234,"3":18,"4":13,"5":4,"6":2,"7":2,"8":3,"9":1,"10":1,"11":3,"12":1,"13":1,"14":218,"15":7,"16":5,"17":19,"18":10},"b":{"0":[1,17],"1":[1,16],"2":[1,3],"3":[1,2],"4":[0,2],"5":[1,2],"6":[1,1],"7":[0,1],"8":[1,2],"9":[1,1],"10":[0,1],"11":[1,6],"12":[1,5],"13":[9,13]},"_coverageSchema":"43e27e138ebf9cfc5966b082cf9a028302ed4184","hash":"f3dc564fd3f3efcadce6c20cb0c8d87e40118a51","contentHash":"7d7cdec0caf535df42ebd7a2cfdcddd2801d8215a7b36b0e127e43623ac1d967"},"C:\\Users\\marti\\bootcamp\\collab\\skylab-bootcamp-201901\\staff\\marti-malek\\rest-api\\src\\data\\track-comment\\index.spec.js":{"path":"C:\\Users\\marti\\bootcamp\\collab\\skylab-bootcamp-201901\\staff\\marti-malek\\rest-api\\src\\data\\track-comment\\index.spec.js","statementMap":{},"fnMap":{},"branchMap":{},"s":{},"f":{},"b":{},"_coverageSchema":"43e27e138ebf9cfc5966b082cf9a028302ed4184","hash":"2c8eb90d2206a146d5fca1b25701549d00963a4a","contentHash":"004502d2da02874b18cb6ed2f58025113cb7b95a251c516d877ff9f7d5b75aaf"},"C:\\Users\\marti\\bootcamp\\collab\\skylab-bootcamp-201901\\staff\\marti-malek\\rest-api\\src\\data\\users\\index.spec.js":{"path":"C:\\Users\\marti\\bootcamp\\collab\\skylab-bootcamp-201901\\staff\\marti-malek\\rest-api\\src\\data\\users\\index.spec.js","statementMap":{"0":{"start":{"line":3,"column":0},"end":{"line":3,"column":26}},"1":{"start":{"line":5,"column":34},"end":{"line":5,"column":52}},"2":{"start":{"line":6,"column":14},"end":{"line":6,"column":26}},"3":{"start":{"line":7,"column":19},"end":{"line":7,"column":34}},"4":{"start":{"line":9,"column":28},"end":{"line":9,"column":35}},"5":{"start":{"line":11,"column":0},"end":{"line":294,"column":2}},"6":{"start":{"line":14,"column":4},"end":{"line":20,"column":5}},"7":{"start":{"line":15,"column":8},"end":{"line":19,"column":14}},"8":{"start":{"line":17,"column":16},"end":{"line":17,"column":32}},"9":{"start":{"line":18,"column":16},"end":{"line":18,"column":66}},"10":{"start":{"line":22,"column":4},"end":{"line":22,"column":51}},"11":{"start":{"line":22,"column":21},"end":{"line":22,"column":50}},"12":{"start":{"line":24,"column":4},"end":{"line":75,"column":6}},"13":{"start":{"line":25,"column":22},"end":{"line":30,"column":9}},"14":{"start":{"line":32,"column":8},"end":{"line":46,"column":9}},"15":{"start":{"line":33,"column":12},"end":{"line":45,"column":18}},"16":{"start":{"line":35,"column":20},"end":{"line":35,"column":39}},"17":{"start":{"line":36,"column":20},"end":{"line":36,"column":48}},"18":{"start":{"line":38,"column":20},"end":{"line":38,"column":74}},"19":{"start":{"line":41,"column":20},"end":{"line":41,"column":53}},"20":{"start":{"line":42,"column":20},"end":{"line":42,"column":59}},"21":{"start":{"line":43,"column":20},"end":{"line":43,"column":55}},"22":{"start":{"line":44,"column":20},"end":{"line":44,"column":61}},"23":{"start":{"line":47,"column":8},"end":{"line":50,"column":10}},"24":{"start":{"line":48,"column":29},"end":{"line":48,"column":38}},"25":{"start":{"line":49,"column":12},"end":{"line":49,"column":87}},"26":{"start":{"line":49,"column":25},"end":{"line":49,"column":44}},"27":{"start":{"line":51,"column":8},"end":{"line":54,"column":10}},"28":{"start":{"line":52,"column":29},"end":{"line":52,"column":33}},"29":{"start":{"line":53,"column":12},"end":{"line":53,"column":100}},"30":{"start":{"line":53,"column":25},"end":{"line":53,"column":44}},"31":{"start":{"line":55,"column":8},"end":{"line":58,"column":10}},"32":{"start":{"line":56,"column":29},"end":{"line":56,"column":33}},"33":{"start":{"line":57,"column":12},"end":{"line":57,"column":100}},"34":{"start":{"line":57,"column":25},"end":{"line":57,"column":44}},"35":{"start":{"line":59,"column":8},"end":{"line":62,"column":10}},"36":{"start":{"line":60,"column":29},"end":{"line":60,"column":30}},"37":{"start":{"line":61,"column":12},"end":{"line":61,"column":100}},"38":{"start":{"line":61,"column":25},"end":{"line":61,"column":44}},"39":{"start":{"line":63,"column":8},"end":{"line":66,"column":10}},"40":{"start":{"line":64,"column":29},"end":{"line":64,"column":33}},"41":{"start":{"line":65,"column":12},"end":{"line":65,"column":87}},"42":{"start":{"line":65,"column":25},"end":{"line":65,"column":44}},"43":{"start":{"line":67,"column":8},"end":{"line":70,"column":10}},"44":{"start":{"line":68,"column":29},"end":{"line":68,"column":33}},"45":{"start":{"line":69,"column":12},"end":{"line":69,"column":100}},"46":{"start":{"line":69,"column":25},"end":{"line":69,"column":44}},"47":{"start":{"line":71,"column":8},"end":{"line":74,"column":10}},"48":{"start":{"line":72,"column":29},"end":{"line":72,"column":34}},"49":{"start":{"line":73,"column":12},"end":{"line":73,"column":100}},"50":{"start":{"line":73,"column":25},"end":{"line":73,"column":44}},"51":{"start":{"line":76,"column":4},"end":{"line":130,"column":6}},"52":{"start":{"line":77,"column":22},"end":{"line":82,"column":9}},"53":{"start":{"line":84,"column":8},"end":{"line":86,"column":10}},"54":{"start":{"line":85,"column":12},"end":{"line":85,"column":45}},"55":{"start":{"line":88,"column":8},"end":{"line":101,"column":10}},"56":{"start":{"line":89,"column":12},"end":{"line":100,"column":18}},"57":{"start":{"line":91,"column":20},"end":{"line":91,"column":41}},"58":{"start":{"line":92,"column":20},"end":{"line":92,"column":46}},"59":{"start":{"line":93,"column":20},"end":{"line":93,"column":55}},"60":{"start":{"line":94,"column":20},"end":{"line":94,"column":49}},"61":{"start":{"line":95,"column":20},"end":{"line":95,"column":58}},"62":{"start":{"line":96,"column":20},"end":{"line":96,"column":47}},"63":{"start":{"line":97,"column":20},"end":{"line":97,"column":56}},"64":{"start":{"line":98,"column":20},"end":{"line":98,"column":50}},"65":{"start":{"line":99,"column":20},"end":{"line":99,"column":59}},"66":{"start":{"line":102,"column":8},"end":{"line":105,"column":10}},"67":{"start":{"line":103,"column":30},"end":{"line":103,"column":39}},"68":{"start":{"line":104,"column":12},"end":{"line":104,"column":97}},"69":{"start":{"line":104,"column":25},"end":{"line":104,"column":53}},"70":{"start":{"line":106,"column":8},"end":{"line":109,"column":10}},"71":{"start":{"line":107,"column":30},"end":{"line":107,"column":34}},"72":{"start":{"line":108,"column":12},"end":{"line":108,"column":97}},"73":{"start":{"line":108,"column":25},"end":{"line":108,"column":53}},"74":{"start":{"line":110,"column":8},"end":{"line":113,"column":10}},"75":{"start":{"line":111,"column":30},"end":{"line":111,"column":34}},"76":{"start":{"line":112,"column":12},"end":{"line":112,"column":109}},"77":{"start":{"line":112,"column":25},"end":{"line":112,"column":53}},"78":{"start":{"line":114,"column":8},"end":{"line":117,"column":10}},"79":{"start":{"line":115,"column":30},"end":{"line":115,"column":32}},"80":{"start":{"line":116,"column":12},"end":{"line":116,"column":109}},"81":{"start":{"line":116,"column":25},"end":{"line":116,"column":53}},"82":{"start":{"line":118,"column":8},"end":{"line":121,"column":10}},"83":{"start":{"line":119,"column":30},"end":{"line":119,"column":31}},"84":{"start":{"line":120,"column":12},"end":{"line":120,"column":109}},"85":{"start":{"line":120,"column":25},"end":{"line":120,"column":53}},"86":{"start":{"line":122,"column":8},"end":{"line":125,"column":10}},"87":{"start":{"line":123,"column":30},"end":{"line":123,"column":34}},"88":{"start":{"line":124,"column":12},"end":{"line":124,"column":109}},"89":{"start":{"line":124,"column":25},"end":{"line":124,"column":53}},"90":{"start":{"line":126,"column":8},"end":{"line":129,"column":10}},"91":{"start":{"line":127,"column":30},"end":{"line":127,"column":35}},"92":{"start":{"line":128,"column":12},"end":{"line":128,"column":109}},"93":{"start":{"line":128,"column":25},"end":{"line":128,"column":53}},"94":{"start":{"line":131,"column":4},"end":{"line":187,"column":6}},"95":{"start":{"line":132,"column":22},"end":{"line":137,"column":9}},"96":{"start":{"line":140,"column":8},"end":{"line":143,"column":10}},"97":{"start":{"line":141,"column":12},"end":{"line":142,"column":64}},"98":{"start":{"line":142,"column":29},"end":{"line":142,"column":63}},"99":{"start":{"line":145,"column":8},"end":{"line":158,"column":9}},"100":{"start":{"line":146,"column":12},"end":{"line":157,"column":18}},"101":{"start":{"line":148,"column":20},"end":{"line":148,"column":41}},"102":{"start":{"line":149,"column":20},"end":{"line":149,"column":46}},"103":{"start":{"line":150,"column":20},"end":{"line":150,"column":55}},"104":{"start":{"line":151,"column":20},"end":{"line":151,"column":49}},"105":{"start":{"line":152,"column":20},"end":{"line":152,"column":58}},"106":{"start":{"line":153,"column":20},"end":{"line":153,"column":47}},"107":{"start":{"line":154,"column":20},"end":{"line":154,"column":56}},"108":{"start":{"line":155,"column":20},"end":{"line":155,"column":50}},"109":{"start":{"line":156,"column":20},"end":{"line":156,"column":59}},"110":{"start":{"line":159,"column":8},"end":{"line":162,"column":10}},"111":{"start":{"line":160,"column":27},"end":{"line":160,"column":36}},"112":{"start":{"line":161,"column":12},"end":{"line":161,"column":92}},"113":{"start":{"line":161,"column":25},"end":{"line":161,"column":51}},"114":{"start":{"line":163,"column":8},"end":{"line":166,"column":10}},"115":{"start":{"line":164,"column":27},"end":{"line":164,"column":31}},"116":{"start":{"line":165,"column":12},"end":{"line":165,"column":92}},"117":{"start":{"line":165,"column":25},"end":{"line":165,"column":51}},"118":{"start":{"line":167,"column":8},"end":{"line":170,"column":10}},"119":{"start":{"line":168,"column":27},"end":{"line":168,"column":31}},"120":{"start":{"line":169,"column":12},"end":{"line":169,"column":104}},"121":{"start":{"line":169,"column":25},"end":{"line":169,"column":51}},"122":{"start":{"line":171,"column":8},"end":{"line":174,"column":10}},"123":{"start":{"line":172,"column":27},"end":{"line":172,"column":29}},"124":{"start":{"line":173,"column":12},"end":{"line":173,"column":104}},"125":{"start":{"line":173,"column":25},"end":{"line":173,"column":51}},"126":{"start":{"line":175,"column":8},"end":{"line":178,"column":10}},"127":{"start":{"line":176,"column":27},"end":{"line":176,"column":28}},"128":{"start":{"line":177,"column":12},"end":{"line":177,"column":104}},"129":{"start":{"line":177,"column":25},"end":{"line":177,"column":51}},"130":{"start":{"line":179,"column":8},"end":{"line":182,"column":10}},"131":{"start":{"line":180,"column":27},"end":{"line":180,"column":31}},"132":{"start":{"line":181,"column":12},"end":{"line":181,"column":104}},"133":{"start":{"line":181,"column":25},"end":{"line":181,"column":51}},"134":{"start":{"line":183,"column":8},"end":{"line":186,"column":10}},"135":{"start":{"line":184,"column":27},"end":{"line":184,"column":32}},"136":{"start":{"line":185,"column":12},"end":{"line":185,"column":104}},"137":{"start":{"line":185,"column":25},"end":{"line":185,"column":51}},"138":{"start":{"line":188,"column":4},"end":{"line":258,"column":6}},"139":{"start":{"line":189,"column":22},"end":{"line":193,"column":9}},"140":{"start":{"line":196,"column":8},"end":{"line":200,"column":10}},"141":{"start":{"line":197,"column":12},"end":{"line":197,"column":52}},"142":{"start":{"line":198,"column":12},"end":{"line":199,"column":60}},"143":{"start":{"line":199,"column":25},"end":{"line":199,"column":59}},"144":{"start":{"line":202,"column":8},"end":{"line":218,"column":10}},"145":{"start":{"line":203,"column":25},"end":{"line":203,"column":48}},"146":{"start":{"line":204,"column":12},"end":{"line":217,"column":22}},"147":{"start":{"line":205,"column":28},"end":{"line":205,"column":54}},"148":{"start":{"line":207,"column":24},"end":{"line":207,"column":45}},"149":{"start":{"line":208,"column":24},"end":{"line":208,"column":50}},"150":{"start":{"line":209,"column":24},"end":{"line":209,"column":59}},"151":{"start":{"line":210,"column":24},"end":{"line":210,"column":61}},"152":{"start":{"line":211,"column":24},"end":{"line":211,"column":53}},"153":{"start":{"line":212,"column":24},"end":{"line":212,"column":62}},"154":{"start":{"line":213,"column":24},"end":{"line":213,"column":51}},"155":{"start":{"line":214,"column":24},"end":{"line":214,"column":60}},"156":{"start":{"line":215,"column":24},"end":{"line":215,"column":54}},"157":{"start":{"line":216,"column":24},"end":{"line":216,"column":63}},"158":{"start":{"line":219,"column":8},"end":{"line":236,"column":10}},"159":{"start":{"line":220,"column":25},"end":{"line":220,"column":70}},"160":{"start":{"line":221,"column":12},"end":{"line":235,"column":22}},"161":{"start":{"line":222,"column":28},"end":{"line":222,"column":54}},"162":{"start":{"line":224,"column":24},"end":{"line":224,"column":45}},"163":{"start":{"line":225,"column":24},"end":{"line":225,"column":50}},"164":{"start":{"line":226,"column":24},"end":{"line":226,"column":59}},"165":{"start":{"line":227,"column":24},"end":{"line":227,"column":61}},"166":{"start":{"line":228,"column":24},"end":{"line":228,"column":53}},"167":{"start":{"line":229,"column":24},"end":{"line":229,"column":62}},"168":{"start":{"line":230,"column":24},"end":{"line":230,"column":67}},"169":{"start":{"line":231,"column":24},"end":{"line":231,"column":51}},"170":{"start":{"line":232,"column":24},"end":{"line":232,"column":60}},"171":{"start":{"line":233,"column":24},"end":{"line":233,"column":54}},"172":{"start":{"line":234,"column":24},"end":{"line":234,"column":63}},"173":{"start":{"line":237,"column":8},"end":{"line":257,"column":10}},"174":{"start":{"line":238,"column":25},"end":{"line":238,"column":84}},"175":{"start":{"line":239,"column":12},"end":{"line":256,"column":22}},"176":{"start":{"line":240,"column":28},"end":{"line":240,"column":54}},"177":{"start":{"line":242,"column":24},"end":{"line":242,"column":45}},"178":{"start":{"line":243,"column":24},"end":{"line":243,"column":50}},"179":{"start":{"line":244,"column":24},"end":{"line":244,"column":59}},"180":{"start":{"line":245,"column":24},"end":{"line":245,"column":61}},"181":{"start":{"line":246,"column":24},"end":{"line":246,"column":53}},"182":{"start":{"line":247,"column":24},"end":{"line":247,"column":62}},"183":{"start":{"line":248,"column":24},"end":{"line":248,"column":67}},"184":{"start":{"line":249,"column":24},"end":{"line":249,"column":51}},"185":{"start":{"line":250,"column":24},"end":{"line":250,"column":60}},"186":{"start":{"line":251,"column":24},"end":{"line":251,"column":54}},"187":{"start":{"line":252,"column":24},"end":{"line":252,"column":63}},"188":{"start":{"line":253,"column":24},"end":{"line":253,"column":49}},"189":{"start":{"line":254,"column":24},"end":{"line":254,"column":58}},"190":{"start":{"line":255,"column":24},"end":{"line":255,"column":59}},"191":{"start":{"line":259,"column":4},"end":{"line":287,"column":6}},"192":{"start":{"line":260,"column":22},"end":{"line":264,"column":9}},"193":{"start":{"line":267,"column":8},"end":{"line":271,"column":10}},"194":{"start":{"line":268,"column":12},"end":{"line":268,"column":52}},"195":{"start":{"line":269,"column":12},"end":{"line":270,"column":64}},"196":{"start":{"line":270,"column":29},"end":{"line":270,"column":63}},"197":{"start":{"line":272,"column":8},"end":{"line":279,"column":10}},"198":{"start":{"line":273,"column":12},"end":{"line":278,"column":52}},"199":{"start":{"line":275,"column":20},"end":{"line":275,"column":56}},"200":{"start":{"line":276,"column":20},"end":{"line":276,"column":79}},"201":{"start":{"line":278,"column":29},"end":{"line":278,"column":51}},"202":{"start":{"line":280,"column":8},"end":{"line":286,"column":10}},"203":{"start":{"line":281,"column":27},"end":{"line":281,"column":53}},"204":{"start":{"line":282,"column":12},"end":{"line":285,"column":18}},"205":{"start":{"line":284,"column":20},"end":{"line":284,"column":56}},"206":{"start":{"line":290,"column":4},"end":{"line":293,"column":5}},"207":{"start":{"line":291,"column":8},"end":{"line":292,"column":39}},"208":{"start":{"line":292,"column":24},"end":{"line":292,"column":38}}},"fnMap":{"0":{"name":"(anonymous_0)","decl":{"start":{"line":11,"column":17},"end":{"line":11,"column":18}},"loc":{"start":{"line":11,"column":23},"end":{"line":294,"column":1}},"line":11},"1":{"name":"(anonymous_1)","decl":{"start":{"line":14,"column":11},"end":{"line":14,"column":12}},"loc":{"start":{"line":15,"column":8},"end":{"line":19,"column":14}},"line":15},"2":{"name":"(anonymous_2)","decl":{"start":{"line":16,"column":18},"end":{"line":16,"column":19}},"loc":{"start":{"line":16,"column":29},"end":{"line":19,"column":13}},"line":16},"3":{"name":"(anonymous_3)","decl":{"start":{"line":22,"column":15},"end":{"line":22,"column":16}},"loc":{"start":{"line":22,"column":21},"end":{"line":22,"column":50}},"line":22},"4":{"name":"(anonymous_4)","decl":{"start":{"line":24,"column":20},"end":{"line":24,"column":21}},"loc":{"start":{"line":24,"column":26},"end":{"line":75,"column":5}},"line":24},"5":{"name":"(anonymous_5)","decl":{"start":{"line":32,"column":45},"end":{"line":32,"column":46}},"loc":{"start":{"line":33,"column":12},"end":{"line":45,"column":18}},"line":33},"6":{"name":"(anonymous_6)","decl":{"start":{"line":34,"column":22},"end":{"line":34,"column":23}},"loc":{"start":{"line":34,"column":28},"end":{"line":39,"column":17}},"line":34},"7":{"name":"(anonymous_7)","decl":{"start":{"line":40,"column":22},"end":{"line":40,"column":23}},"loc":{"start":{"line":40,"column":62},"end":{"line":45,"column":17}},"line":40},"8":{"name":"(anonymous_8)","decl":{"start":{"line":47,"column":44},"end":{"line":47,"column":45}},"loc":{"start":{"line":47,"column":50},"end":{"line":50,"column":9}},"line":47},"9":{"name":"(anonymous_9)","decl":{"start":{"line":49,"column":19},"end":{"line":49,"column":20}},"loc":{"start":{"line":49,"column":25},"end":{"line":49,"column":44}},"line":49},"10":{"name":"(anonymous_10)","decl":{"start":{"line":51,"column":42},"end":{"line":51,"column":43}},"loc":{"start":{"line":51,"column":48},"end":{"line":54,"column":9}},"line":51},"11":{"name":"(anonymous_11)","decl":{"start":{"line":53,"column":19},"end":{"line":53,"column":20}},"loc":{"start":{"line":53,"column":25},"end":{"line":53,"column":44}},"line":53},"12":{"name":"(anonymous_12)","decl":{"start":{"line":55,"column":41},"end":{"line":55,"column":42}},"loc":{"start":{"line":55,"column":47},"end":{"line":58,"column":9}},"line":55},"13":{"name":"(anonymous_13)","decl":{"start":{"line":57,"column":19},"end":{"line":57,"column":20}},"loc":{"start":{"line":57,"column":25},"end":{"line":57,"column":44}},"line":57},"14":{"name":"(anonymous_14)","decl":{"start":{"line":59,"column":41},"end":{"line":59,"column":42}},"loc":{"start":{"line":59,"column":47},"end":{"line":62,"column":9}},"line":59},"15":{"name":"(anonymous_15)","decl":{"start":{"line":61,"column":19},"end":{"line":61,"column":20}},"loc":{"start":{"line":61,"column":25},"end":{"line":61,"column":44}},"line":61},"16":{"name":"(anonymous_16)","decl":{"start":{"line":63,"column":39},"end":{"line":63,"column":40}},"loc":{"start":{"line":63,"column":45},"end":{"line":66,"column":9}},"line":63},"17":{"name":"(anonymous_17)","decl":{"start":{"line":65,"column":19},"end":{"line":65,"column":20}},"loc":{"start":{"line":65,"column":25},"end":{"line":65,"column":44}},"line":65},"18":{"name":"(anonymous_18)","decl":{"start":{"line":67,"column":39},"end":{"line":67,"column":40}},"loc":{"start":{"line":67,"column":45},"end":{"line":70,"column":9}},"line":67},"19":{"name":"(anonymous_19)","decl":{"start":{"line":69,"column":19},"end":{"line":69,"column":20}},"loc":{"start":{"line":69,"column":25},"end":{"line":69,"column":44}},"line":69},"20":{"name":"(anonymous_20)","decl":{"start":{"line":71,"column":40},"end":{"line":71,"column":41}},"loc":{"start":{"line":71,"column":46},"end":{"line":74,"column":9}},"line":71},"21":{"name":"(anonymous_21)","decl":{"start":{"line":73,"column":19},"end":{"line":73,"column":20}},"loc":{"start":{"line":73,"column":25},"end":{"line":73,"column":44}},"line":73},"22":{"name":"(anonymous_22)","decl":{"start":{"line":76,"column":28},"end":{"line":76,"column":29}},"loc":{"start":{"line":76,"column":34},"end":{"line":130,"column":5}},"line":76},"23":{"name":"(anonymous_23)","decl":{"start":{"line":84,"column":19},"end":{"line":84,"column":20}},"loc":{"start":{"line":84,"column":25},"end":{"line":86,"column":9}},"line":84},"24":{"name":"(anonymous_24)","decl":{"start":{"line":88,"column":45},"end":{"line":88,"column":46}},"loc":{"start":{"line":88,"column":51},"end":{"line":101,"column":9}},"line":88},"25":{"name":"(anonymous_25)","decl":{"start":{"line":90,"column":22},"end":{"line":90,"column":23}},"loc":{"start":{"line":90,"column":30},"end":{"line":100,"column":17}},"line":90},"26":{"name":"(anonymous_26)","decl":{"start":{"line":102,"column":41},"end":{"line":102,"column":42}},"loc":{"start":{"line":102,"column":47},"end":{"line":105,"column":9}},"line":102},"27":{"name":"(anonymous_27)","decl":{"start":{"line":104,"column":19},"end":{"line":104,"column":20}},"loc":{"start":{"line":104,"column":25},"end":{"line":104,"column":53}},"line":104},"28":{"name":"(anonymous_28)","decl":{"start":{"line":106,"column":40},"end":{"line":106,"column":41}},"loc":{"start":{"line":106,"column":46},"end":{"line":109,"column":9}},"line":106},"29":{"name":"(anonymous_29)","decl":{"start":{"line":108,"column":19},"end":{"line":108,"column":20}},"loc":{"start":{"line":108,"column":25},"end":{"line":108,"column":53}},"line":108},"30":{"name":"(anonymous_30)","decl":{"start":{"line":110,"column":43},"end":{"line":110,"column":44}},"loc":{"start":{"line":110,"column":49},"end":{"line":113,"column":9}},"line":110},"31":{"name":"(anonymous_31)","decl":{"start":{"line":112,"column":19},"end":{"line":112,"column":20}},"loc":{"start":{"line":112,"column":25},"end":{"line":112,"column":53}},"line":112},"32":{"name":"(anonymous_32)","decl":{"start":{"line":114,"column":42},"end":{"line":114,"column":43}},"loc":{"start":{"line":114,"column":48},"end":{"line":117,"column":9}},"line":114},"33":{"name":"(anonymous_33)","decl":{"start":{"line":116,"column":19},"end":{"line":116,"column":20}},"loc":{"start":{"line":116,"column":25},"end":{"line":116,"column":53}},"line":116},"34":{"name":"(anonymous_34)","decl":{"start":{"line":118,"column":42},"end":{"line":118,"column":43}},"loc":{"start":{"line":118,"column":48},"end":{"line":121,"column":9}},"line":118},"35":{"name":"(anonymous_35)","decl":{"start":{"line":120,"column":19},"end":{"line":120,"column":20}},"loc":{"start":{"line":120,"column":25},"end":{"line":120,"column":53}},"line":120},"36":{"name":"(anonymous_36)","decl":{"start":{"line":122,"column":40},"end":{"line":122,"column":41}},"loc":{"start":{"line":122,"column":46},"end":{"line":125,"column":9}},"line":122},"37":{"name":"(anonymous_37)","decl":{"start":{"line":124,"column":19},"end":{"line":124,"column":20}},"loc":{"start":{"line":124,"column":25},"end":{"line":124,"column":53}},"line":124},"38":{"name":"(anonymous_38)","decl":{"start":{"line":126,"column":41},"end":{"line":126,"column":42}},"loc":{"start":{"line":126,"column":47},"end":{"line":129,"column":9}},"line":126},"39":{"name":"(anonymous_39)","decl":{"start":{"line":128,"column":19},"end":{"line":128,"column":20}},"loc":{"start":{"line":128,"column":25},"end":{"line":128,"column":53}},"line":128},"40":{"name":"(anonymous_40)","decl":{"start":{"line":131,"column":29},"end":{"line":131,"column":30}},"loc":{"start":{"line":131,"column":35},"end":{"line":187,"column":5}},"line":131},"41":{"name":"(anonymous_41)","decl":{"start":{"line":140,"column":19},"end":{"line":140,"column":20}},"loc":{"start":{"line":140,"column":25},"end":{"line":143,"column":9}},"line":140},"42":{"name":"(anonymous_42)","decl":{"start":{"line":142,"column":22},"end":{"line":142,"column":23}},"loc":{"start":{"line":142,"column":29},"end":{"line":142,"column":63}},"line":142},"43":{"name":"(anonymous_43)","decl":{"start":{"line":145,"column":45},"end":{"line":145,"column":46}},"loc":{"start":{"line":146,"column":12},"end":{"line":157,"column":18}},"line":146},"44":{"name":"(anonymous_44)","decl":{"start":{"line":147,"column":22},"end":{"line":147,"column":23}},"loc":{"start":{"line":147,"column":30},"end":{"line":157,"column":17}},"line":147},"45":{"name":"(anonymous_45)","decl":{"start":{"line":159,"column":42},"end":{"line":159,"column":43}},"loc":{"start":{"line":159,"column":48},"end":{"line":162,"column":9}},"line":159},"46":{"name":"(anonymous_46)","decl":{"start":{"line":161,"column":19},"end":{"line":161,"column":20}},"loc":{"start":{"line":161,"column":25},"end":{"line":161,"column":51}},"line":161},"47":{"name":"(anonymous_47)","decl":{"start":{"line":163,"column":41},"end":{"line":163,"column":42}},"loc":{"start":{"line":163,"column":47},"end":{"line":166,"column":9}},"line":163},"48":{"name":"(anonymous_48)","decl":{"start":{"line":165,"column":19},"end":{"line":165,"column":20}},"loc":{"start":{"line":165,"column":25},"end":{"line":165,"column":51}},"line":165},"49":{"name":"(anonymous_49)","decl":{"start":{"line":167,"column":44},"end":{"line":167,"column":45}},"loc":{"start":{"line":167,"column":50},"end":{"line":170,"column":9}},"line":167},"50":{"name":"(anonymous_50)","decl":{"start":{"line":169,"column":19},"end":{"line":169,"column":20}},"loc":{"start":{"line":169,"column":25},"end":{"line":169,"column":51}},"line":169},"51":{"name":"(anonymous_51)","decl":{"start":{"line":171,"column":43},"end":{"line":171,"column":44}},"loc":{"start":{"line":171,"column":49},"end":{"line":174,"column":9}},"line":171},"52":{"name":"(anonymous_52)","decl":{"start":{"line":173,"column":19},"end":{"line":173,"column":20}},"loc":{"start":{"line":173,"column":25},"end":{"line":173,"column":51}},"line":173},"53":{"name":"(anonymous_53)","decl":{"start":{"line":175,"column":43},"end":{"line":175,"column":44}},"loc":{"start":{"line":175,"column":49},"end":{"line":178,"column":9}},"line":175},"54":{"name":"(anonymous_54)","decl":{"start":{"line":177,"column":19},"end":{"line":177,"column":20}},"loc":{"start":{"line":177,"column":25},"end":{"line":177,"column":51}},"line":177},"55":{"name":"(anonymous_55)","decl":{"start":{"line":179,"column":41},"end":{"line":179,"column":42}},"loc":{"start":{"line":179,"column":47},"end":{"line":182,"column":9}},"line":179},"56":{"name":"(anonymous_56)","decl":{"start":{"line":181,"column":19},"end":{"line":181,"column":20}},"loc":{"start":{"line":181,"column":25},"end":{"line":181,"column":51}},"line":181},"57":{"name":"(anonymous_57)","decl":{"start":{"line":183,"column":42},"end":{"line":183,"column":43}},"loc":{"start":{"line":183,"column":48},"end":{"line":186,"column":9}},"line":183},"58":{"name":"(anonymous_58)","decl":{"start":{"line":185,"column":19},"end":{"line":185,"column":20}},"loc":{"start":{"line":185,"column":25},"end":{"line":185,"column":51}},"line":185},"59":{"name":"(anonymous_59)","decl":{"start":{"line":188,"column":23},"end":{"line":188,"column":24}},"loc":{"start":{"line":188,"column":29},"end":{"line":258,"column":5}},"line":188},"60":{"name":"(anonymous_60)","decl":{"start":{"line":196,"column":19},"end":{"line":196,"column":20}},"loc":{"start":{"line":196,"column":25},"end":{"line":200,"column":9}},"line":196},"61":{"name":"(anonymous_61)","decl":{"start":{"line":199,"column":18},"end":{"line":199,"column":19}},"loc":{"start":{"line":199,"column":25},"end":{"line":199,"column":59}},"line":199},"62":{"name":"(anonymous_62)","decl":{"start":{"line":202,"column":64},"end":{"line":202,"column":65}},"loc":{"start":{"line":202,"column":70},"end":{"line":218,"column":9}},"line":202},"63":{"name":"(anonymous_63)","decl":{"start":{"line":205,"column":22},"end":{"line":205,"column":23}},"loc":{"start":{"line":205,"column":28},"end":{"line":205,"column":54}},"line":205},"64":{"name":"(anonymous_64)","decl":{"start":{"line":206,"column":26},"end":{"line":206,"column":27}},"loc":{"start":{"line":206,"column":34},"end":{"line":217,"column":21}},"line":206},"65":{"name":"(anonymous_65)","decl":{"start":{"line":219,"column":61},"end":{"line":219,"column":62}},"loc":{"start":{"line":219,"column":67},"end":{"line":236,"column":9}},"line":219},"66":{"name":"(anonymous_66)","decl":{"start":{"line":222,"column":22},"end":{"line":222,"column":23}},"loc":{"start":{"line":222,"column":28},"end":{"line":222,"column":54}},"line":222},"67":{"name":"(anonymous_67)","decl":{"start":{"line":223,"column":26},"end":{"line":223,"column":27}},"loc":{"start":{"line":223,"column":34},"end":{"line":235,"column":21}},"line":223},"68":{"name":"(anonymous_68)","decl":{"start":{"line":237,"column":49},"end":{"line":237,"column":50}},"loc":{"start":{"line":237,"column":55},"end":{"line":257,"column":9}},"line":237},"69":{"name":"(anonymous_69)","decl":{"start":{"line":240,"column":22},"end":{"line":240,"column":23}},"loc":{"start":{"line":240,"column":28},"end":{"line":240,"column":54}},"line":240},"70":{"name":"(anonymous_70)","decl":{"start":{"line":241,"column":26},"end":{"line":241,"column":27}},"loc":{"start":{"line":241,"column":34},"end":{"line":256,"column":21}},"line":241},"71":{"name":"(anonymous_71)","decl":{"start":{"line":259,"column":23},"end":{"line":259,"column":24}},"loc":{"start":{"line":259,"column":29},"end":{"line":287,"column":5}},"line":259},"72":{"name":"(anonymous_72)","decl":{"start":{"line":267,"column":19},"end":{"line":267,"column":20}},"loc":{"start":{"line":267,"column":25},"end":{"line":271,"column":9}},"line":267},"73":{"name":"(anonymous_73)","decl":{"start":{"line":270,"column":22},"end":{"line":270,"column":23}},"loc":{"start":{"line":270,"column":29},"end":{"line":270,"column":63}},"line":270},"74":{"name":"(anonymous_74)","decl":{"start":{"line":272,"column":45},"end":{"line":272,"column":46}},"loc":{"start":{"line":272,"column":51},"end":{"line":279,"column":9}},"line":272},"75":{"name":"(anonymous_75)","decl":{"start":{"line":274,"column":22},"end":{"line":274,"column":23}},"loc":{"start":{"line":274,"column":29},"end":{"line":277,"column":17}},"line":274},"76":{"name":"(anonymous_76)","decl":{"start":{"line":278,"column":22},"end":{"line":278,"column":23}},"loc":{"start":{"line":278,"column":29},"end":{"line":278,"column":51}},"line":278},"77":{"name":"(anonymous_77)","decl":{"start":{"line":280,"column":40},"end":{"line":280,"column":41}},"loc":{"start":{"line":280,"column":46},"end":{"line":286,"column":9}},"line":280},"78":{"name":"(anonymous_78)","decl":{"start":{"line":283,"column":22},"end":{"line":283,"column":23}},"loc":{"start":{"line":283,"column":29},"end":{"line":285,"column":17}},"line":283},"79":{"name":"(anonymous_79)","decl":{"start":{"line":290,"column":10},"end":{"line":290,"column":11}},"loc":{"start":{"line":291,"column":8},"end":{"line":292,"column":39}},"line":291},"80":{"name":"(anonymous_80)","decl":{"start":{"line":292,"column":18},"end":{"line":292,"column":19}},"loc":{"start":{"line":292,"column":24},"end":{"line":292,"column":38}},"line":292}},"branchMap":{},"s":{"0":1,"1":1,"2":1,"3":1,"4":1,"5":1,"6":1,"7":1,"8":1,"9":1,"10":1,"11":29,"12":1,"13":1,"14":1,"15":1,"16":1,"17":1,"18":1,"19":1,"20":1,"21":1,"22":1,"23":1,"24":1,"25":1,"26":1,"27":1,"28":1,"29":1,"30":1,"31":1,"32":1,"33":1,"34":1,"35":1,"36":1,"37":1,"38":1,"39":1,"40":1,"41":1,"42":1,"43":1,"44":1,"45":1,"46":1,"47":1,"48":1,"49":1,"50":1,"51":1,"52":1,"53":1,"54":8,"55":1,"56":1,"57":1,"58":1,"59":1,"60":1,"61":1,"62":1,"63":1,"64":1,"65":1,"66":1,"67":1,"68":1,"69":1,"70":1,"71":1,"72":1,"73":1,"74":1,"75":1,"76":1,"77":1,"78":1,"79":1,"80":1,"81":1,"82":1,"83":1,"84":1,"85":1,"86":1,"87":1,"88":1,"89":1,"90":1,"91":1,"92":1,"93":1,"94":1,"95":1,"96":1,"97":8,"98":8,"99":1,"100":1,"101":1,"102":1,"103":1,"104":1,"105":1,"106":1,"107":1,"108":1,"109":1,"110":1,"111":1,"112":1,"113":1,"114":1,"115":1,"116":1,"117":1,"118":1,"119":1,"120":1,"121":1,"122":1,"123":1,"124":1,"125":1,"126":1,"127":1,"128":1,"129":1,"130":1,"131":1,"132":1,"133":1,"134":1,"135":1,"136":1,"137":1,"138":1,"139":1,"140":1,"141":3,"142":3,"143":3,"144":1,"145":1,"146":1,"147":1,"148":1,"149":1,"150":1,"151":1,"152":1,"153":1,"154":1,"155":1,"156":1,"157":1,"158":1,"159":1,"160":1,"161":1,"162":1,"163":1,"164":1,"165":1,"166":1,"167":1,"168":1,"169":1,"170":1,"171":1,"172":1,"173":1,"174":1,"175":1,"176":1,"177":1,"178":1,"179":1,"180":1,"181":1,"182":1,"183":1,"184":1,"185":1,"186":1,"187":1,"188":1,"189":1,"190":1,"191":1,"192":1,"193":1,"194":2,"195":2,"196":2,"197":1,"198":1,"199":1,"200":1,"201":1,"202":1,"203":1,"204":1,"205":1,"206":1,"207":1,"208":1},"f":{"0":1,"1":1,"2":1,"3":29,"4":1,"5":1,"6":1,"7":1,"8":1,"9":1,"10":1,"11":1,"12":1,"13":1,"14":1,"15":1,"16":1,"17":1,"18":1,"19":1,"20":1,"21":1,"22":1,"23":8,"24":1,"25":1,"26":1,"27":1,"28":1,"29":1,"30":1,"31":1,"32":1,"33":1,"34":1,"35":1,"36":1,"37":1,"38":1,"39":1,"40":1,"41":8,"42":8,"43":1,"44":1,"45":1,"46":1,"47":1,"48":1,"49":1,"50":1,"51":1,"52":1,"53":1,"54":1,"55":1,"56":1,"57":1,"58":1,"59":1,"60":3,"61":3,"62":1,"63":1,"64":1,"65":1,"66":1,"67":1,"68":1,"69":1,"70":1,"71":1,"72":2,"73":2,"74":1,"75":1,"76":1,"77":1,"78":1,"79":1,"80":1},"b":{},"_coverageSchema":"43e27e138ebf9cfc5966b082cf9a028302ed4184","hash":"7adcaf72f3bd6e3968c2acab0695d0fbeb7090bd","contentHash":"c4e6fb2a5ec67d9595cdc7701c1c22f805ac6b6f4eb56d662f3c9522e39b9329"},"C:\\Users\\marti\\bootcamp\\collab\\skylab-bootcamp-201901\\staff\\marti-malek\\rest-api\\src\\data\\users\\index.js":{"path":"C:\\Users\\marti\\bootcamp\\collab\\skylab-bootcamp-201901\\staff\\marti-malek\\rest-api\\src\\data\\users\\index.js","statementMap":{"0":{"start":{"line":3,"column":21},"end":{"line":3,"column":39}},"1":{"start":{"line":5,"column":13},"end":{"line":70,"column":1}},"2":{"start":{"line":10,"column":8},"end":{"line":10,"column":86}},"3":{"start":{"line":10,"column":49},"end":{"line":10,"column":86}},"4":{"start":{"line":11,"column":8},"end":{"line":11,"column":87}},"5":{"start":{"line":11,"column":41},"end":{"line":11,"column":87}},"6":{"start":{"line":13,"column":8},"end":{"line":14,"column":51}},"7":{"start":{"line":14,"column":25},"end":{"line":14,"column":50}},"8":{"start":{"line":19,"column":8},"end":{"line":19,"column":89}},"9":{"start":{"line":19,"column":51},"end":{"line":19,"column":89}},"10":{"start":{"line":20,"column":8},"end":{"line":20,"column":85}},"11":{"start":{"line":20,"column":39},"end":{"line":20,"column":85}},"12":{"start":{"line":22,"column":8},"end":{"line":31,"column":14}},"13":{"start":{"line":24,"column":16},"end":{"line":24,"column":38}},"14":{"start":{"line":24,"column":27},"end":{"line":24,"column":38}},"15":{"start":{"line":26,"column":16},"end":{"line":26,"column":45}},"16":{"start":{"line":28,"column":16},"end":{"line":28,"column":31}},"17":{"start":{"line":30,"column":16},"end":{"line":30,"column":27}},"18":{"start":{"line":36,"column":8},"end":{"line":36,"column":88}},"19":{"start":{"line":36,"column":53},"end":{"line":36,"column":88}},"20":{"start":{"line":37,"column":8},"end":{"line":37,"column":87}},"21":{"start":{"line":37,"column":40},"end":{"line":37,"column":87}},"22":{"start":{"line":39,"column":8},"end":{"line":48,"column":14}},"23":{"start":{"line":41,"column":16},"end":{"line":41,"column":38}},"24":{"start":{"line":41,"column":27},"end":{"line":41,"column":38}},"25":{"start":{"line":43,"column":16},"end":{"line":43,"column":45}},"26":{"start":{"line":45,"column":16},"end":{"line":45,"column":31}},"27":{"start":{"line":47,"column":16},"end":{"line":47,"column":27}},"28":{"start":{"line":53,"column":8},"end":{"line":53,"column":88}},"29":{"start":{"line":53,"column":53},"end":{"line":53,"column":88}},"30":{"start":{"line":54,"column":8},"end":{"line":54,"column":87}},"31":{"start":{"line":54,"column":40},"end":{"line":54,"column":87}},"32":{"start":{"line":55,"column":8},"end":{"line":55,"column":53}},"33":{"start":{"line":55,"column":19},"end":{"line":55,"column":53}},"34":{"start":{"line":56,"column":8},"end":{"line":56,"column":87}},"35":{"start":{"line":56,"column":41},"end":{"line":56,"column":87}},"36":{"start":{"line":58,"column":23},"end":{"line":58,"column":48}},"37":{"start":{"line":60,"column":8},"end":{"line":60,"column":71}},"38":{"start":{"line":65,"column":8},"end":{"line":65,"column":88}},"39":{"start":{"line":65,"column":53},"end":{"line":65,"column":88}},"40":{"start":{"line":66,"column":8},"end":{"line":66,"column":87}},"41":{"start":{"line":66,"column":40},"end":{"line":66,"column":87}},"42":{"start":{"line":68,"column":8},"end":{"line":68,"column":67}},"43":{"start":{"line":72,"column":0},"end":{"line":72,"column":21}}},"fnMap":{"0":{"name":"(anonymous_0)","decl":{"start":{"line":8,"column":4},"end":{"line":8,"column":5}},"loc":{"start":{"line":8,"column":14},"end":{"line":15,"column":5}},"line":8},"1":{"name":"(anonymous_1)","decl":{"start":{"line":14,"column":18},"end":{"line":14,"column":19}},"loc":{"start":{"line":14,"column":25},"end":{"line":14,"column":50}},"line":14},"2":{"name":"(anonymous_2)","decl":{"start":{"line":17,"column":4},"end":{"line":17,"column":5}},"loc":{"start":{"line":17,"column":23},"end":{"line":32,"column":5}},"line":17},"3":{"name":"(anonymous_3)","decl":{"start":{"line":23,"column":18},"end":{"line":23,"column":1
[...]
e":244,"column":8},"end":{"line":244,"column":76}},"type":"if","locations":[{"start":{"line":244,"column":8},"end":{"line":244,"column":76}},{"start":{"line":244,"column":8},"end":{"line":244,"column":76}}],"line":244},"48":{"loc":{"start":{"line":246,"column":8},"end":{"line":246,"column":90}},"type":"if","locations":[{"start":{"line":246,"column":8},"end":{"line":246,"column":90}},{"start":{"line":246,"column":8},"end":{"line":246,"column":90}}],"line":246},"49":{"loc":{"start":{"line":250,"column":24},"end":{"line":250,"column":44}},"type":"default-arg","locations":[{"start":{"line":250,"column":42},"end":{"line":250,"column":44}}],"line":250},"50":{"loc":{"start":{"line":254,"column":16},"end":{"line":255,"column":53}},"type":"if","locations":[{"start":{"line":254,"column":16},"end":{"line":255,"column":53}},{"start":{"line":254,"column":16},"end":{"line":255,"column":53}}],"line":254},"51":{"loc":{"start":{"line":264,"column":8},"end":{"line":264,"column":84}},"type":"if","locations":[{"start":{"line":264,"column":8},"end":{"line":264,"column":84}},{"start":{"line":264,"column":8},"end":{"line":264,"column":84}}],"line":264},"52":{"loc":{"start":{"line":266,"column":8},"end":{"line":266,"column":82}},"type":"if","locations":[{"start":{"line":266,"column":8},"end":{"line":266,"column":82}},{"start":{"line":266,"column":8},"end":{"line":266,"column":82}}],"line":266},"53":{"loc":{"start":{"line":268,"column":8},"end":{"line":268,"column":70}},"type":"if","locations":[{"start":{"line":268,"column":8},"end":{"line":268,"column":70}},{"start":{"line":268,"column":8},"end":{"line":268,"column":70}}],"line":268},"54":{"loc":{"start":{"line":270,"column":8},"end":{"line":270,"column":90}},"type":"if","locations":[{"start":{"line":270,"column":8},"end":{"line":270,"column":90}},{"start":{"line":270,"column":8},"end":{"line":270,"column":90}}],"line":270},"55":{"loc":{"start":{"line":272,"column":8},"end":{"line":272,"column":88}},"type":"if","locations":[{"start":{"line":272,"column":8},"end":{"line":272,"column":88}},{"start":{"line":272,"column":8},"end":{"line":272,"column":88}}],"line":272},"56":{"loc":{"start":{"line":274,"column":8},"end":{"line":274,"column":80}},"type":"if","locations":[{"start":{"line":274,"column":8},"end":{"line":274,"column":80}},{"start":{"line":274,"column":8},"end":{"line":274,"column":80}}],"line":274},"57":{"loc":{"start":{"line":300,"column":8},"end":{"line":300,"column":88}},"type":"if","locations":[{"start":{"line":300,"column":8},"end":{"line":300,"column":88}},{"start":{"line":300,"column":8},"end":{"line":300,"column":88}}],"line":300},"58":{"loc":{"start":{"line":302,"column":8},"end":{"line":302,"column":69}},"type":"if","locations":[{"start":{"line":302,"column":8},"end":{"line":302,"column":69}},{"start":{"line":302,"column":8},"end":{"line":302,"column":69}}],"line":302},"59":{"loc":{"start":{"line":313,"column":8},"end":{"line":313,"column":86}},"type":"if","locations":[{"start":{"line":313,"column":8},"end":{"line":313,"column":86}},{"start":{"line":313,"column":8},"end":{"line":313,"column":86}}],"line":313},"60":{"loc":{"start":{"line":315,"column":8},"end":{"line":315,"column":67}},"type":"if","locations":[{"start":{"line":315,"column":8},"end":{"line":315,"column":67}},{"start":{"line":315,"column":8},"end":{"line":315,"column":67}}],"line":315},"61":{"loc":{"start":{"line":331,"column":24},"end":{"line":331,"column":43}},"type":"default-arg","locations":[{"start":{"line":331,"column":41},"end":{"line":331,"column":43}}],"line":331},"62":{"loc":{"start":{"line":335,"column":16},"end":{"line":336,"column":52}},"type":"if","locations":[{"start":{"line":335,"column":16},"end":{"line":336,"column":52}},{"start":{"line":335,"column":16},"end":{"line":336,"column":52}}],"line":335},"63":{"loc":{"start":{"line":348,"column":8},"end":{"line":348,"column":86}},"type":"if","locations":[{"start":{"line":348,"column":8},"end":{"line":348,"column":86}},{"start":{"line":348,"column":8},"end":{"line":348,"column":86}}],"line":348},"64":{"loc":{"start":{"line":350,"column":8},"end":{"line":350,"column":67}},"type":"if","locations":[{"start":{"line":350,"column":8},"end":{"line":350,"column":67}},{"start":{"line":350,"column":8},"end":{"line":350,"column":67}}],"line":350},"65":{"loc":{"start":{"line":361,"column":8},"end":{"line":361,"column":86}},"type":"if","locations":[{"start":{"line":361,"column":8},"end":{"line":361,"column":86}},{"start":{"line":361,"column":8},"end":{"line":361,"column":86}}],"line":361},"66":{"loc":{"start":{"line":363,"column":8},"end":{"line":363,"column":67}},"type":"if","locations":[{"start":{"line":363,"column":8},"end":{"line":363,"column":67}},{"start":{"line":363,"column":8},"end":{"line":363,"column":67}}],"line":363},"67":{"loc":{"start":{"line":379,"column":24},"end":{"line":379,"column":43}},"type":"default-arg","locations":[{"start":{"line":379,"column":41},"end":{"line":379,"column":43}}],"line":379},"68":{"loc":{"start":{"line":383,"column":16},"end":{"line":384,"column":52}},"type":"if","locations":[{"start":{"line":383,"column":16},"end":{"line":384,"column":52}},{"start":{"line":383,"column":16},"end":{"line":384,"column":52}}],"line":383}},"s":{"0":1,"1":1,"2":1,"3":1,"4":1,"5":1,"6":1,"7":1,"8":42,"9":5,"10":37,"11":1,"12":36,"13":5,"14":31,"15":1,"16":30,"17":7,"18":23,"19":2,"20":21,"21":7,"22":14,"23":1,"24":13,"25":8,"26":5,"27":1,"28":4,"29":1,"30":3,"31":3,"32":0,"33":3,"34":3,"35":23,"36":9,"37":14,"38":1,"39":13,"40":9,"41":4,"42":1,"43":3,"44":3,"45":0,"46":3,"47":3,"48":3,"49":0,"50":3,"51":3,"52":3,"53":3,"54":25,"55":9,"56":16,"57":1,"58":15,"59":9,"60":6,"61":1,"62":5,"63":0,"64":5,"65":5,"66":30,"67":9,"68":21,"69":1,"70":20,"71":9,"72":11,"73":1,"74":10,"75":2,"76":8,"77":7,"78":1,"79":0,"80":1,"81":21,"82":9,"83":12,"84":1,"85":11,"86":9,"87":2,"88":1,"89":1,"90":0,"91":1,"92":11,"93":9,"94":2,"95":1,"96":1,"97":11,"98":9,"99":2,"100":1,"101":1,"102":1,"103":1,"104":1,"105":32,"106":9,"107":23,"108":1,"109":22,"110":9,"111":13,"112":1,"113":12,"114":9,"115":3,"116":1,"117":2,"118":0,"119":2,"120":2,"121":2,"122":1,"123":2,"124":1,"125":1,"126":2,"127":1,"128":0,"129":1,"130":0,"131":1,"132":0,"133":1,"134":0,"135":1,"136":0,"137":1,"138":0,"139":1,"140":1,"141":1,"142":1,"143":1,"144":11,"145":9,"146":2,"147":1,"148":1,"149":11,"150":9,"151":2,"152":1,"153":1,"154":2,"155":2,"156":2,"157":1,"158":2,"159":1,"160":1,"161":2,"162":2,"163":0,"164":2,"165":1,"166":1,"167":2,"168":0,"169":2,"170":1,"171":1,"172":2,"173":2,"174":2,"175":1,"176":2,"177":1,"178":1,"179":2,"180":1},"f":{"0":42,"1":3,"2":3,"3":23,"4":3,"5":3,"6":25,"7":5,"8":30,"9":21,"10":11,"11":11,"12":1,"13":1,"14":32,"15":2,"16":1,"17":1,"18":1,"19":1,"20":1,"21":11,"22":11,"23":2,"24":2,"25":1,"26":2,"27":2,"28":2,"29":2,"30":1},"b":{"0":[5,37],"1":[1,36],"2":[5,31],"3":[1,30],"4":[7,23],"5":[2,21],"6":[7,14],"7":[1,13],"8":[8,5],"9":[1,4],"10":[1,3],"11":[0,3],"12":[9,14],"13":[1,13],"14":[9,4],"15":[1,3],"16":[0,3],"17":[0,3],"18":[9,16],"19":[1,15],"20":[9,6],"21":[1,5],"22":[0,5],"23":[5],"24":[3],"25":[3],"26":[9,21],"27":[1,20],"28":[9,11],"29":[1,10],"30":[2,8],"31":[7,1],"32":[0,1],"33":[9,12],"34":[1,11],"35":[9,2],"36":[1,1],"37":[0,1],"38":[9,2],"39":[1,1],"40":[9,2],"41":[1,1],"42":[9,23],"43":[1,22],"44":[9,13],"45":[1,12],"46":[9,3],"47":[1,2],"48":[0,2],"49":[1],"50":[1,1],"51":[0,1],"52":[0,1],"53":[0,1],"54":[0,1],"55":[0,1],"56":[0,1],"57":[9,2],"58":[1,1],"59":[9,2],"60":[1,1],"61":[1],"62":[1,1],"63":[0,2],"64":[1,1],"65":[0,2],"66":[1,1],"67":[1],"68":[1,1]},"_coverageSchema":"43e27e138ebf9cfc5966b082cf9a028302ed4184","hash":"5df337a8f1ee818e04d0783b14ba3dd46032c5d3","contentHash":"1436e3c2b3edf7cc112d6cfb5c65c7864ad1c80f18e06ef3e528dffd783c1231"},"C:\\Users\\marti\\bootcamp\\collab\\skylab-bootcamp-201901\\staff\\marti-malek\\rest-api\\src\\spotify-api\\index.spec.js":{"path":"C:\\Users\\marti\\bootcamp\\collab\\skylab-bootcamp-201901\\staff\\marti-malek\\rest-api\\src\\spotify-api\\index.spec.js","statementMap":{"0":{"start":{"line":3,"column":0},"end":{"line":3,"column":26}},"1":{"start":{"line":4,"column":0},"end":{"line":4,"column":27}},"2":{"start":{"line":6,"column":15},"end":{"line":6,"column":32}},"3":{"start":{"line":8,"column":19},"end":{"line":8,"column":31}},"4":{"start":{"line":10,"column":39},"end":{"line":10,"column":46}},"5":{"start":{"line":12,"column":0},"end":{"line":12,"column":36}},"6":{"start":{"line":14,"column":0},"end":{"line":132,"column":2}},"7":{"start":{"line":15,"column":4},"end":{"line":34,"column":6}},"8":{"start":{"line":16,"column":8},"end":{"line":27,"column":10}},"9":{"start":{"line":17,"column":26},"end":{"line":17,"column":35}},"10":{"start":{"line":19,"column":12},"end":{"line":26,"column":18}},"11":{"start":{"line":21,"column":20},"end":{"line":21,"column":49}},"12":{"start":{"line":22,"column":20},"end":{"line":22,"column":65}},"13":{"start":{"line":23,"column":20},"end":{"line":23,"column":61}},"14":{"start":{"line":25,"column":20},"end":{"line":25,"column":94}},"15":{"start":{"line":25,"column":50},"end":{"line":25,"column":93}},"16":{"start":{"line":29,"column":8},"end":{"line":33,"column":10}},"17":{"start":{"line":30,"column":26},"end":{"line":30,"column":28}},"18":{"start":{"line":32,"column":12},"end":{"line":32,"column":88}},"19":{"start":{"line":32,"column":25},"end":{"line":32,"column":56}},"20":{"start":{"line":36,"column":4},"end":{"line":52,"column":6}},"21":{"start":{"line":37,"column":8},"end":{"line":45,"column":10}},"22":{"start":{"line":38,"column":29},"end":{"line":38,"column":53}},"23":{"start":{"line":40,"column":12},"end":{"line":44,"column":18}},"24":{"start":{"line":42,"column":20},"end":{"line":42,"column":45}},"25":{"start":{"line":43,"column":20},"end":{"line":43,"column":48}},"26":{"start":{"line":47,"column":8},"end":{"line":51,"column":10}},"27":{"start":{"line":48,"column":29},"end":{"line":48,"column":31}},"28":{"start":{"line":50,"column":12},"end":{"line":50,"column":95}},"29":{"start":{"line":50,"column":25},"end":{"line":50,"column":60}},"30":{"start":{"line":54,"column":4},"end":{"line":71,"column":6}},"31":{"start":{"line":55,"column":8},"end":{"line":64,"column":10}},"32":{"start":{"line":56,"column":29},"end":{"line":56,"column":53}},"33":{"start":{"line":58,"column":12},"end":{"line":63,"column":18}},"34":{"start":{"line":60,"column":20},"end":{"line":60,"column":48}},"35":{"start":{"line":61,"column":20},"end":{"line":61,"column":64}},"36":{"start":{"line":62,"column":20},"end":{"line":62,"column":60}},"37":{"start":{"line":66,"column":8},"end":{"line":70,"column":10}},"38":{"start":{"line":67,"column":29},"end":{"line":67,"column":31}},"39":{"start":{"line":69,"column":12},"end":{"line":69,"column":95}},"40":{"start":{"line":69,"column":25},"end":{"line":69,"column":60}},"41":{"start":{"line":73,"column":4},"end":{"line":89,"column":6}},"42":{"start":{"line":74,"column":8},"end":{"line":82,"column":10}},"43":{"start":{"line":75,"column":28},"end":{"line":75,"column":52}},"44":{"start":{"line":77,"column":12},"end":{"line":81,"column":18}},"45":{"start":{"line":79,"column":20},"end":{"line":79,"column":44}},"46":{"start":{"line":80,"column":20},"end":{"line":80,"column":64}},"47":{"start":{"line":84,"column":8},"end":{"line":88,"column":10}},"48":{"start":{"line":85,"column":28},"end":{"line":85,"column":30}},"49":{"start":{"line":87,"column":12},"end":{"line":87,"column":92}},"50":{"start":{"line":87,"column":25},"end":{"line":87,"column":58}},"51":{"start":{"line":91,"column":4},"end":{"line":108,"column":6}},"52":{"start":{"line":92,"column":8},"end":{"line":101,"column":10}},"53":{"start":{"line":93,"column":28},"end":{"line":93,"column":52}},"54":{"start":{"line":95,"column":12},"end":{"line":100,"column":18}},"55":{"start":{"line":97,"column":20},"end":{"line":97,"column":48}},"56":{"start":{"line":98,"column":20},"end":{"line":98,"column":64}},"57":{"start":{"line":99,"column":20},"end":{"line":99,"column":60}},"58":{"start":{"line":103,"column":8},"end":{"line":107,"column":10}},"59":{"start":{"line":104,"column":28},"end":{"line":104,"column":30}},"60":{"start":{"line":106,"column":12},"end":{"line":106,"column":93}},"61":{"start":{"line":106,"column":25},"end":{"line":106,"column":59}},"62":{"start":{"line":110,"column":4},"end":{"line":131,"column":6}},"63":{"start":{"line":111,"column":8},"end":{"line":124,"column":10}},"64":{"start":{"line":112,"column":28},"end":{"line":112,"column":52}},"65":{"start":{"line":113,"column":30},"end":{"line":113,"column":61}},"66":{"start":{"line":115,"column":12},"end":{"line":123,"column":18}},"67":{"start":{"line":117,"column":20},"end":{"line":117,"column":47}},"68":{"start":{"line":119,"column":41},"end":{"line":119,"column":46}},"69":{"start":{"line":121,"column":20},"end":{"line":121,"column":44}},"70":{"start":{"line":122,"column":20},"end":{"line":122,"column":48}},"71":{"start":{"line":126,"column":8},"end":{"line":130,"column":10}},"72":{"start":{"line":127,"column":28},"end":{"line":127,"column":30}},"73":{"start":{"line":129,"column":12},"end":{"line":129,"column":92}},"74":{"start":{"line":129,"column":25},"end":{"line":129,"column":58}}},"fnMap":{"0":{"name":"(anonymous_0)","decl":{"start":{"line":14,"column":24},"end":{"line":14,"column":25}},"loc":{"start":{"line":14,"column":30},"end":{"line":132,"column":1}},"line":14},"1":{"name":"(anonymous_1)","decl":{"start":{"line":15,"column":31},"end":{"line":15,"column":32}},"loc":{"start":{"line":15,"column":37},"end":{"line":34,"column":5}},"line":15},"2":{"name":"(anonymous_2)","decl":{"start":{"line":16,"column":46},"end":{"line":16,"column":47}},"loc":{"start":{"line":16,"column":52},"end":{"line":27,"column":9}},"line":16},"3":{"name":"(anonymous_3)","decl":{"start":{"line":20,"column":22},"end":{"line":20,"column":23}},"loc":{"start":{"line":20,"column":33},"end":{"line":26,"column":17}},"line":20},"4":{"name":"(anonymous_4)","decl":{"start":{"line":25,"column":36},"end":{"line":25,"column":37}},"loc":{"start":{"line":25,"column":50},"end":{"line":25,"column":93}},"line":25},"5":{"name":"(anonymous_5)","decl":{"start":{"line":29,"column":41},"end":{"line":29,"column":42}},"loc":{"start":{"line":29,"column":47},"end":{"line":33,"column":9}},"line":29},"6":{"name":"(anonymous_6)","decl":{"start":{"line":32,"column":19},"end":{"line":32,"column":20}},"loc":{"start":{"line":32,"column":25},"end":{"line":32,"column":56}},"line":32},"7":{"name":"(anonymous_7)","decl":{"start":{"line":36,"column":32},"end":{"line":36,"column":33}},"loc":{"start":{"line":36,"column":38},"end":{"line":52,"column":5}},"line":36},"8":{"name":"(anonymous_8)","decl":{"start":{"line":37,"column":46},"end":{"line":37,"column":47}},"loc":{"start":{"line":37,"column":52},"end":{"line":45,"column":9}},"line":37},"9":{"name":"(anonymous_9)","decl":{"start":{"line":41,"column":22},"end":{"line":41,"column":23}},"loc":{"start":{"line":41,"column":38},"end":{"line":44,"column":17}},"line":41},"10":{"name":"(anonymous_10)","decl":{"start":{"line":47,"column":44},"end":{"line":47,"column":45}},"loc":{"start":{"line":47,"column":56},"end":{"line":51,"column":9}},"line":47},"11":{"name":"(anonymous_11)","decl":{"start":{"line":50,"column":19},"end":{"line":50,"column":20}},"loc":{"start":{"line":50,"column":25},"end":{"line":50,"column":60}},"line":50},"12":{"name":"(anonymous_12)","decl":{"start":{"line":54,"column":32},"end":{"line":54,"column":33}},"loc":{"start":{"line":54,"column":38},"end":{"line":71,"column":5}},"line":54},"13":{"name":"(anonymous_13)","decl":{"start":{"line":55,"column":46},"end":{"line":55,"column":47}},"loc":{"start":{"line":55,"column":52},"end":{"line":64,"column":9}},"line":55},"14":{"name":"(anonymous_14)","decl":{"start":{"line":59,"column":22},"end":{"line":59,"column":23}},"loc":{"start":{"line":59,"column":32},"end":{"line":63,"column":17}},"line":59},"15":{"name":"(anonymous_15)","decl":{"start":{"line":66,"column":44},"end":{"line":66,"column":45}},"loc":{"start":{"line":66,"column":56},"end":{"line":70,"column":9}},"line":66},"16":{"name":"(anonymous_16)","decl":{"start":{"line":69,"column":19},"end":{"line":69,"column":20}},"loc":{"start":{"line":69,"column":25},"end":{"line":69,"column":60}},"line":69},"17":{"name":"(anonymous_17)","decl":{"start":{"line":73,"column":31},"end":{"line":73,"column":32}},"loc":{"start":{"line":73,"column":37},"end":{"line":89,"column":5}},"line":73},"18":{"name":"(anonymous_18)","decl":{"start":{"line":74,"column":46},"end":{"line":74,"column":47}},"loc":{"start":{"line":74,"column":52},"end":{"line":82,"column":9}},"line":74},"19":{"name":"(anonymous_19)","decl":{"start":{"line":78,"column":22},"end":{"line":78,"column":23}},"loc":{"start":{"line":78,"column":38},"end":{"line":81,"column":17}},"line":78},"20":{"name":"(anonymous_20)","decl":{"start":{"line":84,"column":43},"end":{"line":84,"column":44}},"loc":{"start":{"line":84,"column":55},"end":{"line":88,"column":9}},"line":84},"21":{"name":"(anonymous_21)","decl":{"start":{"line":87,"column":19},"end":{"line":87,"column":20}},"loc":{"start":{"line":87,"column":25},"end":{"line":87,"column":58}},"line":87},"22":{"name":"(anonymous_22)","decl":{"start":{"line":91,"column":32},"end":{"line":91,"column":33}},"loc":{"start":{"line":91,"column":38},"end":{"line":108,"column":5}},"line":91},"23":{"name":"(anonymous_23)","decl":{"start":{"line":92,"column":46},"end":{"line":92,"column":47}},"loc":{"start":{"line":92,"column":52},"end":{"line":101,"column":9}},"line":92},"24":{"name":"(anonymous_24)","decl":{"start":{"line":96,"column":22},"end":{"line":96,"column":23}},"loc":{"start":{"line":96,"column":32},"end":{"line":100,"column":17}},"line":96},"25":{"name":"(anonymous_25)","decl":{"start":{"line":103,"column":43},"end":{"line":103,"column":44}},"loc":{"start":{"line":103,"column":55},"end":{"line":107,"column":9}},"line":103},"26":{"name":"(anonymous_26)","decl":{"start":{"line":106,"column":19},"end":{"line":106,"column":20}},"loc":{"start":{"line":106,"column":25},"end":{"line":106,"column":59}},"line":106},"27":{"name":"(anonymous_27)","decl":{"start":{"line":110,"column":31},"end":{"line":110,"column":32}},"loc":{"start":{"line":110,"column":37},"end":{"line":131,"column":5}},"line":110},"28":{"name":"(anonymous_28)","decl":{"start":{"line":111,"column":46},"end":{"line":111,"column":47}},"loc":{"start":{"line":111,"column":52},"end":{"line":124,"column":9}},"line":111},"29":{"name":"(anonymous_29)","decl":{"start":{"line":116,"column":22},"end":{"line":116,"column":23}},"loc":{"start":{"line":116,"column":31},"end":{"line":123,"column":17}},"line":116},"30":{"name":"(anonymous_30)","decl":{"start":{"line":126,"column":43},"end":{"line":126,"column":44}},"loc":{"start":{"line":126,"column":55},"end":{"line":130,"column":9}},"line":126},"31":{"name":"(anonymous_31)","decl":{"start":{"line":129,"column":19},"end":{"line":129,"column":20}},"loc":{"start":{"line":129,"column":25},"end":{"line":129,"column":58}},"line":129}},"branchMap":{},"s":{"0":1,"1":1,"2":1,"3":1,"4":1,"5":1,"6":1,"7":1,"8":1,"9":1,"10":1,"11":1,"12":1,"13":1,"14":1,"15":20,"16":1,"17":1,"18":1,"19":1,"20":1,"21":1,"22":1,"23":1,"24":1,"25":1,"26":1,"27":1,"28":1,"29":1,"30":1,"31":1,"32":1,"33":1,"34":1,"35":1,"36":1,"37":1,"38":1,"39":1,"40":1,"41":1,"42":1,"43":1,"44":1,"45":1,"46":1,"47":1,"48":1,"49":1,"50":1,"51":1,"52":1,"53":1,"54":1,"55":1,"56":1,"57":1,"58":1,"59":1,"60":1,"61":1,"62":1,"63":1,"64":1,"65":1,"66":1,"67":1,"68":1,"69":1,"70":1,"71":1,"72":1,"73":1,"74":1},"f":{"0":1,"1":1,"2":1,"3":1,"4":20,"5":1,"6":1,"7":1,"8":1,"9":1,"10":1,"11":1,"12":1,"13":1,"14":1,"15":1,"16":1,"17":1,"18":1,"19":1,"20":1,"21":1,"22":1,"23":1,"24":1,"25":1,"26":1,"27":1,"28":1,"29":1,"30":1,"31":1},"b":{},"_coverageSchema":"43e27e138ebf9cfc5966b082cf9a028302ed4184","hash":"3b0cde732eede6a36265880659c0f3e9561be38c","contentHash":"2dc1632ca337fd88a70d618edac64071f40296788e8ec56ad20e6f8f0766337d"}}